[0.570s] Invoking command in '/home/arsen/roarm_ws_em0/build/roarm_moveit_ikfast_plugins': CMAKE_PREFIX_PATH=/home/arsen/ros2_ws/install/my_robot_controller:/opt/ros/humble /usr/bin/cmake /home/arsen/roarm_ws_em0/src/roarm_main/roarm_moveit_ikfast_plugins -DCMAKE_INSTALL_PREFIX=/home/arsen/roarm_ws_em0/install/roarm_moveit_ikfast_plugins
[0.611s] -- The C compiler identification is GNU 11.4.0
[0.664s] -- The CXX compiler identification is GNU 11.4.0
[0.670s] -- Detecting C compiler ABI info
[0.734s] -- Detecting C compiler ABI info - done
[0.741s] -- Check for working C compiler: /usr/bin/cc - skipped
[0.741s] -- Detecting C compile features
[0.741s] -- Detecting C compile features - done
[0.744s] -- Detecting CXX compiler ABI info
[0.819s] -- Detecting CXX compiler ABI info - done
[0.831s] -- Check for working CXX compiler: /usr/bin/c++ - skipped
[0.831s] -- Detecting CXX compile features
[0.832s] -- Detecting CXX compile features - done
[0.834s] -- Found ament_cmake: 1.3.11 (/opt/ros/humble/share/ament_cmake/cmake)
[0.987s] -- Found Python3: /usr/bin/python3 (found version "3.10.12") found components: Interpreter 
[1.077s] [31mCMake Error at CMakeLists.txt:11 (find_package):
[1.077s]   By not providing "Findmoveit_core.cmake" in CMAKE_MODULE_PATH this project
[1.077s]   has asked CMake to find a package configuration file provided by
[1.077s]   "moveit_core", but CMake did not find one.
[1.077s] 
[1.078s]   Could not find a package configuration file provided by "moveit_core" with
[1.078s]   any of the following names:
[1.078s] 
[1.078s]     moveit_coreConfig.cmake
[1.078s]     moveit_core-config.cmake
[1.078s] 
[1.078s]   Add the installation prefix of "moveit_core" to CMAKE_PREFIX_PATH or set
[1.078s]   "moveit_core_DIR" to a directory containing one of the above files.  If
[1.078s]   "moveit_core" provides a separate development package or SDK, be sure it
[1.078s]   has been installed.
[1.078s] 
[1.078s] [0m
[1.078s] -- Configuring incomplete, errors occurred!
[1.078s] See also "/home/arsen/roarm_ws_em0/build/roarm_moveit_ikfast_plugins/CMakeFiles/CMakeOutput.log".
