[1.124s] Invoking command in '/home/arsen/roarm_ws_em0/src/roarm_main/roarm_web_app': AMENT_PREFIX_PATH=/home/arsen/roarm_ws_em0/install/ros2web_app:/home/arsen/roarm_ws_em0/install/ros2web:/home/arsen/roarm_ws_em0/install/ros2web_interfaces:${AMENT_PREFIX_PATH} CMAKE_PREFIX_PATH=/home/arsen/roarm_ws_em0/install/ros2web_interfaces LD_LIBRARY_PATH=/home/arsen/roarm_ws_em0/install/ros2web_interfaces/lib:${LD_LIBRARY_PATH} PYTHONPATH=/home/arsen/roarm_ws_em0/build/roarm_web_app/prefix_override:/usr/lib/python3/dist-packages/colcon_core/task/python/colcon_distutils_commands:/home/arsen/roarm_ws_em0/install/roarm_web_app/lib/python3.10/site-packages:/home/arsen/roarm_ws_em0/install/ros2web_app/lib/python3.10/site-packages:/home/arsen/roarm_ws_em0/install/ros2web/lib/python3.10/site-packages:/home/arsen/roarm_ws_em0/install/ros2web_interfaces/local/lib/python3.10/dist-packages:${PYTHONPATH} /usr/bin/python3 -W ignore:setup.py install is deprecated -W ignore:easy_install command is deprecated setup.py egg_info --egg-base ../../../build/roarm_web_app build --build-base /home/arsen/roarm_ws_em0/build/roarm_web_app/build install --record /home/arsen/roarm_ws_em0/build/roarm_web_app/install.log --single-version-externally-managed install_data
[1.411s] running egg_info
[1.412s] creating ../../../build/roarm_web_app/roarm_web_app.egg-info
[1.412s] writing ../../../build/roarm_web_app/roarm_web_app.egg-info/PKG-INFO
[1.412s] writing dependency_links to ../../../build/roarm_web_app/roarm_web_app.egg-info/dependency_links.txt
[1.412s] writing entry points to ../../../build/roarm_web_app/roarm_web_app.egg-info/entry_points.txt
[1.412s] writing requirements to ../../../build/roarm_web_app/roarm_web_app.egg-info/requires.txt
[1.412s] writing top-level names to ../../../build/roarm_web_app/roarm_web_app.egg-info/top_level.txt
[1.413s] writing manifest file '../../../build/roarm_web_app/roarm_web_app.egg-info/SOURCES.txt'
[1.416s] reading manifest file '../../../build/roarm_web_app/roarm_web_app.egg-info/SOURCES.txt'
[1.416s] writing manifest file '../../../build/roarm_web_app/roarm_web_app.egg-info/SOURCES.txt'
[1.416s] running build
[1.417s] running build_py
[1.417s] creating /home/arsen/roarm_ws_em0/build/roarm_web_app/build
[1.417s] creating /home/arsen/roarm_ws_em0/build/roarm_web_app/build/lib
[1.417s] creating /home/arsen/roarm_ws_em0/build/roarm_web_app/build/lib/roarm_web_app
[1.417s] copying roarm_web_app/__init__.py -> /home/arsen/roarm_ws_em0/build/roarm_web_app/build/lib/roarm_web_app
[1.417s] copying roarm_web_app/roarm_web_app.py -> /home/arsen/roarm_ws_em0/build/roarm_web_app/build/lib/roarm_web_app
[1.417s] running install
[1.418s] running install_lib
[1.419s] creating /home/arsen/roarm_ws_em0/install/roarm_web_app/lib/python3.10/site-packages/roarm_web_app
[1.419s] copying /home/arsen/roarm_ws_em0/build/roarm_web_app/build/lib/roarm_web_app/__init__.py -> /home/arsen/roarm_ws_em0/install/roarm_web_app/lib/python3.10/site-packages/roarm_web_app
[1.419s] copying /home/arsen/roarm_ws_em0/build/roarm_web_app/build/lib/roarm_web_app/roarm_web_app.py -> /home/arsen/roarm_ws_em0/install/roarm_web_app/lib/python3.10/site-packages/roarm_web_app
[1.420s] byte-compiling /home/arsen/roarm_ws_em0/install/roarm_web_app/lib/python3.10/site-packages/roarm_web_app/__init__.py to __init__.cpython-310.pyc
[1.420s] byte-compiling /home/arsen/roarm_ws_em0/install/roarm_web_app/lib/python3.10/site-packages/roarm_web_app/roarm_web_app.py to roarm_web_app.cpython-310.pyc
[1.423s] running install_data
[1.423s] creating /home/arsen/roarm_ws_em0/install/roarm_web_app/share/ament_index
[1.423s] creating /home/arsen/roarm_ws_em0/install/roarm_web_app/share/ament_index/resource_index
[1.423s] creating /home/arsen/roarm_ws_em0/install/roarm_web_app/share/ament_index/resource_index/packages
[1.424s] copying resource/roarm_web_app -> /home/arsen/roarm_ws_em0/install/roarm_web_app/share/ament_index/resource_index/packages
[1.424s] copying package.xml -> /home/arsen/roarm_ws_em0/install/roarm_web_app/share/roarm_web_app
[1.424s] running install_egg_info
[1.428s] Copying ../../../build/roarm_web_app/roarm_web_app.egg-info to /home/arsen/roarm_ws_em0/install/roarm_web_app/lib/python3.10/site-packages/roarm_web_app-0.0.0-py3.10.egg-info
[1.429s] running install_scripts
[1.474s] Installing roarm_web_app script to /home/arsen/roarm_ws_em0/install/roarm_web_app/lib/roarm_web_app
[1.474s] writing list of installed files to '/home/arsen/roarm_ws_em0/build/roarm_web_app/install.log'
[1.549s] Invoked command in '/home/arsen/roarm_ws_em0/src/roarm_main/roarm_web_app' returned '0': AMENT_PREFIX_PATH=/home/arsen/roarm_ws_em0/install/ros2web_app:/home/arsen/roarm_ws_em0/install/ros2web:/home/arsen/roarm_ws_em0/install/ros2web_interfaces:${AMENT_PREFIX_PATH} CMAKE_PREFIX_PATH=/home/arsen/roarm_ws_em0/install/ros2web_interfaces LD_LIBRARY_PATH=/home/arsen/roarm_ws_em0/install/ros2web_interfaces/lib:${LD_LIBRARY_PATH} PYTHONPATH=/home/arsen/roarm_ws_em0/build/roarm_web_app/prefix_override:/usr/lib/python3/dist-packages/colcon_core/task/python/colcon_distutils_commands:/home/arsen/roarm_ws_em0/install/roarm_web_app/lib/python3.10/site-packages:/home/arsen/roarm_ws_em0/install/ros2web_app/lib/python3.10/site-packages:/home/arsen/roarm_ws_em0/install/ros2web/lib/python3.10/site-packages:/home/arsen/roarm_ws_em0/install/ros2web_interfaces/local/lib/python3.10/dist-packages:${PYTHONPATH} /usr/bin/python3 -W ignore:setup.py install is deprecated -W ignore:easy_install command is deprecated setup.py egg_info --egg-base ../../../build/roarm_web_app build --build-base /home/arsen/roarm_ws_em0/build/roarm_web_app/build install --record /home/arsen/roarm_ws_em0/build/roarm_web_app/install.log --single-version-externally-managed install_data
