[1.319s] Invoking command in '/home/arsen/roarm_ws_em0/src/roarm_else/launch_api': PYTHONPATH=/home/arsen/roarm_ws_em0/build/launch_api/prefix_override:/usr/lib/python3/dist-packages/colcon_core/task/python/colcon_distutils_commands:/home/arsen/roarm_ws_em0/install/launch_api/lib/python3.10/site-packages:${PYTHONPATH} /usr/bin/python3 -W ignore:setup.py install is deprecated -W ignore:easy_install command is deprecated setup.py egg_info --egg-base ../../../build/launch_api build --build-base /home/arsen/roarm_ws_em0/build/launch_api/build install --record /home/arsen/roarm_ws_em0/build/launch_api/install.log --single-version-externally-managed install_data
[1.643s] running egg_info
[1.644s] writing ../../../build/launch_api/launch_api.egg-info/PKG-INFO
[1.644s] writing dependency_links to ../../../build/launch_api/launch_api.egg-info/dependency_links.txt
[1.644s] writing entry points to ../../../build/launch_api/launch_api.egg-info/entry_points.txt
[1.644s] writing requirements to ../../../build/launch_api/launch_api.egg-info/requires.txt
[1.644s] writing top-level names to ../../../build/launch_api/launch_api.egg-info/top_level.txt
[1.647s] reading manifest file '../../../build/launch_api/launch_api.egg-info/SOURCES.txt'
[1.647s] adding license file 'LICENSE'
[1.648s] writing manifest file '../../../build/launch_api/launch_api.egg-info/SOURCES.txt'
[1.648s] running build
[1.648s] running build_py
[1.651s] running install
[1.651s] running install_lib
[1.653s] running install_data
[1.653s] running install_egg_info
[1.656s] removing '/home/arsen/roarm_ws_em0/install/launch_api/lib/python3.10/site-packages/launch_api-0.0.0-py3.10.egg-info' (and everything under it)
[1.656s] Copying ../../../build/launch_api/launch_api.egg-info to /home/arsen/roarm_ws_em0/install/launch_api/lib/python3.10/site-packages/launch_api-0.0.0-py3.10.egg-info
[1.657s] running install_scripts
[1.679s] writing list of installed files to '/home/arsen/roarm_ws_em0/build/launch_api/install.log'
[1.703s] Invoked command in '/home/arsen/roarm_ws_em0/src/roarm_else/launch_api' returned '0': PYTHONPATH=/home/arsen/roarm_ws_em0/build/launch_api/prefix_override:/usr/lib/python3/dist-packages/colcon_core/task/python/colcon_distutils_commands:/home/arsen/roarm_ws_em0/install/launch_api/lib/python3.10/site-packages:${PYTHONPATH} /usr/bin/python3 -W ignore:setup.py install is deprecated -W ignore:easy_install command is deprecated setup.py egg_info --egg-base ../../../build/launch_api build --build-base /home/arsen/roarm_ws_em0/build/launch_api/build install --record /home/arsen/roarm_ws_em0/build/launch_api/install.log --single-version-externally-managed install_data
