[1.117s] Invoking command in '/home/arsen/roarm_ws_em0/src/roarm_else/ros2web-ros2/examples/ros2web_example_py': AMENT_PREFIX_PATH=/home/arsen/roarm_ws_em0/install/ros2web:/home/arsen/roarm_ws_em0/install/ros2web_interfaces:${AMENT_PREFIX_PATH} CMAKE_PREFIX_PATH=/home/arsen/roarm_ws_em0/install/ros2web_interfaces LD_LIBRARY_PATH=/home/arsen/roarm_ws_em0/install/ros2web_interfaces/lib:${LD_LIBRARY_PATH} PYTHONPATH=/home/arsen/roarm_ws_em0/build/ros2web_example_py/prefix_override:/usr/lib/python3/dist-packages/colcon_core/task/python/colcon_distutils_commands:/home/arsen/roarm_ws_em0/install/ros2web_example_py/lib/python3.10/site-packages:/home/arsen/roarm_ws_em0/install/ros2web/lib/python3.10/site-packages:/home/arsen/roarm_ws_em0/install/ros2web_interfaces/local/lib/python3.10/dist-packages:${PYTHONPATH} /usr/bin/python3 -W ignore:setup.py install is deprecated -W ignore:easy_install command is deprecated setup.py egg_info --egg-base ../../../../../build/ros2web_example_py build --build-base /home/arsen/roarm_ws_em0/build/ros2web_example_py/build install --record /home/arsen/roarm_ws_em0/build/ros2web_example_py/install.log --single-version-externally-managed install_data
[1.358s] running egg_info
[1.359s] creating ../../../../../build/ros2web_example_py/ros2web_example_py.egg-info
[1.359s] writing ../../../../../build/ros2web_example_py/ros2web_example_py.egg-info/PKG-INFO
[1.359s] writing dependency_links to ../../../../../build/ros2web_example_py/ros2web_example_py.egg-info/dependency_links.txt
[1.359s] writing entry points to ../../../../../build/ros2web_example_py/ros2web_example_py.egg-info/entry_points.txt
[1.360s] writing requirements to ../../../../../build/ros2web_example_py/ros2web_example_py.egg-info/requires.txt
[1.360s] writing top-level names to ../../../../../build/ros2web_example_py/ros2web_example_py.egg-info/top_level.txt
[1.360s] writing manifest file '../../../../../build/ros2web_example_py/ros2web_example_py.egg-info/SOURCES.txt'
[1.363s] reading manifest file '../../../../../build/ros2web_example_py/ros2web_example_py.egg-info/SOURCES.txt'
[1.364s] writing manifest file '../../../../../build/ros2web_example_py/ros2web_example_py.egg-info/SOURCES.txt'
[1.364s] running build
[1.364s] running build_py
[1.364s] creating /home/arsen/roarm_ws_em0/build/ros2web_example_py/build
[1.365s] creating /home/arsen/roarm_ws_em0/build/ros2web_example_py/build/lib
[1.365s] creating /home/arsen/roarm_ws_em0/build/ros2web_example_py/build/lib/ros2web_example_py
[1.365s] copying ros2web_example_py/api.py -> /home/arsen/roarm_ws_em0/build/ros2web_example_py/build/lib/ros2web_example_py
[1.365s] copying ros2web_example_py/__init__.py -> /home/arsen/roarm_ws_em0/build/ros2web_example_py/build/lib/ros2web_example_py
[1.365s] copying ros2web_example_py/form.py -> /home/arsen/roarm_ws_em0/build/ros2web_example_py/build/lib/ros2web_example_py
[1.365s] running install
[1.366s] running install_lib
[1.367s] creating /home/arsen/roarm_ws_em0/install/ros2web_example_py/lib/python3.10/site-packages/ros2web_example_py
[1.368s] copying /home/arsen/roarm_ws_em0/build/ros2web_example_py/build/lib/ros2web_example_py/api.py -> /home/arsen/roarm_ws_em0/install/ros2web_example_py/lib/python3.10/site-packages/ros2web_example_py
[1.368s] copying /home/arsen/roarm_ws_em0/build/ros2web_example_py/build/lib/ros2web_example_py/__init__.py -> /home/arsen/roarm_ws_em0/install/ros2web_example_py/lib/python3.10/site-packages/ros2web_example_py
[1.368s] copying /home/arsen/roarm_ws_em0/build/ros2web_example_py/build/lib/ros2web_example_py/form.py -> /home/arsen/roarm_ws_em0/install/ros2web_example_py/lib/python3.10/site-packages/ros2web_example_py
[1.368s] byte-compiling /home/arsen/roarm_ws_em0/install/ros2web_example_py/lib/python3.10/site-packages/ros2web_example_py/api.py to api.cpython-310.pyc
[1.369s] byte-compiling /home/arsen/roarm_ws_em0/install/ros2web_example_py/lib/python3.10/site-packages/ros2web_example_py/__init__.py to __init__.cpython-310.pyc
[1.369s] byte-compiling /home/arsen/roarm_ws_em0/install/ros2web_example_py/lib/python3.10/site-packages/ros2web_example_py/form.py to form.cpython-310.pyc
[1.370s] running install_data
[1.370s] creating /home/arsen/roarm_ws_em0/install/ros2web_example_py/share/ament_index
[1.370s] creating /home/arsen/roarm_ws_em0/install/ros2web_example_py/share/ament_index/resource_index
[1.370s] creating /home/arsen/roarm_ws_em0/install/ros2web_example_py/share/ament_index/resource_index/packages
[1.370s] copying resource/ros2web_example_py -> /home/arsen/roarm_ws_em0/install/ros2web_example_py/share/ament_index/resource_index/packages
[1.371s] copying package.xml -> /home/arsen/roarm_ws_em0/install/ros2web_example_py/share/ros2web_example_py
[1.371s] running install_egg_info
[1.373s] Copying ../../../../../build/ros2web_example_py/ros2web_example_py.egg-info to /home/arsen/roarm_ws_em0/install/ros2web_example_py/lib/python3.10/site-packages/ros2web_example_py-0.0.0-py3.10.egg-info
[1.374s] running install_scripts
[1.399s] Installing api script to /home/arsen/roarm_ws_em0/install/ros2web_example_py/lib/ros2web_example_py
[1.399s] Installing form script to /home/arsen/roarm_ws_em0/install/ros2web_example_py/lib/ros2web_example_py
[1.400s] writing list of installed files to '/home/arsen/roarm_ws_em0/build/ros2web_example_py/install.log'
[1.438s] Invoked command in '/home/arsen/roarm_ws_em0/src/roarm_else/ros2web-ros2/examples/ros2web_example_py' returned '0': AMENT_PREFIX_PATH=/home/arsen/roarm_ws_em0/install/ros2web:/home/arsen/roarm_ws_em0/install/ros2web_interfaces:${AMENT_PREFIX_PATH} CMAKE_PREFIX_PATH=/home/arsen/roarm_ws_em0/install/ros2web_interfaces LD_LIBRARY_PATH=/home/arsen/roarm_ws_em0/install/ros2web_interfaces/lib:${LD_LIBRARY_PATH} PYTHONPATH=/home/arsen/roarm_ws_em0/build/ros2web_example_py/prefix_override:/usr/lib/python3/dist-packages/colcon_core/task/python/colcon_distutils_commands:/home/arsen/roarm_ws_em0/install/ros2web_example_py/lib/python3.10/site-packages:/home/arsen/roarm_ws_em0/install/ros2web/lib/python3.10/site-packages:/home/arsen/roarm_ws_em0/install/ros2web_interfaces/local/lib/python3.10/dist-packages:${PYTHONPATH} /usr/bin/python3 -W ignore:setup.py install is deprecated -W ignore:easy_install command is deprecated setup.py egg_info --egg-base ../../../../../build/ros2web_example_py build --build-base /home/arsen/roarm_ws_em0/build/ros2web_example_py/build install --record /home/arsen/roarm_ws_em0/build/ros2web_example_py/install.log --single-version-externally-managed install_data
