[1.255s] Invoking command in '/home/arsen/roarm_ws_em0/src/roarm_main/roarm_driver': PYTHONPATH=/home/arsen/roarm_ws_em0/build/roarm_driver/prefix_override:/usr/lib/python3/dist-packages/colcon_core/task/python/colcon_distutils_commands:/home/arsen/roarm_ws_em0/install/roarm_driver/lib/python3.10/site-packages:${PYTHONPATH} /usr/bin/python3 -W ignore:setup.py install is deprecated -W ignore:easy_install command is deprecated setup.py egg_info --egg-base ../../../build/roarm_driver build --build-base /home/arsen/roarm_ws_em0/build/roarm_driver/build install --record /home/arsen/roarm_ws_em0/build/roarm_driver/install.log --single-version-externally-managed install_data
[1.570s] running egg_info
[1.571s] writing ../../../build/roarm_driver/roarm_driver.egg-info/PKG-INFO
[1.571s] writing dependency_links to ../../../build/roarm_driver/roarm_driver.egg-info/dependency_links.txt
[1.571s] writing entry points to ../../../build/roarm_driver/roarm_driver.egg-info/entry_points.txt
[1.571s] writing requirements to ../../../build/roarm_driver/roarm_driver.egg-info/requires.txt
[1.571s] writing top-level names to ../../../build/roarm_driver/roarm_driver.egg-info/top_level.txt
[1.574s] reading manifest file '../../../build/roarm_driver/roarm_driver.egg-info/SOURCES.txt'
[1.575s] writing manifest file '../../../build/roarm_driver/roarm_driver.egg-info/SOURCES.txt'
[1.575s] running build
[1.575s] running build_py
[1.575s] copying roarm_driver/roarm_driver.py -> /home/arsen/roarm_ws_em0/build/roarm_driver/build/lib/roarm_driver
[1.575s] running install
[1.576s] running install_lib
[1.576s] copying /home/arsen/roarm_ws_em0/build/roarm_driver/build/lib/roarm_driver/roarm_driver.py -> /home/arsen/roarm_ws_em0/install/roarm_driver/lib/python3.10/site-packages/roarm_driver
[1.577s] byte-compiling /home/arsen/roarm_ws_em0/install/roarm_driver/lib/python3.10/site-packages/roarm_driver/roarm_driver.py to roarm_driver.cpython-310.pyc
[1.580s] running install_data
[1.580s] running install_egg_info
[1.582s] removing '/home/arsen/roarm_ws_em0/install/roarm_driver/lib/python3.10/site-packages/roarm_driver-0.0.0-py3.10.egg-info' (and everything under it)
[1.582s] Copying ../../../build/roarm_driver/roarm_driver.egg-info to /home/arsen/roarm_ws_em0/install/roarm_driver/lib/python3.10/site-packages/roarm_driver-0.0.0-py3.10.egg-info
[1.584s] running install_scripts
[1.609s] Installing joint_state script to /home/arsen/roarm_ws_em0/install/roarm_driver/lib/roarm_driver
[1.609s] Installing roarm_driver script to /home/arsen/roarm_ws_em0/install/roarm_driver/lib/roarm_driver
[1.609s] writing list of installed files to '/home/arsen/roarm_ws_em0/build/roarm_driver/install.log'
[1.638s] Invoked command in '/home/arsen/roarm_ws_em0/src/roarm_main/roarm_driver' returned '0': PYTHONPATH=/home/arsen/roarm_ws_em0/build/roarm_driver/prefix_override:/usr/lib/python3/dist-packages/colcon_core/task/python/colcon_distutils_commands:/home/arsen/roarm_ws_em0/install/roarm_driver/lib/python3.10/site-packages:${PYTHONPATH} /usr/bin/python3 -W ignore:setup.py install is deprecated -W ignore:easy_install command is deprecated setup.py egg_info --egg-base ../../../build/roarm_driver build --build-base /home/arsen/roarm_ws_em0/build/roarm_driver/build install --record /home/arsen/roarm_ws_em0/build/roarm_driver/install.log --single-version-externally-managed install_data
