running develop
Removing /home/arsen/roarm_ws_em0/install/ros2web_widgets/lib/python3.10/site-packages/ros2web-widgets.egg-link (link to .)
running egg_info
writing ../../../../../build/ros2web_widgets/ros2web_widgets.egg-info/PKG-INFO
writing dependency_links to ../../../../../build/ros2web_widgets/ros2web_widgets.egg-info/dependency_links.txt
writing entry points to ../../../../../build/ros2web_widgets/ros2web_widgets.egg-info/entry_points.txt
writing requirements to ../../../../../build/ros2web_widgets/ros2web_widgets.egg-info/requires.txt
writing top-level names to ../../../../../build/ros2web_widgets/ros2web_widgets.egg-info/top_level.txt
reading manifest file '../../../../../build/ros2web_widgets/ros2web_widgets.egg-info/SOURCES.txt'
writing manifest file '../../../../../build/ros2web_widgets/ros2web_widgets.egg-info/SOURCES.txt'
running build
running build_py
running install
running install_lib
creating /home/arsen/roarm_ws_em0/install/ros2web_widgets/lib/python3.10/site-packages/ros2web_widgets
copying /home/arsen/roarm_ws_em0/build/ros2web_widgets/build/lib/ros2web_widgets/__init__.py -> /home/arsen/roarm_ws_em0/install/ros2web_widgets/lib/python3.10/site-packages/ros2web_widgets
copying /home/arsen/roarm_ws_em0/build/ros2web_widgets/build/lib/ros2web_widgets/widgets.py -> /home/arsen/roarm_ws_em0/install/ros2web_widgets/lib/python3.10/site-packages/ros2web_widgets
byte-compiling /home/arsen/roarm_ws_em0/install/ros2web_widgets/lib/python3.10/site-packages/ros2web_widgets/__init__.py to __init__.cpython-310.pyc
byte-compiling /home/arsen/roarm_ws_em0/install/ros2web_widgets/lib/python3.10/site-packages/ros2web_widgets/widgets.py to widgets.cpython-310.pyc
running install_data
copying resource/ros2web_widgets -> /home/arsen/roarm_ws_em0/install/ros2web_widgets/share/ament_index/resource_index/packages
copying package.xml -> /home/arsen/roarm_ws_em0/install/ros2web_widgets/share/ros2web_widgets
running install_egg_info
Copying ../../../../../build/ros2web_widgets/ros2web_widgets.egg-info to /home/arsen/roarm_ws_em0/install/ros2web_widgets/lib/python3.10/site-packages/ros2web_widgets-0.0.0-py3.10.egg-info
running install_scripts
Installing widgets script to /home/arsen/roarm_ws_em0/install/ros2web_widgets/lib/ros2web_widgets
writing list of installed files to '/home/arsen/roarm_ws_em0/build/ros2web_widgets/install.log'
