[0.033s] Invoking command in '/home/arsen/roarm_ws_em0/build/roarm_description': CMAKE_PREFIX_PATH=${CMAKE_PREFIX_PATH}:/home/arsen/roarm_ws_em0/install/ros2web_widgets:/home/arsen/roarm_ws_em0/install/ros2web_example_py:/home/arsen/roarm_ws_em0/install/roarm_web_app:/home/arsen/roarm_ws_em0/install/ros2web_app:/home/arsen/roarm_ws_em0/install/ros2web:/home/arsen/roarm_ws_em0/install/roarm_driver:/home/arsen/roarm_ws_em0/install/launch_api:/home/arsen/ros2_ws/install/my_robot_controller:/opt/ros/humble /usr/bin/cmake --build /home/arsen/roarm_ws_em0/build/roarm_description -- -j8 -l8
[0.663s] Invoked command in '/home/arsen/roarm_ws_em0/build/roarm_description' returned '0': CMAKE_PREFIX_PATH=${CMAKE_PREFIX_PATH}:/home/arsen/roarm_ws_em0/install/ros2web_widgets:/home/arsen/roarm_ws_em0/install/ros2web_example_py:/home/arsen/roarm_ws_em0/install/roarm_web_app:/home/arsen/roarm_ws_em0/install/ros2web_app:/home/arsen/roarm_ws_em0/install/ros2web:/home/arsen/roarm_ws_em0/install/roarm_driver:/home/arsen/roarm_ws_em0/install/launch_api:/home/arsen/ros2_ws/install/my_robot_controller:/opt/ros/humble /usr/bin/cmake --build /home/arsen/roarm_ws_em0/build/roarm_description -- -j8 -l8
[0.670s] Invoking command in '/home/arsen/roarm_ws_em0/build/roarm_description': CMAKE_PREFIX_PATH=${CMAKE_PREFIX_PATH}:/home/arsen/roarm_ws_em0/install/ros2web_widgets:/home/arsen/roarm_ws_em0/install/ros2web_example_py:/home/arsen/roarm_ws_em0/install/roarm_web_app:/home/arsen/roarm_ws_em0/install/ros2web_app:/home/arsen/roarm_ws_em0/install/ros2web:/home/arsen/roarm_ws_em0/install/roarm_driver:/home/arsen/roarm_ws_em0/install/launch_api:/home/arsen/ros2_ws/install/my_robot_controller:/opt/ros/humble /usr/bin/cmake --install /home/arsen/roarm_ws_em0/build/roarm_description
[0.681s] -- Install configuration: ""
[0.681s] -- Up-to-date: /home/arsen/roarm_ws_em0/install/roarm_description/share/roarm_description/config
[0.681s] -- Up-to-date: /home/arsen/roarm_ws_em0/install/roarm_description/share/roarm_description/config/roarm_description.rviz
[0.681s] -- Up-to-date: /home/arsen/roarm_ws_em0/install/roarm_description/share/roarm_description/config/joint_names_roarm.yaml
[0.682s] -- Up-to-date: /home/arsen/roarm_ws_em0/install/roarm_description/share/roarm_description/launch
[0.682s] -- Up-to-date: /home/arsen/roarm_ws_em0/install/roarm_description/share/roarm_description/launch/display.launch.py
[0.682s] -- Up-to-date: /home/arsen/roarm_ws_em0/install/roarm_description/share/roarm_description/meshes
[0.682s] -- Up-to-date: /home/arsen/roarm_ws_em0/install/roarm_description/share/roarm_description/meshes/gripper_link.STL
[0.682s] -- Up-to-date: /home/arsen/roarm_ws_em0/install/roarm_description/share/roarm_description/meshes/link2.STL
[0.682s] -- Up-to-date: /home/arsen/roarm_ws_em0/install/roarm_description/share/roarm_description/meshes/base_link.STL
[0.682s] -- Up-to-date: /home/arsen/roarm_ws_em0/install/roarm_description/share/roarm_description/meshes/link3.STL
[0.683s] -- Up-to-date: /home/arsen/roarm_ws_em0/install/roarm_description/share/roarm_description/meshes/link1.STL
[0.683s] -- Up-to-date: /home/arsen/roarm_ws_em0/install/roarm_description/share/roarm_description/urdf
[0.683s] -- Up-to-date: /home/arsen/roarm_ws_em0/install/roarm_description/share/roarm_description/urdf/roarm_description.csv
[0.683s] -- Up-to-date: /home/arsen/roarm_ws_em0/install/roarm_description/share/roarm_description/urdf/roarm_description_web_app.urdf
[0.683s] -- Up-to-date: /home/arsen/roarm_ws_em0/install/roarm_description/share/roarm_description/urdf/roarm_description.urdf
[0.683s] -- Up-to-date: /home/arsen/roarm_ws_em0/install/roarm_description/share/ament_index/resource_index/package_run_dependencies/roarm_description
[0.683s] -- Up-to-date: /home/arsen/roarm_ws_em0/install/roarm_description/share/ament_index/resource_index/parent_prefix_path/roarm_description
[0.683s] -- Up-to-date: /home/arsen/roarm_ws_em0/install/roarm_description/share/roarm_description/environment/ament_prefix_path.sh
[0.684s] -- Up-to-date: /home/arsen/roarm_ws_em0/install/roarm_description/share/roarm_description/environment/ament_prefix_path.dsv
[0.684s] -- Up-to-date: /home/arsen/roarm_ws_em0/install/roarm_description/share/roarm_description/environment/path.sh
[0.685s] -- Up-to-date: /home/arsen/roarm_ws_em0/install/roarm_description/share/roarm_description/environment/path.dsv
[0.686s] -- Up-to-date: /home/arsen/roarm_ws_em0/install/roarm_description/share/roarm_description/local_setup.bash
[0.686s] -- Up-to-date: /home/arsen/roarm_ws_em0/install/roarm_description/share/roarm_description/local_setup.sh
[0.686s] -- Up-to-date: /home/arsen/roarm_ws_em0/install/roarm_description/share/roarm_description/local_setup.zsh
[0.686s] -- Up-to-date: /home/arsen/roarm_ws_em0/install/roarm_description/share/roarm_description/local_setup.dsv
[0.687s] -- Installing: /home/arsen/roarm_ws_em0/install/roarm_description/share/roarm_description/package.dsv
[0.687s] -- Up-to-date: /home/arsen/roarm_ws_em0/install/roarm_description/share/ament_index/resource_index/packages/roarm_description
[0.687s] -- Up-to-date: /home/arsen/roarm_ws_em0/install/roarm_description/share/roarm_description/cmake/roarm_descriptionConfig.cmake
[0.687s] -- Up-to-date: /home/arsen/roarm_ws_em0/install/roarm_description/share/roarm_description/cmake/roarm_descriptionConfig-version.cmake
[0.687s] -- Up-to-date: /home/arsen/roarm_ws_em0/install/roarm_description/share/roarm_description/package.xml
[0.750s] Invoked command in '/home/arsen/roarm_ws_em0/build/roarm_description' returned '0': CMAKE_PREFIX_PATH=${CMAKE_PREFIX_PATH}:/home/arsen/roarm_ws_em0/install/ros2web_widgets:/home/arsen/roarm_ws_em0/install/ros2web_example_py:/home/arsen/roarm_ws_em0/install/roarm_web_app:/home/arsen/roarm_ws_em0/install/ros2web_app:/home/arsen/roarm_ws_em0/install/ros2web:/home/arsen/roarm_ws_em0/install/roarm_driver:/home/arsen/roarm_ws_em0/install/launch_api:/home/arsen/ros2_ws/install/my_robot_controller:/opt/ros/humble /usr/bin/cmake --install /home/arsen/roarm_ws_em0/build/roarm_description
