[0.853s] Invoking command in '/home/arsen/roarm_ws_em0/build/ros2web_app': AMENT_PREFIX_PATH=/home/arsen/roarm_ws_em0/install/ros2web:/home/arsen/roarm_ws_em0/install/ros2web_widgets:/home/arsen/roarm_ws_em0/install/ros2web_example_py:/home/arsen/roarm_ws_em0/install/roarm_web_app:/home/arsen/roarm_ws_em0/install/ros2web_app:/home/arsen/roarm_ws_em0/install/ros2web_interfaces:/home/arsen/roarm_ws_em0/install/roarm_moveit_ikfast_plugins:/home/arsen/roarm_ws_em0/install/roarm_moveit_cmd:/home/arsen/roarm_ws_em0/install/roarm_moveit:/home/arsen/roarm_ws_em0/install/roarm_driver:/home/arsen/roarm_ws_em0/install/roarm_description:/home/arsen/roarm_ws_em0/install/moveit_servo:/home/arsen/roarm_ws_em0/install/launch_api:/home/arsen/ros2_ws/install/my_robot_controller:/opt/ros/humble PYTHONPATH=/home/arsen/roarm_ws_em0/build/ros2web_app/prefix_override:/usr/lib/python3/dist-packages/colcon_core/task/python/colcon_distutils_commands:/home/arsen/roarm_ws_em0/install/ros2web_app/lib/python3.10/site-packages:/home/arsen/roarm_ws_em0/install/ros2web/lib/python3.10/site-packages:/home/arsen/roarm_ws_em0/build/ros2web_widgets:/home/arsen/roarm_ws_em0/install/ros2web_widgets/lib/python3.10/site-packages:/home/arsen/roarm_ws_em0/build/ros2web_example_py:/home/arsen/roarm_ws_em0/install/ros2web_example_py/lib/python3.10/site-packages:/home/arsen/roarm_ws_em0/build/roarm_web_app:/home/arsen/roarm_ws_em0/install/roarm_web_app/lib/python3.10/site-packages:/home/arsen/roarm_ws_em0/build/ros2web_app:/home/arsen/roarm_ws_em0/install/ros2web_app/lib/python3.10/site-packages:/home/arsen/roarm_ws_em0/build/ros2web:/home/arsen/roarm_ws_em0/install/ros2web_interfaces/local/lib/python3.10/dist-packages:/home/arsen/roarm_ws_em0/install/roarm_moveit/local/lib/python3.10/dist-packages:/home/arsen/roarm_ws_em0/install/roarm_driver/lib/python3.10/site-packages:/home/arsen/roarm_ws_em0/build/launch_api:/home/arsen/roarm_ws_em0/install/launch_api/lib/python3.10/site-packages:/home/arsen/ros2_ws/build/my_robot_controller:/home/arsen/ros2_ws/install/my_robot_controller/lib/python3.10/site-packages:/opt/ros/humble/lib/python3.10/site-packages:/opt/ros/humble/local/lib/python3.10/dist-packages /usr/bin/python3 -W ignore:setup.py install is deprecated -W ignore:easy_install command is deprecated setup.py develop --uninstall --editable --build-directory /home/arsen/roarm_ws_em0/build/ros2web_app/build
[1.104s] running develop
[1.266s] Removing /home/arsen/roarm_ws_em0/install/ros2web_app/lib/python3.10/site-packages/ros2web-app.egg-link (link to .)
[1.297s] Invoked command in '/home/arsen/roarm_ws_em0/build/ros2web_app' returned '0': AMENT_PREFIX_PATH=/home/arsen/roarm_ws_em0/install/ros2web:/home/arsen/roarm_ws_em0/install/ros2web_widgets:/home/arsen/roarm_ws_em0/install/ros2web_example_py:/home/arsen/roarm_ws_em0/install/roarm_web_app:/home/arsen/roarm_ws_em0/install/ros2web_app:/home/arsen/roarm_ws_em0/install/ros2web_interfaces:/home/arsen/roarm_ws_em0/install/roarm_moveit_ikfast_plugins:/home/arsen/roarm_ws_em0/install/roarm_moveit_cmd:/home/arsen/roarm_ws_em0/install/roarm_moveit:/home/arsen/roarm_ws_em0/install/roarm_driver:/home/arsen/roarm_ws_em0/install/roarm_description:/home/arsen/roarm_ws_em0/install/moveit_servo:/home/arsen/roarm_ws_em0/install/launch_api:/home/arsen/ros2_ws/install/my_robot_controller:/opt/ros/humble PYTHONPATH=/home/arsen/roarm_ws_em0/build/ros2web_app/prefix_override:/usr/lib/python3/dist-packages/colcon_core/task/python/colcon_distutils_commands:/home/arsen/roarm_ws_em0/install/ros2web_app/lib/python3.10/site-packages:/home/arsen/roarm_ws_em0/install/ros2web/lib/python3.10/site-packages:/home/arsen/roarm_ws_em0/build/ros2web_widgets:/home/arsen/roarm_ws_em0/install/ros2web_widgets/lib/python3.10/site-packages:/home/arsen/roarm_ws_em0/build/ros2web_example_py:/home/arsen/roarm_ws_em0/install/ros2web_example_py/lib/python3.10/site-packages:/home/arsen/roarm_ws_em0/build/roarm_web_app:/home/arsen/roarm_ws_em0/install/roarm_web_app/lib/python3.10/site-packages:/home/arsen/roarm_ws_em0/build/ros2web_app:/home/arsen/roarm_ws_em0/install/ros2web_app/lib/python3.10/site-packages:/home/arsen/roarm_ws_em0/build/ros2web:/home/arsen/roarm_ws_em0/install/ros2web_interfaces/local/lib/python3.10/dist-packages:/home/arsen/roarm_ws_em0/install/roarm_moveit/local/lib/python3.10/dist-packages:/home/arsen/roarm_ws_em0/install/roarm_driver/lib/python3.10/site-packages:/home/arsen/roarm_ws_em0/build/launch_api:/home/arsen/roarm_ws_em0/install/launch_api/lib/python3.10/site-packages:/home/arsen/ros2_ws/build/my_robot_controller:/home/arsen/ros2_ws/install/my_robot_controller/lib/python3.10/site-packages:/opt/ros/humble/lib/python3.10/site-packages:/opt/ros/humble/local/lib/python3.10/dist-packages /usr/bin/python3 -W ignore:setup.py install is deprecated -W ignore:easy_install command is deprecated setup.py develop --uninstall --editable --build-directory /home/arsen/roarm_ws_em0/build/ros2web_app/build
[1.298s] Invoking command in '/home/arsen/roarm_ws_em0/src/roarm_else/ros2web_app/ros2web_app': AMENT_PREFIX_PATH=/home/arsen/roarm_ws_em0/install/ros2web:/home/arsen/roarm_ws_em0/install/ros2web_widgets:/home/arsen/roarm_ws_em0/install/ros2web_example_py:/home/arsen/roarm_ws_em0/install/roarm_web_app:/home/arsen/roarm_ws_em0/install/ros2web_app:/home/arsen/roarm_ws_em0/install/ros2web_interfaces:/home/arsen/roarm_ws_em0/install/roarm_moveit_ikfast_plugins:/home/arsen/roarm_ws_em0/install/roarm_moveit_cmd:/home/arsen/roarm_ws_em0/install/roarm_moveit:/home/arsen/roarm_ws_em0/install/roarm_driver:/home/arsen/roarm_ws_em0/install/roarm_description:/home/arsen/roarm_ws_em0/install/moveit_servo:/home/arsen/roarm_ws_em0/install/launch_api:/home/arsen/ros2_ws/install/my_robot_controller:/opt/ros/humble PYTHONPATH=/home/arsen/roarm_ws_em0/build/ros2web_app/prefix_override:/usr/lib/python3/dist-packages/colcon_core/task/python/colcon_distutils_commands:/home/arsen/roarm_ws_em0/install/ros2web_app/lib/python3.10/site-packages:/home/arsen/roarm_ws_em0/install/ros2web/lib/python3.10/site-packages:/home/arsen/roarm_ws_em0/build/ros2web_widgets:/home/arsen/roarm_ws_em0/install/ros2web_widgets/lib/python3.10/site-packages:/home/arsen/roarm_ws_em0/build/ros2web_example_py:/home/arsen/roarm_ws_em0/install/ros2web_example_py/lib/python3.10/site-packages:/home/arsen/roarm_ws_em0/build/roarm_web_app:/home/arsen/roarm_ws_em0/install/roarm_web_app/lib/python3.10/site-packages:/home/arsen/roarm_ws_em0/build/ros2web_app:/home/arsen/roarm_ws_em0/install/ros2web_app/lib/python3.10/site-packages:/home/arsen/roarm_ws_em0/build/ros2web:/home/arsen/roarm_ws_em0/install/ros2web_interfaces/local/lib/python3.10/dist-packages:/home/arsen/roarm_ws_em0/install/roarm_moveit/local/lib/python3.10/dist-packages:/home/arsen/roarm_ws_em0/install/roarm_driver/lib/python3.10/site-packages:/home/arsen/roarm_ws_em0/build/launch_api:/home/arsen/roarm_ws_em0/install/launch_api/lib/python3.10/site-packages:/home/arsen/ros2_ws/build/my_robot_controller:/home/arsen/ros2_ws/install/my_robot_controller/lib/python3.10/site-packages:/opt/ros/humble/lib/python3.10/site-packages:/opt/ros/humble/local/lib/python3.10/dist-packages /usr/bin/python3 -W ignore:setup.py install is deprecated -W ignore:easy_install command is deprecated setup.py egg_info --egg-base ../../../../build/ros2web_app build --build-base /home/arsen/roarm_ws_em0/build/ros2web_app/build install --record /home/arsen/roarm_ws_em0/build/ros2web_app/install.log --single-version-externally-managed install_data --force
[1.535s] running egg_info
[1.536s] writing ../../../../build/ros2web_app/ros2web_app.egg-info/PKG-INFO
[1.536s] writing dependency_links to ../../../../build/ros2web_app/ros2web_app.egg-info/dependency_links.txt
[1.537s] writing entry points to ../../../../build/ros2web_app/ros2web_app.egg-info/entry_points.txt
[1.537s] writing requirements to ../../../../build/ros2web_app/ros2web_app.egg-info/requires.txt
[1.537s] writing top-level names to ../../../../build/ros2web_app/ros2web_app.egg-info/top_level.txt
[1.540s] reading manifest file '../../../../build/ros2web_app/ros2web_app.egg-info/SOURCES.txt'
[1.542s] writing manifest file '../../../../build/ros2web_app/ros2web_app.egg-info/SOURCES.txt'
[1.542s] running build
[1.542s] running build_py
[1.544s] running install
[1.545s] running install_lib
[1.545s] creating /home/arsen/roarm_ws_em0/install/ros2web_app/lib/python3.10/site-packages/ros2web_app
[1.546s] creating /home/arsen/roarm_ws_em0/install/ros2web_app/lib/python3.10/site-packages/ros2web_app/handler
[1.546s] copying /home/arsen/roarm_ws_em0/build/ros2web_app/build/lib/ros2web_app/handler/web_rtc.py -> /home/arsen/roarm_ws_em0/install/ros2web_app/lib/python3.10/site-packages/ros2web_app/handler
[1.546s] copying /home/arsen/roarm_ws_em0/build/ros2web_app/build/lib/ros2web_app/handler/__init__.py -> /home/arsen/roarm_ws_em0/install/ros2web_app/lib/python3.10/site-packages/ros2web_app/handler
[1.546s] creating /home/arsen/roarm_ws_em0/install/ros2web_app/lib/python3.10/site-packages/ros2web_app/handler/track
[1.546s] copying /home/arsen/roarm_ws_em0/build/ros2web_app/build/lib/ros2web_app/handler/track/image.py -> /home/arsen/roarm_ws_em0/install/ros2web_app/lib/python3.10/site-packages/ros2web_app/handler/track
[1.547s] copying /home/arsen/roarm_ws_em0/build/ros2web_app/build/lib/ros2web_app/handler/track/__init__.py -> /home/arsen/roarm_ws_em0/install/ros2web_app/lib/python3.10/site-packages/ros2web_app/handler/track
[1.547s] copying /home/arsen/roarm_ws_em0/build/ros2web_app/build/lib/ros2web_app/handler/app.py -> /home/arsen/roarm_ws_em0/install/ros2web_app/lib/python3.10/site-packages/ros2web_app/handler
[1.547s] creating /home/arsen/roarm_ws_em0/install/ros2web_app/lib/python3.10/site-packages/ros2web_app/boilerplate
[1.547s] copying /home/arsen/roarm_ws_em0/build/ros2web_app/build/lib/ros2web_app/boilerplate/__init__.py -> /home/arsen/roarm_ws_em0/install/ros2web_app/lib/python3.10/site-packages/ros2web_app/boilerplate
[1.547s] copying /home/arsen/roarm_ws_em0/build/ros2web_app/build/lib/ros2web_app/boilerplate/template.py -> /home/arsen/roarm_ws_em0/install/ros2web_app/lib/python3.10/site-packages/ros2web_app/boilerplate
[1.547s] copying /home/arsen/roarm_ws_em0/build/ros2web_app/build/lib/ros2web_app/__init__.py -> /home/arsen/roarm_ws_em0/install/ros2web_app/lib/python3.10/site-packages/ros2web_app
[1.547s] creating /home/arsen/roarm_ws_em0/install/ros2web_app/lib/python3.10/site-packages/ros2web_app/verb
[1.548s] copying /home/arsen/roarm_ws_em0/build/ros2web_app/build/lib/ros2web_app/verb/__init__.py -> /home/arsen/roarm_ws_em0/install/ros2web_app/lib/python3.10/site-packages/ros2web_app/verb
[1.548s] copying /home/arsen/roarm_ws_em0/build/ros2web_app/build/lib/ros2web_app/verb/create.py -> /home/arsen/roarm_ws_em0/install/ros2web_app/lib/python3.10/site-packages/ros2web_app/verb
[1.548s] creating /home/arsen/roarm_ws_em0/install/ros2web_app/lib/python3.10/site-packages/ros2web_app/data
[1.548s] copying /home/arsen/roarm_ws_em0/build/ros2web_app/build/lib/ros2web_app/data/config.yml -> /home/arsen/roarm_ws_em0/install/ros2web_app/lib/python3.10/site-packages/ros2web_app/data
[1.548s] creating /home/arsen/roarm_ws_em0/install/ros2web_app/lib/python3.10/site-packages/ros2web_app/data/public
[1.548s] copying /home/arsen/roarm_ws_em0/build/ros2web_app/build/lib/ros2web_app/data/public/index.html -> /home/arsen/roarm_ws_em0/install/ros2web_app/lib/python3.10/site-packages/ros2web_app/data/public
[1.549s] creating /home/arsen/roarm_ws_em0/install/ros2web_app/lib/python3.10/site-packages/ros2web_app/utilities
[1.549s] copying /home/arsen/roarm_ws_em0/build/ros2web_app/build/lib/ros2web_app/utilities/__init__.py -> /home/arsen/roarm_ws_em0/install/ros2web_app/lib/python3.10/site-packages/ros2web_app/utilities
[1.549s] creating /home/arsen/roarm_ws_em0/install/ros2web_app/lib/python3.10/site-packages/ros2web_app/utilities/ros
[1.549s] copying /home/arsen/roarm_ws_em0/build/ros2web_app/build/lib/ros2web_app/utilities/ros/service.py -> /home/arsen/roarm_ws_em0/install/ros2web_app/lib/python3.10/site-packages/ros2web_app/utilities/ros
[1.549s] copying /home/arsen/roarm_ws_em0/build/ros2web_app/build/lib/ros2web_app/utilities/ros/__init__.py -> /home/arsen/roarm_ws_em0/install/ros2web_app/lib/python3.10/site-packages/ros2web_app/utilities/ros
[1.549s] copying /home/arsen/roarm_ws_em0/build/ros2web_app/build/lib/ros2web_app/utilities/ros/param.py -> /home/arsen/roarm_ws_em0/install/ros2web_app/lib/python3.10/site-packages/ros2web_app/utilities/ros
[1.549s] copying /home/arsen/roarm_ws_em0/build/ros2web_app/build/lib/ros2web_app/utilities/ros_node.py -> /home/arsen/roarm_ws_em0/install/ros2web_app/lib/python3.10/site-packages/ros2web_app/utilities
[1.550s] copying /home/arsen/roarm_ws_em0/build/ros2web_app/build/lib/ros2web_app/utilities/yaml.py -> /home/arsen/roarm_ws_em0/install/ros2web_app/lib/python3.10/site-packages/ros2web_app/utilities
[1.550s] creating /home/arsen/roarm_ws_em0/install/ros2web_app/lib/python3.10/site-packages/ros2web_app/api
[1.550s] copying /home/arsen/roarm_ws_em0/build/ros2web_app/build/lib/ros2web_app/api/__init__.py -> /home/arsen/roarm_ws_em0/install/ros2web_app/lib/python3.10/site-packages/ros2web_app/api
[1.550s] copying /home/arsen/roarm_ws_em0/build/ros2web_app/build/lib/ros2web_app/api/app_base.py -> /home/arsen/roarm_ws_em0/install/ros2web_app/lib/python3.10/site-packages/ros2web_app/api
[1.550s] copying /home/arsen/roarm_ws_em0/build/ros2web_app/build/lib/ros2web_app/api/state.py -> /home/arsen/roarm_ws_em0/install/ros2web_app/lib/python3.10/site-packages/ros2web_app/api
[1.550s] copying /home/arsen/roarm_ws_em0/build/ros2web_app/build/lib/ros2web_app/app.py -> /home/arsen/roarm_ws_em0/install/ros2web_app/lib/python3.10/site-packages/ros2web_app
[1.551s] byte-compiling /home/arsen/roarm_ws_em0/install/ros2web_app/lib/python3.10/site-packages/ros2web_app/handler/web_rtc.py to web_rtc.cpython-310.pyc
[1.552s] byte-compiling /home/arsen/roarm_ws_em0/install/ros2web_app/lib/python3.10/site-packages/ros2web_app/handler/__init__.py to __init__.cpython-310.pyc
[1.552s] byte-compiling /home/arsen/roarm_ws_em0/install/ros2web_app/lib/python3.10/site-packages/ros2web_app/handler/track/image.py to image.cpython-310.pyc
[1.552s] byte-compiling /home/arsen/roarm_ws_em0/install/ros2web_app/lib/python3.10/site-packages/ros2web_app/handler/track/__init__.py to __init__.cpython-310.pyc
[1.553s] byte-compiling /home/arsen/roarm_ws_em0/install/ros2web_app/lib/python3.10/site-packages/ros2web_app/handler/app.py to app.cpython-310.pyc
[1.553s] byte-compiling /home/arsen/roarm_ws_em0/install/ros2web_app/lib/python3.10/site-packages/ros2web_app/boilerplate/__init__.py to __init__.cpython-310.pyc
[1.553s] byte-compiling /home/arsen/roarm_ws_em0/install/ros2web_app/lib/python3.10/site-packages/ros2web_app/boilerplate/template.py to template.cpython-310.pyc
[1.554s] byte-compiling /home/arsen/roarm_ws_em0/install/ros2web_app/lib/python3.10/site-packages/ros2web_app/__init__.py to __init__.cpython-310.pyc
[1.554s] byte-compiling /home/arsen/roarm_ws_em0/install/ros2web_app/lib/python3.10/site-packages/ros2web_app/verb/__init__.py to __init__.cpython-310.pyc
[1.555s] byte-compiling /home/arsen/roarm_ws_em0/install/ros2web_app/lib/python3.10/site-packages/ros2web_app/verb/create.py to create.cpython-310.pyc
[1.555s] byte-compiling /home/arsen/roarm_ws_em0/install/ros2web_app/lib/python3.10/site-packages/ros2web_app/utilities/__init__.py to __init__.cpython-310.pyc
[1.555s] byte-compiling /home/arsen/roarm_ws_em0/install/ros2web_app/lib/python3.10/site-packages/ros2web_app/utilities/ros/service.py to service.cpython-310.pyc
[1.556s] byte-compiling /home/arsen/roarm_ws_em0/install/ros2web_app/lib/python3.10/site-packages/ros2web_app/utilities/ros/__init__.py to __init__.cpython-310.pyc
[1.556s] byte-compiling /home/arsen/roarm_ws_em0/install/ros2web_app/lib/python3.10/site-packages/ros2web_app/utilities/ros/param.py to param.cpython-310.pyc
[1.557s] byte-compiling /home/arsen/roarm_ws_em0/install/ros2web_app/lib/python3.10/site-packages/ros2web_app/utilities/ros_node.py to ros_node.cpython-310.pyc
[1.557s] byte-compiling /home/arsen/roarm_ws_em0/install/ros2web_app/lib/python3.10/site-packages/ros2web_app/utilities/yaml.py to yaml.cpython-310.pyc
[1.558s] byte-compiling /home/arsen/roarm_ws_em0/install/ros2web_app/lib/python3.10/site-packages/ros2web_app/api/__init__.py to __init__.cpython-310.pyc
[1.558s] byte-compiling /home/arsen/roarm_ws_em0/install/ros2web_app/lib/python3.10/site-packages/ros2web_app/api/app_base.py to app_base.cpython-310.pyc
[1.559s] byte-compiling /home/arsen/roarm_ws_em0/install/ros2web_app/lib/python3.10/site-packages/ros2web_app/api/state.py to state.cpython-310.pyc
[1.560s] byte-compiling /home/arsen/roarm_ws_em0/install/ros2web_app/lib/python3.10/site-packages/ros2web_app/app.py to app.cpython-310.pyc
[1.561s] running install_data
[1.561s] copying resource/ros2web_app -> /home/arsen/roarm_ws_em0/install/ros2web_app/share/ament_index/resource_index/packages
[1.561s] copying package.xml -> /home/arsen/roarm_ws_em0/install/ros2web_app/share/ros2web_app
[1.561s] running install_egg_info
[1.563s] Copying ../../../../build/ros2web_app/ros2web_app.egg-info to /home/arsen/roarm_ws_em0/install/ros2web_app/lib/python3.10/site-packages/ros2web_app-0.0.0-py3.10.egg-info
[1.564s] running install_scripts
[1.585s] writing list of installed files to '/home/arsen/roarm_ws_em0/build/ros2web_app/install.log'
[1.607s] Invoked command in '/home/arsen/roarm_ws_em0/src/roarm_else/ros2web_app/ros2web_app' returned '0': AMENT_PREFIX_PATH=/home/arsen/roarm_ws_em0/install/ros2web:/home/arsen/roarm_ws_em0/install/ros2web_widgets:/home/arsen/roarm_ws_em0/install/ros2web_example_py:/home/arsen/roarm_ws_em0/install/roarm_web_app:/home/arsen/roarm_ws_em0/install/ros2web_app:/home/arsen/roarm_ws_em0/install/ros2web_interfaces:/home/arsen/roarm_ws_em0/install/roarm_moveit_ikfast_plugins:/home/arsen/roarm_ws_em0/install/roarm_moveit_cmd:/home/arsen/roarm_ws_em0/install/roarm_moveit:/home/arsen/roarm_ws_em0/install/roarm_driver:/home/arsen/roarm_ws_em0/install/roarm_description:/home/arsen/roarm_ws_em0/install/moveit_servo:/home/arsen/roarm_ws_em0/install/launch_api:/home/arsen/ros2_ws/install/my_robot_controller:/opt/ros/humble PYTHONPATH=/home/arsen/roarm_ws_em0/build/ros2web_app/prefix_override:/usr/lib/python3/dist-packages/colcon_core/task/python/colcon_distutils_commands:/home/arsen/roarm_ws_em0/install/ros2web_app/lib/python3.10/site-packages:/home/arsen/roarm_ws_em0/install/ros2web/lib/python3.10/site-packages:/home/arsen/roarm_ws_em0/build/ros2web_widgets:/home/arsen/roarm_ws_em0/install/ros2web_widgets/lib/python3.10/site-packages:/home/arsen/roarm_ws_em0/build/ros2web_example_py:/home/arsen/roarm_ws_em0/install/ros2web_example_py/lib/python3.10/site-packages:/home/arsen/roarm_ws_em0/build/roarm_web_app:/home/arsen/roarm_ws_em0/install/roarm_web_app/lib/python3.10/site-packages:/home/arsen/roarm_ws_em0/build/ros2web_app:/home/arsen/roarm_ws_em0/install/ros2web_app/lib/python3.10/site-packages:/home/arsen/roarm_ws_em0/build/ros2web:/home/arsen/roarm_ws_em0/install/ros2web_interfaces/local/lib/python3.10/dist-packages:/home/arsen/roarm_ws_em0/install/roarm_moveit/local/lib/python3.10/dist-packages:/home/arsen/roarm_ws_em0/install/roarm_driver/lib/python3.10/site-packages:/home/arsen/roarm_ws_em0/build/launch_api:/home/arsen/roarm_ws_em0/install/launch_api/lib/python3.10/site-packages:/home/arsen/ros2_ws/build/my_robot_controller:/home/arsen/ros2_ws/install/my_robot_controller/lib/python3.10/site-packages:/opt/ros/humble/lib/python3.10/site-packages:/opt/ros/humble/local/lib/python3.10/dist-packages /usr/bin/python3 -W ignore:setup.py install is deprecated -W ignore:easy_install command is deprecated setup.py egg_info --egg-base ../../../../build/ros2web_app build --build-base /home/arsen/roarm_ws_em0/build/ros2web_app/build install --record /home/arsen/roarm_ws_em0/build/ros2web_app/install.log --single-version-externally-managed install_data --force
