[0.027s] Invoking command in '/home/arsen/roarm_ws_em0/build/moveit_servo': CMAKE_PREFIX_PATH=/home/arsen/ros2_ws/install/my_robot_controller:/opt/ros/humble /usr/bin/cmake /home/arsen/roarm_ws_em0/src/roarm_main/moveit_servo -DCMAKE_INSTALL_PREFIX=/home/arsen/roarm_ws_em0/install/moveit_servo
[0.577s] -- The C compiler identification is GNU 11.4.0
[0.577s] -- The CXX compiler identification is GNU 11.4.0
[0.577s] -- Detecting C compiler ABI info
[0.577s] -- Detecting C compiler ABI info - done
[0.577s] -- Check for working C compiler: /usr/bin/cc - skipped
[0.577s] -- Detecting C compile features
[0.577s] -- Detecting C compile features - done
[0.577s] -- Detecting CXX compiler ABI info
[0.577s] -- Detecting CXX compiler ABI info - done
[0.577s] -- Check for working CXX compiler: /usr/bin/c++ - skipped
[0.578s] -- Detecting CXX compile features
[0.578s] -- Detecting CXX compile features - done
[0.578s] -- Configuring incomplete, errors occurred!
[0.578s] See also "/home/arsen/roarm_ws_em0/build/moveit_servo/CMakeFiles/CMakeOutput.log".
[0.579s] [31mCMake Error at CMakeLists.txt:30 (find_package):
[0.579s]   By not providing "Findmoveit_common.cmake" in CMAKE_MODULE_PATH this
[0.579s]   project has asked CMake to find a package configuration file provided by
[0.579s]   "moveit_common", but CMake did not find one.
[0.580s] 
[0.580s]   Could not find a package configuration file provided by "moveit_common"
[0.580s]   with any of the following names:
[0.580s] 
[0.580s]     moveit_commonConfig.cmake
[0.580s]     moveit_common-config.cmake
[0.580s] 
[0.580s]   Add the installation prefix of "moveit_common" to CMAKE_PREFIX_PATH or set
[0.580s]   "moveit_common_DIR" to a directory containing one of the above files.  If
[0.581s]   "moveit_common" provides a separate development package or SDK, be sure it
[0.581s]   has been installed.
[0.581s] 
[0.581s] [0m
[0.584s] Invoked command in '/home/arsen/roarm_ws_em0/build/moveit_servo' returned '1': CMAKE_PREFIX_PATH=/home/arsen/ros2_ws/install/my_robot_controller:/opt/ros/humble /usr/bin/cmake /home/arsen/roarm_ws_em0/src/roarm_main/moveit_servo -DCMAKE_INSTALL_PREFIX=/home/arsen/roarm_ws_em0/install/moveit_servo
