[0.883s] Invoking command in '/home/arsen/roarm_ws_em0/src/roarm_else/ros2web_app/examples/ros2web_widgets': AMENT_PREFIX_PATH=/home/arsen/roarm_ws_em0/install/ros2web_app:/home/arsen/roarm_ws_em0/install/ros2web:/home/arsen/roarm_ws_em0/install/ros2web_widgets:/home/arsen/roarm_ws_em0/install/ros2web_example_py:/home/arsen/roarm_ws_em0/install/roarm_web_app:/home/arsen/roarm_ws_em0/install/ros2web_interfaces:/home/arsen/roarm_ws_em0/install/roarm_moveit_ikfast_plugins:/home/arsen/roarm_ws_em0/install/roarm_moveit_cmd:/home/arsen/roarm_ws_em0/install/roarm_moveit:/home/arsen/roarm_ws_em0/install/roarm_driver:/home/arsen/roarm_ws_em0/install/roarm_description:/home/arsen/roarm_ws_em0/install/moveit_servo:/home/arsen/roarm_ws_em0/install/launch_api:/home/arsen/ros2_ws/install/my_robot_controller:/opt/ros/humble PYTHONPATH=/home/arsen/roarm_ws_em0/build/ros2web_widgets/prefix_override:/usr/lib/python3/dist-packages/colcon_core/task/python/colcon_distutils_commands:/home/arsen/roarm_ws_em0/install/ros2web_widgets/lib/python3.10/site-packages:/home/arsen/roarm_ws_em0/install/ros2web_app/lib/python3.10/site-packages:/home/arsen/roarm_ws_em0/install/ros2web/lib/python3.10/site-packages:/home/arsen/roarm_ws_em0/install/ros2web_widgets/lib/python3.10/site-packages:/home/arsen/roarm_ws_em0/install/ros2web_example_py/lib/python3.10/site-packages:/home/arsen/roarm_ws_em0/install/roarm_web_app/lib/python3.10/site-packages:/home/arsen/roarm_ws_em0/install/ros2web_interfaces/local/lib/python3.10/dist-packages:/home/arsen/roarm_ws_em0/install/roarm_moveit/local/lib/python3.10/dist-packages:/home/arsen/roarm_ws_em0/install/roarm_driver/lib/python3.10/site-packages:/home/arsen/roarm_ws_em0/install/launch_api/lib/python3.10/site-packages:/home/arsen/ros2_ws/build/my_robot_controller:/home/arsen/ros2_ws/install/my_robot_controller/lib/python3.10/site-packages:/opt/ros/humble/lib/python3.10/site-packages:/opt/ros/humble/local/lib/python3.10/dist-packages /usr/bin/python3 -W ignore:setup.py install is deprecated -W ignore:easy_install command is deprecated setup.py egg_info --egg-base ../../../../../build/ros2web_widgets build --build-base /home/arsen/roarm_ws_em0/build/ros2web_widgets/build install --record /home/arsen/roarm_ws_em0/build/ros2web_widgets/install.log --single-version-externally-managed install_data
[1.118s] running egg_info
[1.119s] writing ../../../../../build/ros2web_widgets/ros2web_widgets.egg-info/PKG-INFO
[1.119s] writing dependency_links to ../../../../../build/ros2web_widgets/ros2web_widgets.egg-info/dependency_links.txt
[1.119s] writing entry points to ../../../../../build/ros2web_widgets/ros2web_widgets.egg-info/entry_points.txt
[1.119s] writing requirements to ../../../../../build/ros2web_widgets/ros2web_widgets.egg-info/requires.txt
[1.119s] writing top-level names to ../../../../../build/ros2web_widgets/ros2web_widgets.egg-info/top_level.txt
[1.121s] reading manifest file '../../../../../build/ros2web_widgets/ros2web_widgets.egg-info/SOURCES.txt'
[1.121s] writing manifest file '../../../../../build/ros2web_widgets/ros2web_widgets.egg-info/SOURCES.txt'
[1.122s] running build
[1.122s] running build_py
[1.122s] running install
[1.122s] running install_lib
[1.123s] running install_data
[1.123s] running install_egg_info
[1.125s] removing '/home/arsen/roarm_ws_em0/install/ros2web_widgets/lib/python3.10/site-packages/ros2web_widgets-0.0.0-py3.10.egg-info' (and everything under it)
[1.125s] Copying ../../../../../build/ros2web_widgets/ros2web_widgets.egg-info to /home/arsen/roarm_ws_em0/install/ros2web_widgets/lib/python3.10/site-packages/ros2web_widgets-0.0.0-py3.10.egg-info
[1.126s] running install_scripts
[1.146s] Installing widgets script to /home/arsen/roarm_ws_em0/install/ros2web_widgets/lib/ros2web_widgets
[1.146s] writing list of installed files to '/home/arsen/roarm_ws_em0/build/ros2web_widgets/install.log'
[1.177s] Invoked command in '/home/arsen/roarm_ws_em0/src/roarm_else/ros2web_app/examples/ros2web_widgets' returned '0': AMENT_PREFIX_PATH=/home/arsen/roarm_ws_em0/install/ros2web_app:/home/arsen/roarm_ws_em0/install/ros2web:/home/arsen/roarm_ws_em0/install/ros2web_widgets:/home/arsen/roarm_ws_em0/install/ros2web_example_py:/home/arsen/roarm_ws_em0/install/roarm_web_app:/home/arsen/roarm_ws_em0/install/ros2web_interfaces:/home/arsen/roarm_ws_em0/install/roarm_moveit_ikfast_plugins:/home/arsen/roarm_ws_em0/install/roarm_moveit_cmd:/home/arsen/roarm_ws_em0/install/roarm_moveit:/home/arsen/roarm_ws_em0/install/roarm_driver:/home/arsen/roarm_ws_em0/install/roarm_description:/home/arsen/roarm_ws_em0/install/moveit_servo:/home/arsen/roarm_ws_em0/install/launch_api:/home/arsen/ros2_ws/install/my_robot_controller:/opt/ros/humble PYTHONPATH=/home/arsen/roarm_ws_em0/build/ros2web_widgets/prefix_override:/usr/lib/python3/dist-packages/colcon_core/task/python/colcon_distutils_commands:/home/arsen/roarm_ws_em0/install/ros2web_widgets/lib/python3.10/site-packages:/home/arsen/roarm_ws_em0/install/ros2web_app/lib/python3.10/site-packages:/home/arsen/roarm_ws_em0/install/ros2web/lib/python3.10/site-packages:/home/arsen/roarm_ws_em0/install/ros2web_widgets/lib/python3.10/site-packages:/home/arsen/roarm_ws_em0/install/ros2web_example_py/lib/python3.10/site-packages:/home/arsen/roarm_ws_em0/install/roarm_web_app/lib/python3.10/site-packages:/home/arsen/roarm_ws_em0/install/ros2web_interfaces/local/lib/python3.10/dist-packages:/home/arsen/roarm_ws_em0/install/roarm_moveit/local/lib/python3.10/dist-packages:/home/arsen/roarm_ws_em0/install/roarm_driver/lib/python3.10/site-packages:/home/arsen/roarm_ws_em0/install/launch_api/lib/python3.10/site-packages:/home/arsen/ros2_ws/build/my_robot_controller:/home/arsen/ros2_ws/install/my_robot_controller/lib/python3.10/site-packages:/opt/ros/humble/lib/python3.10/site-packages:/opt/ros/humble/local/lib/python3.10/dist-packages /usr/bin/python3 -W ignore:setup.py install is deprecated -W ignore:easy_install command is deprecated setup.py egg_info --egg-base ../../../../../build/ros2web_widgets build --build-base /home/arsen/roarm_ws_em0/build/ros2web_widgets/build install --record /home/arsen/roarm_ws_em0/build/ros2web_widgets/install.log --single-version-externally-managed install_data
