[1.336s] Invoking command in '/home/arsen/roarm_ws_em0/src/roarm_main/roarm_driver': PYTHONPATH=/home/arsen/roarm_ws_em0/build/roarm_driver/prefix_override:/usr/lib/python3/dist-packages/colcon_core/task/python/colcon_distutils_commands:/home/arsen/roarm_ws_em0/install/roarm_driver/lib/python3.10/site-packages:${PYTHONPATH} /usr/bin/python3 -W ignore:setup.py install is deprecated -W ignore:easy_install command is deprecated setup.py egg_info --egg-base ../../../build/roarm_driver build --build-base /home/arsen/roarm_ws_em0/build/roarm_driver/build install --record /home/arsen/roarm_ws_em0/build/roarm_driver/install.log --single-version-externally-managed install_data
[1.733s] running egg_info
[1.733s] writing ../../../build/roarm_driver/roarm_driver.egg-info/PKG-INFO
[1.734s] writing dependency_links to ../../../build/roarm_driver/roarm_driver.egg-info/dependency_links.txt
[1.734s] writing entry points to ../../../build/roarm_driver/roarm_driver.egg-info/entry_points.txt
[1.734s] writing requirements to ../../../build/roarm_driver/roarm_driver.egg-info/requires.txt
[1.734s] writing top-level names to ../../../build/roarm_driver/roarm_driver.egg-info/top_level.txt
[1.736s] reading manifest file '../../../build/roarm_driver/roarm_driver.egg-info/SOURCES.txt'
[1.737s] writing manifest file '../../../build/roarm_driver/roarm_driver.egg-info/SOURCES.txt'
[1.737s] running build
[1.738s] running build_py
[1.738s] copying roarm_driver/joint_state.py -> /home/arsen/roarm_ws_em0/build/roarm_driver/build/lib/roarm_driver
[1.738s] running install
[1.739s] running install_lib
[1.739s] copying /home/arsen/roarm_ws_em0/build/roarm_driver/build/lib/roarm_driver/joint_state.py -> /home/arsen/roarm_ws_em0/install/roarm_driver/lib/python3.10/site-packages/roarm_driver
[1.740s] byte-compiling /home/arsen/roarm_ws_em0/install/roarm_driver/lib/python3.10/site-packages/roarm_driver/joint_state.py to joint_state.cpython-310.pyc
[1.742s] running install_data
[1.742s] running install_egg_info
[1.745s] removing '/home/arsen/roarm_ws_em0/install/roarm_driver/lib/python3.10/site-packages/roarm_driver-0.0.0-py3.10.egg-info' (and everything under it)
[1.745s] Copying ../../../build/roarm_driver/roarm_driver.egg-info to /home/arsen/roarm_ws_em0/install/roarm_driver/lib/python3.10/site-packages/roarm_driver-0.0.0-py3.10.egg-info
[1.748s] running install_scripts
[1.772s] Installing roarm_driver script to /home/arsen/roarm_ws_em0/install/roarm_driver/lib/roarm_driver
[1.772s] writing list of installed files to '/home/arsen/roarm_ws_em0/build/roarm_driver/install.log'
[1.814s] Invoked command in '/home/arsen/roarm_ws_em0/src/roarm_main/roarm_driver' returned '0': PYTHONPATH=/home/arsen/roarm_ws_em0/build/roarm_driver/prefix_override:/usr/lib/python3/dist-packages/colcon_core/task/python/colcon_distutils_commands:/home/arsen/roarm_ws_em0/install/roarm_driver/lib/python3.10/site-packages:${PYTHONPATH} /usr/bin/python3 -W ignore:setup.py install is deprecated -W ignore:easy_install command is deprecated setup.py egg_info --egg-base ../../../build/roarm_driver build --build-base /home/arsen/roarm_ws_em0/build/roarm_driver/build install --record /home/arsen/roarm_ws_em0/build/roarm_driver/install.log --single-version-externally-managed install_data
