[1.151s] Invoking command in '/home/arsen/roarm_ws_em0/src/roarm_else/launch_api': PYTHONPATH=/home/arsen/roarm_ws_em0/build/launch_api/prefix_override:/usr/lib/python3/dist-packages/colcon_core/task/python/colcon_distutils_commands:/home/arsen/roarm_ws_em0/install/launch_api/lib/python3.10/site-packages:${PYTHONPATH} /usr/bin/python3 -W ignore:setup.py install is deprecated -W ignore:easy_install command is deprecated setup.py egg_info --egg-base ../../../build/launch_api build --build-base /home/arsen/roarm_ws_em0/build/launch_api/build install --record /home/arsen/roarm_ws_em0/build/launch_api/install.log --single-version-externally-managed install_data
[1.506s] running egg_info
[1.507s] creating ../../../build/launch_api/launch_api.egg-info
[1.507s] writing ../../../build/launch_api/launch_api.egg-info/PKG-INFO
[1.507s] writing dependency_links to ../../../build/launch_api/launch_api.egg-info/dependency_links.txt
[1.507s] writing entry points to ../../../build/launch_api/launch_api.egg-info/entry_points.txt
[1.508s] writing requirements to ../../../build/launch_api/launch_api.egg-info/requires.txt
[1.508s] writing top-level names to ../../../build/launch_api/launch_api.egg-info/top_level.txt
[1.508s] writing manifest file '../../../build/launch_api/launch_api.egg-info/SOURCES.txt'
[1.510s] reading manifest file '../../../build/launch_api/launch_api.egg-info/SOURCES.txt'
[1.510s] adding license file 'LICENSE'
[1.510s] writing manifest file '../../../build/launch_api/launch_api.egg-info/SOURCES.txt'
[1.511s] running build
[1.511s] running build_py
[1.511s] creating /home/arsen/roarm_ws_em0/build/launch_api/build
[1.511s] creating /home/arsen/roarm_ws_em0/build/launch_api/build/lib
[1.511s] creating /home/arsen/roarm_ws_em0/build/launch_api/build/lib/launch_api
[1.511s] copying launch_api/service.py -> /home/arsen/roarm_ws_em0/build/launch_api/build/lib/launch_api
[1.511s] copying launch_api/__init__.py -> /home/arsen/roarm_ws_em0/build/launch_api/build/lib/launch_api
[1.512s] copying launch_api/process_proxy.py -> /home/arsen/roarm_ws_em0/build/launch_api/build/lib/launch_api
[1.512s] creating /home/arsen/roarm_ws_em0/build/launch_api/build/lib/launch_api/actions
[1.512s] copying launch_api/actions/__init__.py -> /home/arsen/roarm_ws_em0/build/launch_api/build/lib/launch_api/actions
[1.512s] copying launch_api/actions/process.py -> /home/arsen/roarm_ws_em0/build/launch_api/build/lib/launch_api/actions
[1.512s] copying launch_api/actions/process_manager.py -> /home/arsen/roarm_ws_em0/build/launch_api/build/lib/launch_api/actions
[1.512s] creating /home/arsen/roarm_ws_em0/build/launch_api/build/lib/launch_api/events
[1.512s] copying launch_api/events/__init__.py -> /home/arsen/roarm_ws_em0/build/launch_api/build/lib/launch_api/events
[1.513s] copying launch_api/events/execution_process.py -> /home/arsen/roarm_ws_em0/build/launch_api/build/lib/launch_api/events
[1.513s] creating /home/arsen/roarm_ws_em0/build/launch_api/build/lib/launch_api/utilities
[1.513s] copying launch_api/utilities/__init__.py -> /home/arsen/roarm_ws_em0/build/launch_api/build/lib/launch_api/utilities
[1.513s] copying launch_api/utilities/node_wrapper.py -> /home/arsen/roarm_ws_em0/build/launch_api/build/lib/launch_api/utilities
[1.513s] copying launch_api/utilities/logger.py -> /home/arsen/roarm_ws_em0/build/launch_api/build/lib/launch_api/utilities
[1.514s] running install
[1.514s] running install_lib
[1.515s] creating /home/arsen/roarm_ws_em0/install/launch_api/lib/python3.10/site-packages/launch_api
[1.515s] creating /home/arsen/roarm_ws_em0/install/launch_api/lib/python3.10/site-packages/launch_api/actions
[1.515s] copying /home/arsen/roarm_ws_em0/build/launch_api/build/lib/launch_api/actions/__init__.py -> /home/arsen/roarm_ws_em0/install/launch_api/lib/python3.10/site-packages/launch_api/actions
[1.515s] copying /home/arsen/roarm_ws_em0/build/launch_api/build/lib/launch_api/actions/process.py -> /home/arsen/roarm_ws_em0/install/launch_api/lib/python3.10/site-packages/launch_api/actions
[1.515s] copying /home/arsen/roarm_ws_em0/build/launch_api/build/lib/launch_api/actions/process_manager.py -> /home/arsen/roarm_ws_em0/install/launch_api/lib/python3.10/site-packages/launch_api/actions
[1.516s] copying /home/arsen/roarm_ws_em0/build/launch_api/build/lib/launch_api/service.py -> /home/arsen/roarm_ws_em0/install/launch_api/lib/python3.10/site-packages/launch_api
[1.516s] creating /home/arsen/roarm_ws_em0/install/launch_api/lib/python3.10/site-packages/launch_api/events
[1.516s] copying /home/arsen/roarm_ws_em0/build/launch_api/build/lib/launch_api/events/__init__.py -> /home/arsen/roarm_ws_em0/install/launch_api/lib/python3.10/site-packages/launch_api/events
[1.516s] copying /home/arsen/roarm_ws_em0/build/launch_api/build/lib/launch_api/events/execution_process.py -> /home/arsen/roarm_ws_em0/install/launch_api/lib/python3.10/site-packages/launch_api/events
[1.516s] copying /home/arsen/roarm_ws_em0/build/launch_api/build/lib/launch_api/__init__.py -> /home/arsen/roarm_ws_em0/install/launch_api/lib/python3.10/site-packages/launch_api
[1.518s] creating /home/arsen/roarm_ws_em0/install/launch_api/lib/python3.10/site-packages/launch_api/utilities
[1.518s] copying /home/arsen/roarm_ws_em0/build/launch_api/build/lib/launch_api/utilities/__init__.py -> /home/arsen/roarm_ws_em0/install/launch_api/lib/python3.10/site-packages/launch_api/utilities
[1.518s] copying /home/arsen/roarm_ws_em0/build/launch_api/build/lib/launch_api/utilities/node_wrapper.py -> /home/arsen/roarm_ws_em0/install/launch_api/lib/python3.10/site-packages/launch_api/utilities
[1.518s] copying /home/arsen/roarm_ws_em0/build/launch_api/build/lib/launch_api/utilities/logger.py -> /home/arsen/roarm_ws_em0/install/launch_api/lib/python3.10/site-packages/launch_api/utilities
[1.518s] copying /home/arsen/roarm_ws_em0/build/launch_api/build/lib/launch_api/process_proxy.py -> /home/arsen/roarm_ws_em0/install/launch_api/lib/python3.10/site-packages/launch_api
[1.518s] byte-compiling /home/arsen/roarm_ws_em0/install/launch_api/lib/python3.10/site-packages/launch_api/actions/__init__.py to __init__.cpython-310.pyc
[1.521s] byte-compiling /home/arsen/roarm_ws_em0/install/launch_api/lib/python3.10/site-packages/launch_api/actions/process.py to process.cpython-310.pyc
[1.521s] byte-compiling /home/arsen/roarm_ws_em0/install/launch_api/lib/python3.10/site-packages/launch_api/actions/process_manager.py to process_manager.cpython-310.pyc
[1.521s] byte-compiling /home/arsen/roarm_ws_em0/install/launch_api/lib/python3.10/site-packages/launch_api/service.py to service.cpython-310.pyc
[1.522s] byte-compiling /home/arsen/roarm_ws_em0/install/launch_api/lib/python3.10/site-packages/launch_api/events/__init__.py to __init__.cpython-310.pyc
[1.528s] byte-compiling /home/arsen/roarm_ws_em0/install/launch_api/lib/python3.10/site-packages/launch_api/events/execution_process.py to execution_process.cpython-310.pyc
[1.529s] byte-compiling /home/arsen/roarm_ws_em0/install/launch_api/lib/python3.10/site-packages/launch_api/__init__.py to __init__.cpython-310.pyc
[1.529s] byte-compiling /home/arsen/roarm_ws_em0/install/launch_api/lib/python3.10/site-packages/launch_api/utilities/__init__.py to __init__.cpython-310.pyc
[1.529s] byte-compiling /home/arsen/roarm_ws_em0/install/launch_api/lib/python3.10/site-packages/launch_api/utilities/node_wrapper.py to node_wrapper.cpython-310.pyc
[1.529s] byte-compiling /home/arsen/roarm_ws_em0/install/launch_api/lib/python3.10/site-packages/launch_api/utilities/logger.py to logger.cpython-310.pyc
[1.529s] byte-compiling /home/arsen/roarm_ws_em0/install/launch_api/lib/python3.10/site-packages/launch_api/process_proxy.py to process_proxy.cpython-310.pyc
[1.529s] running install_data
[1.529s] creating /home/arsen/roarm_ws_em0/install/launch_api/share/ament_index
[1.529s] creating /home/arsen/roarm_ws_em0/install/launch_api/share/ament_index/resource_index
[1.529s] creating /home/arsen/roarm_ws_em0/install/launch_api/share/ament_index/resource_index/packages
[1.529s] copying resource/launch_api -> /home/arsen/roarm_ws_em0/install/launch_api/share/ament_index/resource_index/packages
[1.529s] copying package.xml -> /home/arsen/roarm_ws_em0/install/launch_api/share/launch_api
[1.530s] running install_egg_info
[1.531s] Copying ../../../build/launch_api/launch_api.egg-info to /home/arsen/roarm_ws_em0/install/launch_api/lib/python3.10/site-packages/launch_api-0.0.0-py3.10.egg-info
[1.531s] running install_scripts
[1.560s] writing list of installed files to '/home/arsen/roarm_ws_em0/build/launch_api/install.log'
[1.600s] Invoked command in '/home/arsen/roarm_ws_em0/src/roarm_else/launch_api' returned '0': PYTHONPATH=/home/arsen/roarm_ws_em0/build/launch_api/prefix_override:/usr/lib/python3/dist-packages/colcon_core/task/python/colcon_distutils_commands:/home/arsen/roarm_ws_em0/install/launch_api/lib/python3.10/site-packages:${PYTHONPATH} /usr/bin/python3 -W ignore:setup.py install is deprecated -W ignore:easy_install command is deprecated setup.py egg_info --egg-base ../../../build/launch_api build --build-base /home/arsen/roarm_ws_em0/build/launch_api/build install --record /home/arsen/roarm_ws_em0/build/launch_api/install.log --single-version-externally-managed install_data
