[0.030s] Invoking command in '/home/arsen/roarm_ws_em0/build/ros2web_interfaces': CMAKE_PREFIX_PATH=/home/arsen/ros2_ws/install/my_robot_controller:/opt/ros/humble /usr/bin/cmake /home/arsen/roarm_ws_em0/src/roarm_else/ros2web-ros2/ros2web_interfaces -DCMAKE_INSTALL_PREFIX=/home/arsen/roarm_ws_em0/install/ros2web_interfaces
[0.579s] -- The C compiler identification is GNU 11.4.0
[0.580s] -- The CXX compiler identification is GNU 11.4.0
[0.580s] -- Detecting C compiler ABI info
[0.580s] -- Detecting C compiler ABI info - done
[0.580s] -- Check for working C compiler: /usr/bin/cc - skipped
[0.581s] -- Detecting C compile features
[0.581s] -- Detecting C compile features - done
[0.582s] -- Detecting CXX compiler ABI info
[0.582s] -- Detecting CXX compiler ABI info - done
[0.583s] -- Check for working CXX compiler: /usr/bin/c++ - skipped
[0.583s] -- Detecting CXX compile features
[0.584s] -- Detecting CXX compile features - done
[0.584s] -- Found ament_cmake: 1.3.11 (/opt/ros/humble/share/ament_cmake/cmake)
[0.662s] -- Found Python3: /usr/bin/python3 (found version "3.10.12") found components: Interpreter 
[0.779s] -- Found rosidl_default_generators: 1.2.0 (/opt/ros/humble/share/rosidl_default_generators/cmake)
[0.785s] -- Using all available rosidl_typesupport_c: rosidl_typesupport_fastrtps_c;rosidl_typesupport_introspection_c
[0.796s] -- Found rosidl_adapter: 3.1.6 (/opt/ros/humble/share/rosidl_adapter/cmake)
[0.865s] -- Using all available rosidl_typesupport_cpp: rosidl_typesupport_fastrtps_cpp;rosidl_typesupport_introspection_cpp
[1.216s] -- Found ament_cmake_ros: 0.10.0 (/opt/ros/humble/share/ament_cmake_ros/cmake)
[1.378s] -- Using all available rosidl_typesupport_c: rosidl_typesupport_fastrtps_c;rosidl_typesupport_introspection_c
[1.583s] -- Using all available rosidl_typesupport_cpp: rosidl_typesupport_fastrtps_cpp;rosidl_typesupport_introspection_cpp
[1.602s] -- Found PythonInterp: /usr/bin/python3 (found suitable version "3.10.12", minimum required is "3.6") 
[1.604s] -- Found python_cmake_module: 0.10.0 (/opt/ros/humble/share/python_cmake_module/cmake)
[1.627s] -- Found PythonLibs: /usr/lib/x86_64-linux-gnu/libpython3.10.so (found suitable version "3.10.12", minimum required is "3.5") 
[1.627s] -- Using PYTHON_EXECUTABLE: /usr/bin/python3
[1.627s] -- Using PYTHON_INCLUDE_DIRS: /usr/include/python3.10
[1.628s] -- Using PYTHON_LIBRARIES: /usr/lib/x86_64-linux-gnu/libpython3.10.so
[1.646s] -- Found PythonExtra: .so  
[1.682s] -- Configuring done
[1.719s] -- Generating done
[1.729s] -- Build files have been written to: /home/arsen/roarm_ws_em0/build/ros2web_interfaces
