-- Install configuration: ""
-- Installing: /home/arsen/roarm_ws_em0/install/roarm_description/share/roarm_description/config
-- Installing: /home/arsen/roarm_ws_em0/install/roarm_description/share/roarm_description/config/roarm_description.rviz
-- Installing: /home/arsen/roarm_ws_em0/install/roarm_description/share/roarm_description/config/joint_names_roarm.yaml
-- Installing: /home/arsen/roarm_ws_em0/install/roarm_description/share/roarm_description/launch
-- Installing: /home/arsen/roarm_ws_em0/install/roarm_description/share/roarm_description/launch/display.launch.py
-- Installing: /home/arsen/roarm_ws_em0/install/roarm_description/share/roarm_description/meshes
-- Installing: /home/arsen/roarm_ws_em0/install/roarm_description/share/roarm_description/meshes/gripper_link.STL
-- Installing: /home/arsen/roarm_ws_em0/install/roarm_description/share/roarm_description/meshes/link2.STL
-- Installing: /home/arsen/roarm_ws_em0/install/roarm_description/share/roarm_description/meshes/base_link.STL
-- Installing: /home/arsen/roarm_ws_em0/install/roarm_description/share/roarm_description/meshes/link3.STL
-- Installing: /home/arsen/roarm_ws_em0/install/roarm_description/share/roarm_description/meshes/link1.STL
-- Installing: /home/arsen/roarm_ws_em0/install/roarm_description/share/roarm_description/urdf
-- Installing: /home/arsen/roarm_ws_em0/install/roarm_description/share/roarm_description/urdf/roarm_description.csv
-- Installing: /home/arsen/roarm_ws_em0/install/roarm_description/share/roarm_description/urdf/roarm_description_web_app.urdf
-- Installing: /home/arsen/roarm_ws_em0/install/roarm_description/share/roarm_description/urdf/roarm_description.urdf
-- Installing: /home/arsen/roarm_ws_em0/install/roarm_description/share/ament_index/resource_index/package_run_dependencies/roarm_description
-- Installing: /home/arsen/roarm_ws_em0/install/roarm_description/share/ament_index/resource_index/parent_prefix_path/roarm_description
-- Installing: /home/arsen/roarm_ws_em0/install/roarm_description/share/roarm_description/environment/ament_prefix_path.sh
-- Installing: /home/arsen/roarm_ws_em0/install/roarm_description/share/roarm_description/environment/ament_prefix_path.dsv
-- Installing: /home/arsen/roarm_ws_em0/install/roarm_description/share/roarm_description/environment/path.sh
-- Installing: /home/arsen/roarm_ws_em0/install/roarm_description/share/roarm_description/environment/path.dsv
-- Installing: /home/arsen/roarm_ws_em0/install/roarm_description/share/roarm_description/local_setup.bash
-- Installing: /home/arsen/roarm_ws_em0/install/roarm_description/share/roarm_description/local_setup.sh
-- Installing: /home/arsen/roarm_ws_em0/install/roarm_description/share/roarm_description/local_setup.zsh
-- Installing: /home/arsen/roarm_ws_em0/install/roarm_description/share/roarm_description/local_setup.dsv
-- Installing: /home/arsen/roarm_ws_em0/install/roarm_description/share/roarm_description/package.dsv
-- Installing: /home/arsen/roarm_ws_em0/install/roarm_description/share/ament_index/resource_index/packages/roarm_description
-- Installing: /home/arsen/roarm_ws_em0/install/roarm_description/share/roarm_description/cmake/roarm_descriptionConfig.cmake
-- Installing: /home/arsen/roarm_ws_em0/install/roarm_description/share/roarm_description/cmake/roarm_descriptionConfig-version.cmake
-- Installing: /home/arsen/roarm_ws_em0/install/roarm_description/share/roarm_description/package.xml
