[0.042s] Invoking command in '/home/arsen/roarm_ws_em0/build/roarm_moveit': CMAKE_PREFIX_PATH=/home/arsen/roarm_ws_em0/install/roarm_description:/home/arsen/roarm_ws_em0/install/ros2web_interfaces:/home/arsen/roarm_ws_em0/install/roarm_moveit_ikfast_plugins:/home/arsen/roarm_ws_em0/install/roarm_moveit_cmd:/home/arsen/roarm_ws_em0/install/roarm_moveit:/home/arsen/roarm_ws_em0/install/moveit_servo:/home/arsen/roarm_ws_em0/install/ros2web_widgets:/home/arsen/roarm_ws_em0/install/ros2web_example_py:/home/arsen/roarm_ws_em0/install/roarm_web_app:/home/arsen/roarm_ws_em0/install/ros2web_app:/home/arsen/roarm_ws_em0/install/ros2web:/home/arsen/roarm_ws_em0/install/roarm_driver:/home/arsen/roarm_ws_em0/install/launch_api:/home/arsen/ros2_ws/install/my_robot_controller:/opt/ros/humble /usr/bin/cmake --build /home/arsen/roarm_ws_em0/build/roarm_moveit -- -j8 -l8
[0.115s] [ 10%] Built target roarm_moveit__rosidl_generator_c
[0.115s] [ 12%] Built target roarm_moveit__cpp
[0.133s] [ 12%] Built target ament_cmake_python_copy_roarm_moveit
[0.153s] [ 23%] Built target roarm_moveit__rosidl_typesupport_introspection_c
[0.153s] [ 34%] Built target roarm_moveit__rosidl_typesupport_fastrtps_c
[0.159s] [ 44%] Built target roarm_moveit__rosidl_typesupport_c
[0.177s] [ 55%] Built target roarm_moveit__rosidl_typesupport_introspection_cpp
[0.179s] [ 65%] Built target roarm_moveit__rosidl_typesupport_fastrtps_cpp
[0.184s] [ 76%] Built target roarm_moveit__rosidl_typesupport_cpp
[0.204s] [ 76%] Built target roarm_moveit
[0.224s] [ 78%] Built target roarm_moveit__py
[0.251s] [ 87%] Built target roarm_moveit__rosidl_generator_py
[0.280s] [ 91%] Built target roarm_moveit__rosidl_typesupport_c__pyext
[0.282s] [ 95%] Built target roarm_moveit__rosidl_typesupport_fastrtps_c__pyext
[0.283s] [100%] Built target roarm_moveit__rosidl_typesupport_introspection_c__pyext
[0.429s] running egg_info
[0.430s] writing roarm_moveit.egg-info/PKG-INFO
[0.430s] writing dependency_links to roarm_moveit.egg-info/dependency_links.txt
[0.430s] writing top-level names to roarm_moveit.egg-info/top_level.txt
[0.433s] reading manifest file 'roarm_moveit.egg-info/SOURCES.txt'
[0.433s] writing manifest file 'roarm_moveit.egg-info/SOURCES.txt'
[0.464s] [100%] Built target ament_cmake_python_build_roarm_moveit_egg
[0.531s] Invoked command in '/home/arsen/roarm_ws_em0/build/roarm_moveit' returned '0': CMAKE_PREFIX_PATH=/home/arsen/roarm_ws_em0/install/roarm_description:/home/arsen/roarm_ws_em0/install/ros2web_interfaces:/home/arsen/roarm_ws_em0/install/roarm_moveit_ikfast_plugins:/home/arsen/roarm_ws_em0/install/roarm_moveit_cmd:/home/arsen/roarm_ws_em0/install/roarm_moveit:/home/arsen/roarm_ws_em0/install/moveit_servo:/home/arsen/roarm_ws_em0/install/ros2web_widgets:/home/arsen/roarm_ws_em0/install/ros2web_example_py:/home/arsen/roarm_ws_em0/install/roarm_web_app:/home/arsen/roarm_ws_em0/install/ros2web_app:/home/arsen/roarm_ws_em0/install/ros2web:/home/arsen/roarm_ws_em0/install/roarm_driver:/home/arsen/roarm_ws_em0/install/launch_api:/home/arsen/ros2_ws/install/my_robot_controller:/opt/ros/humble /usr/bin/cmake --build /home/arsen/roarm_ws_em0/build/roarm_moveit -- -j8 -l8
[0.533s] Invoking command in '/home/arsen/roarm_ws_em0/build/roarm_moveit': CMAKE_PREFIX_PATH=/home/arsen/roarm_ws_em0/install/roarm_description:/home/arsen/roarm_ws_em0/install/ros2web_interfaces:/home/arsen/roarm_ws_em0/install/roarm_moveit_ikfast_plugins:/home/arsen/roarm_ws_em0/install/roarm_moveit_cmd:/home/arsen/roarm_ws_em0/install/roarm_moveit:/home/arsen/roarm_ws_em0/install/moveit_servo:/home/arsen/roarm_ws_em0/install/ros2web_widgets:/home/arsen/roarm_ws_em0/install/ros2web_example_py:/home/arsen/roarm_ws_em0/install/roarm_web_app:/home/arsen/roarm_ws_em0/install/ros2web_app:/home/arsen/roarm_ws_em0/install/ros2web:/home/arsen/roarm_ws_em0/install/roarm_driver:/home/arsen/roarm_ws_em0/install/launch_api:/home/arsen/ros2_ws/install/my_robot_controller:/opt/ros/humble /usr/bin/cmake --install /home/arsen/roarm_ws_em0/build/roarm_moveit
[0.542s] -- Install configuration: ""
[0.542s] -- Up-to-date: /home/arsen/roarm_ws_em0/install/roarm_moveit/share/ament_index/resource_index/rosidl_interfaces/roarm_moveit
[0.543s] -- Up-to-date: /home/arsen/roarm_ws_em0/install/roarm_moveit/include/roarm_moveit/roarm_moveit
[0.543s] -- Up-to-date: /home/arsen/roarm_ws_em0/install/roarm_moveit/include/roarm_moveit/roarm_moveit/msg
[0.543s] -- Up-to-date: /home/arsen/roarm_ws_em0/install/roarm_moveit/include/roarm_moveit/roarm_moveit/msg/rosidl_generator_c__visibility_control.h
[0.543s] -- Up-to-date: /home/arsen/roarm_ws_em0/install/roarm_moveit/include/roarm_moveit/roarm_moveit/srv
[0.543s] -- Up-to-date: /home/arsen/roarm_ws_em0/install/roarm_moveit/include/roarm_moveit/roarm_moveit/srv/move_circle_cmd.h
[0.543s] -- Up-to-date: /home/arsen/roarm_ws_em0/install/roarm_moveit/include/roarm_moveit/roarm_moveit/srv/detail
[0.543s] -- Up-to-date: /home/arsen/roarm_ws_em0/install/roarm_moveit/include/roarm_moveit/roarm_moveit/srv/detail/move_point_cmd__type_support.h
[0.543s] -- Up-to-date: /home/arsen/roarm_ws_em0/install/roarm_moveit/include/roarm_moveit/roarm_moveit/srv/detail/move_circle_cmd__functions.h
[0.544s] -- Up-to-date: /home/arsen/roarm_ws_em0/install/roarm_moveit/include/roarm_moveit/roarm_moveit/srv/detail/move_point_cmd__functions.c
[0.544s] -- Up-to-date: /home/arsen/roarm_ws_em0/install/roarm_moveit/include/roarm_moveit/roarm_moveit/srv/detail/get_pose_cmd__functions.h
[0.544s] -- Up-to-date: /home/arsen/roarm_ws_em0/install/roarm_moveit/include/roarm_moveit/roarm_moveit/srv/detail/get_pose_cmd__struct.h
[0.544s] -- Up-to-date: /home/arsen/roarm_ws_em0/install/roarm_moveit/include/roarm_moveit/roarm_moveit/srv/detail/move_circle_cmd__type_support.h
[0.544s] -- Up-to-date: /home/arsen/roarm_ws_em0/install/roarm_moveit/include/roarm_moveit/roarm_moveit/srv/detail/move_circle_cmd__struct.h
[0.544s] -- Up-to-date: /home/arsen/roarm_ws_em0/install/roarm_moveit/include/roarm_moveit/roarm_moveit/srv/detail/get_pose_cmd__functions.c
[0.544s] -- Up-to-date: /home/arsen/roarm_ws_em0/install/roarm_moveit/include/roarm_moveit/roarm_moveit/srv/detail/move_point_cmd__functions.h
[0.544s] -- Up-to-date: /home/arsen/roarm_ws_em0/install/roarm_moveit/include/roarm_moveit/roarm_moveit/srv/detail/move_circle_cmd__functions.c
[0.544s] -- Up-to-date: /home/arsen/roarm_ws_em0/install/roarm_moveit/include/roarm_moveit/roarm_moveit/srv/detail/get_pose_cmd__type_support.h
[0.544s] -- Up-to-date: /home/arsen/roarm_ws_em0/install/roarm_moveit/include/roarm_moveit/roarm_moveit/srv/detail/move_point_cmd__struct.h
[0.545s] -- Up-to-date: /home/arsen/roarm_ws_em0/install/roarm_moveit/include/roarm_moveit/roarm_moveit/srv/move_point_cmd.h
[0.545s] -- Up-to-date: /home/arsen/roarm_ws_em0/install/roarm_moveit/include/roarm_moveit/roarm_moveit/srv/get_pose_cmd.h
[0.545s] -- Up-to-date: /home/arsen/roarm_ws_em0/install/roarm_moveit/share/roarm_moveit/environment/library_path.sh
[0.545s] -- Up-to-date: /home/arsen/roarm_ws_em0/install/roarm_moveit/share/roarm_moveit/environment/library_path.dsv
[0.545s] -- Up-to-date: /home/arsen/roarm_ws_em0/install/roarm_moveit/lib/libroarm_moveit__rosidl_generator_c.so
[0.545s] -- Up-to-date: /home/arsen/roarm_ws_em0/install/roarm_moveit/include/roarm_moveit/roarm_moveit
[0.545s] -- Up-to-date: /home/arsen/roarm_ws_em0/install/roarm_moveit/include/roarm_moveit/roarm_moveit/msg
[0.545s] -- Up-to-date: /home/arsen/roarm_ws_em0/install/roarm_moveit/include/roarm_moveit/roarm_moveit/msg/rosidl_typesupport_fastrtps_c__visibility_control.h
[0.546s] -- Up-to-date: /home/arsen/roarm_ws_em0/install/roarm_moveit/include/roarm_moveit/roarm_moveit/srv
[0.546s] -- Up-to-date: /home/arsen/roarm_ws_em0/install/roarm_moveit/include/roarm_moveit/roarm_moveit/srv/detail
[0.546s] -- Up-to-date: /home/arsen/roarm_ws_em0/install/roarm_moveit/include/roarm_moveit/roarm_moveit/srv/detail/move_circle_cmd__rosidl_typesupport_fastrtps_c.h
[0.546s] -- Up-to-date: /home/arsen/roarm_ws_em0/install/roarm_moveit/include/roarm_moveit/roarm_moveit/srv/detail/get_pose_cmd__rosidl_typesupport_fastrtps_c.h
[0.546s] -- Up-to-date: /home/arsen/roarm_ws_em0/install/roarm_moveit/include/roarm_moveit/roarm_moveit/srv/detail/move_point_cmd__rosidl_typesupport_fastrtps_c.h
[0.546s] -- Up-to-date: /home/arsen/roarm_ws_em0/install/roarm_moveit/lib/libroarm_moveit__rosidl_typesupport_fastrtps_c.so
[0.546s] -- Up-to-date: /home/arsen/roarm_ws_em0/install/roarm_moveit/include/roarm_moveit/roarm_moveit
[0.546s] -- Up-to-date: /home/arsen/roarm_ws_em0/install/roarm_moveit/include/roarm_moveit/roarm_moveit/msg
[0.546s] -- Up-to-date: /home/arsen/roarm_ws_em0/install/roarm_moveit/include/roarm_moveit/roarm_moveit/msg/rosidl_typesupport_introspection_c__visibility_control.h
[0.547s] -- Up-to-date: /home/arsen/roarm_ws_em0/install/roarm_moveit/include/roarm_moveit/roarm_moveit/srv
[0.547s] -- Up-to-date: /home/arsen/roarm_ws_em0/install/roarm_moveit/include/roarm_moveit/roarm_moveit/srv/detail
[0.547s] -- Up-to-date: /home/arsen/roarm_ws_em0/install/roarm_moveit/include/roarm_moveit/roarm_moveit/srv/detail/move_circle_cmd__type_support.c
[0.547s] -- Up-to-date: /home/arsen/roarm_ws_em0/install/roarm_moveit/include/roarm_moveit/roarm_moveit/srv/detail/move_point_cmd__type_support.c
[0.547s] -- Up-to-date: /home/arsen/roarm_ws_em0/install/roarm_moveit/include/roarm_moveit/roarm_moveit/srv/detail/move_point_cmd__rosidl_typesupport_introspection_c.h
[0.547s] -- Up-to-date: /home/arsen/roarm_ws_em0/install/roarm_moveit/include/roarm_moveit/roarm_moveit/srv/detail/get_pose_cmd__rosidl_typesupport_introspection_c.h
[0.547s] -- Up-to-date: /home/arsen/roarm_ws_em0/install/roarm_moveit/include/roarm_moveit/roarm_moveit/srv/detail/move_circle_cmd__rosidl_typesupport_introspection_c.h
[0.547s] -- Up-to-date: /home/arsen/roarm_ws_em0/install/roarm_moveit/include/roarm_moveit/roarm_moveit/srv/detail/get_pose_cmd__type_support.c
[0.547s] -- Up-to-date: /home/arsen/roarm_ws_em0/install/roarm_moveit/lib/libroarm_moveit__rosidl_typesupport_introspection_c.so
[0.548s] -- Up-to-date: /home/arsen/roarm_ws_em0/install/roarm_moveit/lib/libroarm_moveit__rosidl_typesupport_c.so
[0.548s] -- Up-to-date: /home/arsen/roarm_ws_em0/install/roarm_moveit/include/roarm_moveit/roarm_moveit
[0.548s] -- Up-to-date: /home/arsen/roarm_ws_em0/install/roarm_moveit/include/roarm_moveit/roarm_moveit/msg
[0.548s] -- Up-to-date: /home/arsen/roarm_ws_em0/install/roarm_moveit/include/roarm_moveit/roarm_moveit/msg/rosidl_generator_cpp__visibility_control.hpp
[0.548s] -- Up-to-date: /home/arsen/roarm_ws_em0/install/roarm_moveit/include/roarm_moveit/roarm_moveit/srv
[0.548s] -- Up-to-date: /home/arsen/roarm_ws_em0/install/roarm_moveit/include/roarm_moveit/roarm_moveit/srv/move_point_cmd.hpp
[0.548s] -- Up-to-date: /home/arsen/roarm_ws_em0/install/roarm_moveit/include/roarm_moveit/roarm_moveit/srv/detail
[0.549s] -- Up-to-date: /home/arsen/roarm_ws_em0/install/roarm_moveit/include/roarm_moveit/roarm_moveit/srv/detail/move_circle_cmd__type_support.hpp
[0.549s] -- Up-to-date: /home/arsen/roarm_ws_em0/install/roarm_moveit/include/roarm_moveit/roarm_moveit/srv/detail/move_point_cmd__builder.hpp
[0.549s] -- Up-to-date: /home/arsen/roarm_ws_em0/install/roarm_moveit/include/roarm_moveit/roarm_moveit/srv/detail/move_circle_cmd__struct.hpp
[0.549s] -- Up-to-date: /home/arsen/roarm_ws_em0/install/roarm_moveit/include/roarm_moveit/roarm_moveit/srv/detail/get_pose_cmd__builder.hpp
[0.549s] -- Up-to-date: /home/arsen/roarm_ws_em0/install/roarm_moveit/include/roarm_moveit/roarm_moveit/srv/detail/move_point_cmd__type_support.hpp
[0.549s] -- Up-to-date: /home/arsen/roarm_ws_em0/install/roarm_moveit/include/roarm_moveit/roarm_moveit/srv/detail/move_point_cmd__struct.hpp
[0.550s] -- Up-to-date: /home/arsen/roarm_ws_em0/install/roarm_moveit/include/roarm_moveit/roarm_moveit/srv/detail/get_pose_cmd__traits.hpp
[0.550s] -- Up-to-date: /home/arsen/roarm_ws_em0/install/roarm_moveit/include/roarm_moveit/roarm_moveit/srv/detail/move_point_cmd__traits.hpp
[0.550s] -- Up-to-date: /home/arsen/roarm_ws_em0/install/roarm_moveit/include/roarm_moveit/roarm_moveit/srv/detail/get_pose_cmd__struct.hpp
[0.550s] -- Up-to-date: /home/arsen/roarm_ws_em0/install/roarm_moveit/include/roarm_moveit/roarm_moveit/srv/detail/move_circle_cmd__traits.hpp
[0.550s] -- Up-to-date: /home/arsen/roarm_ws_em0/install/roarm_moveit/include/roarm_moveit/roarm_moveit/srv/detail/get_pose_cmd__type_support.hpp
[0.550s] -- Up-to-date: /home/arsen/roarm_ws_em0/install/roarm_moveit/include/roarm_moveit/roarm_moveit/srv/detail/move_circle_cmd__builder.hpp
[0.550s] -- Up-to-date: /home/arsen/roarm_ws_em0/install/roarm_moveit/include/roarm_moveit/roarm_moveit/srv/get_pose_cmd.hpp
[0.550s] -- Up-to-date: /home/arsen/roarm_ws_em0/install/roarm_moveit/include/roarm_moveit/roarm_moveit/srv/move_circle_cmd.hpp
[0.550s] -- Up-to-date: /home/arsen/roarm_ws_em0/install/roarm_moveit/include/roarm_moveit/roarm_moveit
[0.550s] -- Up-to-date: /home/arsen/roarm_ws_em0/install/roarm_moveit/include/roarm_moveit/roarm_moveit/msg
[0.551s] -- Up-to-date: /home/arsen/roarm_ws_em0/install/roarm_moveit/include/roarm_moveit/roarm_moveit/msg/rosidl_typesupport_fastrtps_cpp__visibility_control.h
[0.551s] -- Up-to-date: /home/arsen/roarm_ws_em0/install/roarm_moveit/include/roarm_moveit/roarm_moveit/srv
[0.551s] -- Up-to-date: /home/arsen/roarm_ws_em0/install/roarm_moveit/include/roarm_moveit/roarm_moveit/srv/detail
[0.551s] -- Up-to-date: /home/arsen/roarm_ws_em0/install/roarm_moveit/include/roarm_moveit/roarm_moveit/srv/detail/get_pose_cmd__rosidl_typesupport_fastrtps_cpp.hpp
[0.551s] -- Up-to-date: /home/arsen/roarm_ws_em0/install/roarm_moveit/include/roarm_moveit/roarm_moveit/srv/detail/move_circle_cmd__rosidl_typesupport_fastrtps_cpp.hpp
[0.551s] -- Up-to-date: /home/arsen/roarm_ws_em0/install/roarm_moveit/include/roarm_moveit/roarm_moveit/srv/detail/move_point_cmd__rosidl_typesupport_fastrtps_cpp.hpp
[0.551s] -- Up-to-date: /home/arsen/roarm_ws_em0/install/roarm_moveit/include/roarm_moveit/roarm_moveit/srv/detail/dds_fastrtps
[0.551s] -- Up-to-date: /home/arsen/roarm_ws_em0/install/roarm_moveit/lib/libroarm_moveit__rosidl_typesupport_fastrtps_cpp.so
[0.551s] -- Up-to-date: /home/arsen/roarm_ws_em0/install/roarm_moveit/include/roarm_moveit/roarm_moveit
[0.551s] -- Up-to-date: /home/arsen/roarm_ws_em0/install/roarm_moveit/include/roarm_moveit/roarm_moveit/srv
[0.552s] -- Up-to-date: /home/arsen/roarm_ws_em0/install/roarm_moveit/include/roarm_moveit/roarm_moveit/srv/detail
[0.552s] -- Up-to-date: /home/arsen/roarm_ws_em0/install/roarm_moveit/include/roarm_moveit/roarm_moveit/srv/detail/get_pose_cmd__rosidl_typesupport_introspection_cpp.hpp
[0.552s] -- Up-to-date: /home/arsen/roarm_ws_em0/install/roarm_moveit/include/roarm_moveit/roarm_moveit/srv/detail/move_circle_cmd__rosidl_typesupport_introspection_cpp.hpp
[0.552s] -- Up-to-date: /home/arsen/roarm_ws_em0/install/roarm_moveit/include/roarm_moveit/roarm_moveit/srv/detail/move_point_cmd__rosidl_typesupport_introspection_cpp.hpp
[0.552s] -- Up-to-date: /home/arsen/roarm_ws_em0/install/roarm_moveit/include/roarm_moveit/roarm_moveit/srv/detail/get_pose_cmd__type_support.cpp
[0.552s] -- Up-to-date: /home/arsen/roarm_ws_em0/install/roarm_moveit/include/roarm_moveit/roarm_moveit/srv/detail/move_circle_cmd__type_support.cpp
[0.552s] -- Up-to-date: /home/arsen/roarm_ws_em0/install/roarm_moveit/include/roarm_moveit/roarm_moveit/srv/detail/move_point_cmd__type_support.cpp
[0.552s] -- Up-to-date: /home/arsen/roarm_ws_em0/install/roarm_moveit/lib/libroarm_moveit__rosidl_typesupport_introspection_cpp.so
[0.552s] -- Up-to-date: /home/arsen/roarm_ws_em0/install/roarm_moveit/lib/libroarm_moveit__rosidl_typesupport_cpp.so
[0.552s] -- Up-to-date: /home/arsen/roarm_ws_em0/install/roarm_moveit/share/roarm_moveit/environment/pythonpath.sh
[0.553s] -- Up-to-date: /home/arsen/roarm_ws_em0/install/roarm_moveit/share/roarm_moveit/environment/pythonpath.dsv
[0.553s] -- Up-to-date: /home/arsen/roarm_ws_em0/install/roarm_moveit/local/lib/python3.10/dist-packages/roarm_moveit-0.3.0-py3.10.egg-info
[0.557s] -- Installing: /home/arsen/roarm_ws_em0/install/roarm_moveit/local/lib/python3.10/dist-packages/roarm_moveit-0.3.0-py3.10.egg-info/dependency_links.txt
[0.558s] -- Installing: /home/arsen/roarm_ws_em0/install/roarm_moveit/local/lib/python3.10/dist-packages/roarm_moveit-0.3.0-py3.10.egg-info/PKG-INFO
[0.558s] -- Installing: /home/arsen/roarm_ws_em0/install/roarm_moveit/local/lib/python3.10/dist-packages/roarm_moveit-0.3.0-py3.10.egg-info/top_level.txt
[0.558s] -- Installing: /home/arsen/roarm_ws_em0/install/roarm_moveit/local/lib/python3.10/dist-packages/roarm_moveit-0.3.0-py3.10.egg-info/SOURCES.txt
[0.558s] -- Up-to-date: /home/arsen/roarm_ws_em0/install/roarm_moveit/local/lib/python3.10/dist-packages/roarm_moveit
[0.558s] -- Up-to-date: /home/arsen/roarm_ws_em0/install/roarm_moveit/local/lib/python3.10/dist-packages/roarm_moveit/_roarm_moveit_s.ep.rosidl_typesupport_fastrtps_c.c
[0.558s] -- Up-to-date: /home/arsen/roarm_ws_em0/install/roarm_moveit/local/lib/python3.10/dist-packages/roarm_moveit/libroarm_moveit__rosidl_generator_py.so
[0.558s] -- Up-to-date: /home/arsen/roarm_ws_em0/install/roarm_moveit/local/lib/python3.10/dist-packages/roarm_moveit/roarm_moveit_s__rosidl_typesupport_c.cpython-310-x86_64-linux-gnu.so
[0.558s] -- Up-to-date: /home/arsen/roarm_ws_em0/install/roarm_moveit/local/lib/python3.10/dist-packages/roarm_moveit/__init__.py
[0.558s] -- Up-to-date: /home/arsen/roarm_ws_em0/install/roarm_moveit/local/lib/python3.10/dist-packages/roarm_moveit/_roarm_moveit_s.ep.rosidl_typesupport_introspection_c.c
[0.558s] -- Up-to-date: /home/arsen/roarm_ws_em0/install/roarm_moveit/local/lib/python3.10/dist-packages/roarm_moveit/_roarm_moveit_s.ep.rosidl_typesupport_c.c
[0.559s] -- Up-to-date: /home/arsen/roarm_ws_em0/install/roarm_moveit/local/lib/python3.10/dist-packages/roarm_moveit/roarm_moveit_s__rosidl_typesupport_fastrtps_c.cpython-310-x86_64-linux-gnu.so
[0.559s] -- Up-to-date: /home/arsen/roarm_ws_em0/install/roarm_moveit/local/lib/python3.10/dist-packages/roarm_moveit/srv
[0.559s] -- Up-to-date: /home/arsen/roarm_ws_em0/install/roarm_moveit/local/lib/python3.10/dist-packages/roarm_moveit/srv/_get_pose_cmd_s.c
[0.559s] -- Up-to-date: /home/arsen/roarm_ws_em0/install/roarm_moveit/local/lib/python3.10/dist-packages/roarm_moveit/srv/_move_point_cmd_s.c
[0.559s] -- Up-to-date: /home/arsen/roarm_ws_em0/install/roarm_moveit/local/lib/python3.10/dist-packages/roarm_moveit/srv/__init__.py
[0.559s] -- Up-to-date: /home/arsen/roarm_ws_em0/install/roarm_moveit/local/lib/python3.10/dist-packages/roarm_moveit/srv/_move_circle_cmd.py
[0.559s] -- Up-to-date: /home/arsen/roarm_ws_em0/install/roarm_moveit/local/lib/python3.10/dist-packages/roarm_moveit/srv/_move_point_cmd.py
[0.559s] -- Up-to-date: /home/arsen/roarm_ws_em0/install/roarm_moveit/local/lib/python3.10/dist-packages/roarm_moveit/srv/_move_circle_cmd_s.c
[0.559s] -- Up-to-date: /home/arsen/roarm_ws_em0/install/roarm_moveit/local/lib/python3.10/dist-packages/roarm_moveit/srv/_get_pose_cmd.py
[0.559s] -- Up-to-date: /home/arsen/roarm_ws_em0/install/roarm_moveit/local/lib/python3.10/dist-packages/roarm_moveit/roarm_moveit_s__rosidl_typesupport_introspection_c.cpython-310-x86_64-linux-gnu.so
[0.590s] Listing '/home/arsen/roarm_ws_em0/install/roarm_moveit/local/lib/python3.10/dist-packages/roarm_moveit'...
[0.591s] Listing '/home/arsen/roarm_ws_em0/install/roarm_moveit/local/lib/python3.10/dist-packages/roarm_moveit/srv'...
[0.596s] -- Up-to-date: /home/arsen/roarm_ws_em0/install/roarm_moveit/local/lib/python3.10/dist-packages/roarm_moveit/roarm_moveit_s__rosidl_typesupport_fastrtps_c.cpython-310-x86_64-linux-gnu.so
[0.597s] -- Up-to-date: /home/arsen/roarm_ws_em0/install/roarm_moveit/local/lib/python3.10/dist-packages/roarm_moveit/roarm_moveit_s__rosidl_typesupport_introspection_c.cpython-310-x86_64-linux-gnu.so
[0.598s] -- Up-to-date: /home/arsen/roarm_ws_em0/install/roarm_moveit/local/lib/python3.10/dist-packages/roarm_moveit/roarm_moveit_s__rosidl_typesupport_c.cpython-310-x86_64-linux-gnu.so
[0.599s] -- Up-to-date: /home/arsen/roarm_ws_em0/install/roarm_moveit/lib/libroarm_moveit__rosidl_generator_py.so
[0.599s] -- Up-to-date: /home/arsen/roarm_ws_em0/install/roarm_moveit/share/roarm_moveit/srv/GetPoseCmd.idl
[0.599s] -- Up-to-date: /home/arsen/roarm_ws_em0/install/roarm_moveit/share/roarm_moveit/srv/MovePointCmd.idl
[0.600s] -- Up-to-date: /home/arsen/roarm_ws_em0/install/roarm_moveit/share/roarm_moveit/srv/MoveCircleCmd.idl
[0.600s] -- Up-to-date: /home/arsen/roarm_ws_em0/install/roarm_moveit/share/roarm_moveit/srv/GetPoseCmd.srv
[0.600s] -- Up-to-date: /home/arsen/roarm_ws_em0/install/roarm_moveit/share/roarm_moveit/srv/GetPoseCmd_Request.msg
[0.600s] -- Up-to-date: /home/arsen/roarm_ws_em0/install/roarm_moveit/share/roarm_moveit/srv/GetPoseCmd_Response.msg
[0.600s] -- Up-to-date: /home/arsen/roarm_ws_em0/install/roarm_moveit/share/roarm_moveit/srv/MovePointCmd.srv
[0.600s] -- Up-to-date: /home/arsen/roarm_ws_em0/install/roarm_moveit/share/roarm_moveit/srv/MovePointCmd_Request.msg
[0.600s] -- Up-to-date: /home/arsen/roarm_ws_em0/install/roarm_moveit/share/roarm_moveit/srv/MovePointCmd_Response.msg
[0.600s] -- Up-to-date: /home/arsen/roarm_ws_em0/install/roarm_moveit/share/roarm_moveit/srv/MoveCircleCmd.srv
[0.600s] -- Up-to-date: /home/arsen/roarm_ws_em0/install/roarm_moveit/share/roarm_moveit/srv/MoveCircleCmd_Request.msg
[0.601s] -- Up-to-date: /home/arsen/roarm_ws_em0/install/roarm_moveit/share/roarm_moveit/srv/MoveCircleCmd_Response.msg
[0.601s] -- Up-to-date: /home/arsen/roarm_ws_em0/install/roarm_moveit/share/ament_index/resource_index/package_run_dependencies/roarm_moveit
[0.601s] -- Up-to-date: /home/arsen/roarm_ws_em0/install/roarm_moveit/share/ament_index/resource_index/parent_prefix_path/roarm_moveit
[0.601s] -- Up-to-date: /home/arsen/roarm_ws_em0/install/roarm_moveit/share/roarm_moveit/environment/ament_prefix_path.sh
[0.601s] -- Up-to-date: /home/arsen/roarm_ws_em0/install/roarm_moveit/share/roarm_moveit/environment/ament_prefix_path.dsv
[0.601s] -- Up-to-date: /home/arsen/roarm_ws_em0/install/roarm_moveit/share/roarm_moveit/environment/path.sh
[0.601s] -- Up-to-date: /home/arsen/roarm_ws_em0/install/roarm_moveit/share/roarm_moveit/environment/path.dsv
[0.601s] -- Up-to-date: /home/arsen/roarm_ws_em0/install/roarm_moveit/share/roarm_moveit/local_setup.bash
[0.601s] -- Up-to-date: /home/arsen/roarm_ws_em0/install/roarm_moveit/share/roarm_moveit/local_setup.sh
[0.601s] -- Up-to-date: /home/arsen/roarm_ws_em0/install/roarm_moveit/share/roarm_moveit/local_setup.zsh
[0.602s] -- Up-to-date: /home/arsen/roarm_ws_em0/install/roarm_moveit/share/roarm_moveit/local_setup.dsv
[0.602s] -- Installing: /home/arsen/roarm_ws_em0/install/roarm_moveit/share/roarm_moveit/package.dsv
[0.602s] -- Up-to-date: /home/arsen/roarm_ws_em0/install/roarm_moveit/share/ament_index/resource_index/packages/roarm_moveit
[0.602s] -- Up-to-date: /home/arsen/roarm_ws_em0/install/roarm_moveit/share/roarm_moveit/cmake/export_roarm_moveit__rosidl_generator_cExport.cmake
[0.602s] -- Up-to-date: /home/arsen/roarm_ws_em0/install/roarm_moveit/share/roarm_moveit/cmake/export_roarm_moveit__rosidl_generator_cExport-noconfig.cmake
[0.603s] -- Up-to-date: /home/arsen/roarm_ws_em0/install/roarm_moveit/share/roarm_moveit/cmake/export_roarm_moveit__rosidl_typesupport_fastrtps_cExport.cmake
[0.603s] -- Up-to-date: /home/arsen/roarm_ws_em0/install/roarm_moveit/share/roarm_moveit/cmake/export_roarm_moveit__rosidl_typesupport_fastrtps_cExport-noconfig.cmake
[0.603s] -- Up-to-date: /home/arsen/roarm_ws_em0/install/roarm_moveit/share/roarm_moveit/cmake/roarm_moveit__rosidl_typesupport_introspection_cExport.cmake
[0.603s] -- Up-to-date: /home/arsen/roarm_ws_em0/install/roarm_moveit/share/roarm_moveit/cmake/roarm_moveit__rosidl_typesupport_introspection_cExport-noconfig.cmake
[0.604s] -- Up-to-date: /home/arsen/roarm_ws_em0/install/roarm_moveit/share/roarm_moveit/cmake/roarm_moveit__rosidl_typesupport_cExport.cmake
[0.604s] -- Up-to-date: /home/arsen/roarm_ws_em0/install/roarm_moveit/share/roarm_moveit/cmake/roarm_moveit__rosidl_typesupport_cExport-noconfig.cmake
[0.604s] -- Up-to-date: /home/arsen/roarm_ws_em0/install/roarm_moveit/share/roarm_moveit/cmake/export_roarm_moveit__rosidl_generator_cppExport.cmake
[0.604s] -- Up-to-date: /home/arsen/roarm_ws_em0/install/roarm_moveit/share/roarm_moveit/cmake/export_roarm_moveit__rosidl_typesupport_fastrtps_cppExport.cmake
[0.604s] -- Up-to-date: /home/arsen/roarm_ws_em0/install/roarm_moveit/share/roarm_moveit/cmake/export_roarm_moveit__rosidl_typesupport_fastrtps_cppExport-noconfig.cmake
[0.605s] -- Up-to-date: /home/arsen/roarm_ws_em0/install/roarm_moveit/share/roarm_moveit/cmake/roarm_moveit__rosidl_typesupport_introspection_cppExport.cmake
[0.605s] -- Up-to-date: /home/arsen/roarm_ws_em0/install/roarm_moveit/share/roarm_moveit/cmake/roarm_moveit__rosidl_typesupport_introspection_cppExport-noconfig.cmake
[0.605s] -- Up-to-date: /home/arsen/roarm_ws_em0/install/roarm_moveit/share/roarm_moveit/cmake/roarm_moveit__rosidl_typesupport_cppExport.cmake
[0.605s] -- Up-to-date: /home/arsen/roarm_ws_em0/install/roarm_moveit/share/roarm_moveit/cmake/roarm_moveit__rosidl_typesupport_cppExport-noconfig.cmake
[0.606s] -- Up-to-date: /home/arsen/roarm_ws_em0/install/roarm_moveit/share/roarm_moveit/cmake/export_roarm_moveit__rosidl_generator_pyExport.cmake
[0.606s] -- Up-to-date: /home/arsen/roarm_ws_em0/install/roarm_moveit/share/roarm_moveit/cmake/export_roarm_moveit__rosidl_generator_pyExport-noconfig.cmake
[0.606s] -- Up-to-date: /home/arsen/roarm_ws_em0/install/roarm_moveit/share/roarm_moveit/cmake/rosidl_cmake-extras.cmake
[0.606s] -- Up-to-date: /home/arsen/roarm_ws_em0/install/roarm_moveit/share/roarm_moveit/cmake/ament_cmake_export_include_directories-extras.cmake
[0.606s] -- Up-to-date: /home/arsen/roarm_ws_em0/install/roarm_moveit/share/roarm_moveit/cmake/ament_cmake_export_libraries-extras.cmake
[0.606s] -- Up-to-date: /home/arsen/roarm_ws_em0/install/roarm_moveit/share/roarm_moveit/cmake/ament_cmake_export_targets-extras.cmake
[0.607s] -- Up-to-date: /home/arsen/roarm_ws_em0/install/roarm_moveit/share/roarm_moveit/cmake/rosidl_cmake_export_typesupport_targets-extras.cmake
[0.607s] -- Up-to-date: /home/arsen/roarm_ws_em0/install/roarm_moveit/share/roarm_moveit/cmake/ament_cmake_export_dependencies-extras.cmake
[0.607s] -- Up-to-date: /home/arsen/roarm_ws_em0/install/roarm_moveit/share/roarm_moveit/cmake/rosidl_cmake_export_typesupport_libraries-extras.cmake
[0.607s] -- Up-to-date: /home/arsen/roarm_ws_em0/install/roarm_moveit/share/roarm_moveit/cmake/roarm_moveitConfig.cmake
[0.607s] -- Up-to-date: /home/arsen/roarm_ws_em0/install/roarm_moveit/share/roarm_moveit/cmake/roarm_moveitConfig-version.cmake
[0.607s] -- Up-to-date: /home/arsen/roarm_ws_em0/install/roarm_moveit/share/roarm_moveit/package.xml
[0.607s] -- Up-to-date: /home/arsen/roarm_ws_em0/install/roarm_moveit/share/roarm_moveit/launch
[0.607s] -- Up-to-date: /home/arsen/roarm_ws_em0/install/roarm_moveit/share/roarm_moveit/launch/command_control_moveit_rviz.launch.py
[0.607s] -- Up-to-date: /home/arsen/roarm_ws_em0/install/roarm_moveit/share/roarm_moveit/launch/spawn_controllers.launch.py
[0.608s] -- Up-to-date: /home/arsen/roarm_ws_em0/install/roarm_moveit/share/roarm_moveit/launch/interact.launch.py
[0.608s] -- Up-to-date: /home/arsen/roarm_ws_em0/install/roarm_moveit/share/roarm_moveit/launch/setup_assistant.launch.py
[0.608s] -- Up-to-date: /home/arsen/roarm_ws_em0/install/roarm_moveit/share/roarm_moveit/launch/moveit_rviz.launch.py
[0.608s] -- Up-to-date: /home/arsen/roarm_ws_em0/install/roarm_moveit/share/roarm_moveit/launch/warehouse_db.launch.py
[0.608s] -- Up-to-date: /home/arsen/roarm_ws_em0/install/roarm_moveit/share/roarm_moveit/launch/interact_moveit_rviz.launch.py
[0.608s] -- Up-to-date: /home/arsen/roarm_ws_em0/install/roarm_moveit/share/roarm_moveit/launch/static_virtual_joint_tfs.launch.py
[0.608s] -- Up-to-date: /home/arsen/roarm_ws_em0/install/roarm_moveit/share/roarm_moveit/launch/move_group.launch.py
[0.608s] -- Up-to-date: /home/arsen/roarm_ws_em0/install/roarm_moveit/share/roarm_moveit/launch/demo.launch.py
[0.608s] -- Up-to-date: /home/arsen/roarm_ws_em0/install/roarm_moveit/share/roarm_moveit/launch/rsp.launch.py
[0.608s] -- Up-to-date: /home/arsen/roarm_ws_em0/install/roarm_moveit/share/roarm_moveit/config
[0.609s] -- Up-to-date: /home/arsen/roarm_ws_em0/install/roarm_moveit/share/roarm_moveit/config/moveit.rviz
[0.609s] -- Up-to-date: /home/arsen/roarm_ws_em0/install/roarm_moveit/share/roarm_moveit/config/roarm_description.srdf
[0.609s] -- Up-to-date: /home/arsen/roarm_ws_em0/install/roarm_moveit/share/roarm_moveit/config/pilz_cartesian_limits.yaml
[0.609s] -- Up-to-date: /home/arsen/roarm_ws_em0/install/roarm_moveit/share/roarm_moveit/config/ros2_controllers.yaml
[0.609s] -- Up-to-date: /home/arsen/roarm_ws_em0/install/roarm_moveit/share/roarm_moveit/config/joint_limits.yaml
[0.609s] -- Up-to-date: /home/arsen/roarm_ws_em0/install/roarm_moveit/share/roarm_moveit/config/initial_positions.yaml
[0.609s] -- Up-to-date: /home/arsen/roarm_ws_em0/install/roarm_moveit/share/roarm_moveit/config/roarm_description.ros2_control.xacro
[0.609s] -- Up-to-date: /home/arsen/roarm_ws_em0/install/roarm_moveit/share/roarm_moveit/config/sensors_3d.yaml
[0.609s] -- Up-to-date: /home/arsen/roarm_ws_em0/install/roarm_moveit/share/roarm_moveit/config/moveit_controllers.yaml
[0.609s] -- Up-to-date: /home/arsen/roarm_ws_em0/install/roarm_moveit/share/roarm_moveit/config/kinematics.yaml
[0.610s] -- Up-to-date: /home/arsen/roarm_ws_em0/install/roarm_moveit/share/roarm_moveit/config/roarm_description.urdf.xacro
[0.610s] -- Up-to-date: /home/arsen/roarm_ws_em0/install/roarm_moveit/share/roarm_moveit/config/interact.rviz
[0.610s] -- Up-to-date: /home/arsen/roarm_ws_em0/install/roarm_moveit/share/roarm_moveit/.setup_assistant
[0.611s] Invoked command in '/home/arsen/roarm_ws_em0/build/roarm_moveit' returned '0': CMAKE_PREFIX_PATH=/home/arsen/roarm_ws_em0/install/roarm_description:/home/arsen/roarm_ws_em0/install/ros2web_interfaces:/home/arsen/roarm_ws_em0/install/roarm_moveit_ikfast_plugins:/home/arsen/roarm_ws_em0/install/roarm_moveit_cmd:/home/arsen/roarm_ws_em0/install/roarm_moveit:/home/arsen/roarm_ws_em0/install/moveit_servo:/home/arsen/roarm_ws_em0/install/ros2web_widgets:/home/arsen/roarm_ws_em0/install/ros2web_example_py:/home/arsen/roarm_ws_em0/install/roarm_web_app:/home/arsen/roarm_ws_em0/install/ros2web_app:/home/arsen/roarm_ws_em0/install/ros2web:/home/arsen/roarm_ws_em0/install/roarm_driver:/home/arsen/roarm_ws_em0/install/launch_api:/home/arsen/ros2_ws/install/my_robot_controller:/opt/ros/humble /usr/bin/cmake --install /home/arsen/roarm_ws_em0/build/roarm_moveit
