[1.498s] Invoking command in '/home/arsen/roarm_ws_em0/src/roarm_else/ros2web-ros2/ros2web': PYTHONPATH=/home/arsen/roarm_ws_em0/build/ros2web/prefix_override:/usr/lib/python3/dist-packages/colcon_core/task/python/colcon_distutils_commands:/home/arsen/roarm_ws_em0/install/ros2web/lib/python3.10/site-packages:${PYTHONPATH} /usr/bin/python3 -W ignore:setup.py install is deprecated -W ignore:easy_install command is deprecated setup.py egg_info --egg-base ../../../../build/ros2web build --build-base /home/arsen/roarm_ws_em0/build/ros2web/build install --record /home/arsen/roarm_ws_em0/build/ros2web/install.log --single-version-externally-managed install_data
[1.989s] running egg_info
[1.992s] writing ../../../../build/ros2web/ros2web.egg-info/PKG-INFO
[1.992s] writing dependency_links to ../../../../build/ros2web/ros2web.egg-info/dependency_links.txt
[1.992s] writing entry points to ../../../../build/ros2web/ros2web.egg-info/entry_points.txt
[1.993s] writing requirements to ../../../../build/ros2web/ros2web.egg-info/requires.txt
[1.993s] writing top-level names to ../../../../build/ros2web/ros2web.egg-info/top_level.txt
[2.000s] reading manifest file '../../../../build/ros2web/ros2web.egg-info/SOURCES.txt'
[2.003s] writing manifest file '../../../../build/ros2web/ros2web.egg-info/SOURCES.txt'
[2.003s] running build
[2.003s] running build_py
[2.006s] running install
[2.007s] running install_lib
[2.011s] running install_data
[2.011s] running install_egg_info
[2.016s] removing '/home/arsen/roarm_ws_em0/install/ros2web/lib/python3.10/site-packages/ros2web-0.0.1-py3.10.egg-info' (and everything under it)
[2.016s] Copying ../../../../build/ros2web/ros2web.egg-info to /home/arsen/roarm_ws_em0/install/ros2web/lib/python3.10/site-packages/ros2web-0.0.1-py3.10.egg-info
[2.017s] running install_scripts
[2.053s] writing list of installed files to '/home/arsen/roarm_ws_em0/build/ros2web/install.log'
[2.096s] Invoked command in '/home/arsen/roarm_ws_em0/src/roarm_else/ros2web-ros2/ros2web' returned '0': PYTHONPATH=/home/arsen/roarm_ws_em0/build/ros2web/prefix_override:/usr/lib/python3/dist-packages/colcon_core/task/python/colcon_distutils_commands:/home/arsen/roarm_ws_em0/install/ros2web/lib/python3.10/site-packages:${PYTHONPATH} /usr/bin/python3 -W ignore:setup.py install is deprecated -W ignore:easy_install command is deprecated setup.py egg_info --egg-base ../../../../build/ros2web build --build-base /home/arsen/roarm_ws_em0/build/ros2web/build install --record /home/arsen/roarm_ws_em0/build/ros2web/install.log --single-version-externally-managed install_data
