[0.028s] Invoking command in '/home/arsen/roarm_ws_em0/build/moveit_servo': CMAKE_PREFIX_PATH=/home/arsen/ros2_ws/install/my_robot_controller:/opt/ros/humble /usr/bin/cmake /home/arsen/roarm_ws_em0/src/roarm_main/moveit_servo -DCMAKE_INSTALL_PREFIX=/home/arsen/roarm_ws_em0/install/moveit_servo
[0.549s] -- Found moveit_common: 2.5.8 (/opt/ros/humble/share/moveit_common/cmake)
[0.550s] -- Found ament_cmake: 1.3.11 (/opt/ros/humble/share/ament_cmake/cmake)
[0.550s] -- Found Python3: /usr/bin/python3 (found version "3.10.12") found components: Interpreter 
[0.550s] -- Found eigen3_cmake_module: 0.1.1 (/opt/ros/humble/share/eigen3_cmake_module/cmake)
[0.550s] -- Found Eigen3: TRUE (found version "3.4.0") 
[0.550s] -- Found control_msgs: 4.7.0 (/opt/ros/humble/share/control_msgs/cmake)
[0.550s] -- Found rosidl_generator_c: 3.1.6 (/opt/ros/humble/share/rosidl_generator_c/cmake)
[0.550s] -- Found rosidl_adapter: 3.1.6 (/opt/ros/humble/share/rosidl_adapter/cmake)
[0.551s] -- Found rosidl_generator_cpp: 3.1.6 (/opt/ros/humble/share/rosidl_generator_cpp/cmake)
[0.551s] -- Using all available rosidl_typesupport_c: rosidl_typesupport_fastrtps_c;rosidl_typesupport_introspection_c
[0.551s] -- Using all available rosidl_typesupport_cpp: rosidl_typesupport_fastrtps_cpp;rosidl_typesupport_introspection_cpp
[0.551s] [0mmoveit_servo: You did not request a specific build type: Choosing 'Release' for maximum performance[0m
[0.624s] -- Found control_toolbox: 3.6.0 (/opt/ros/humble/share/control_toolbox/cmake)
[0.706s] -- Found rmw_implementation_cmake: 6.1.2 (/opt/ros/humble/share/rmw_implementation_cmake/cmake)
[0.711s] -- Found rmw_fastrtps_cpp: 6.2.7 (/opt/ros/humble/share/rmw_fastrtps_cpp/cmake)
[0.833s] -- Found OpenSSL: /usr/lib/x86_64-linux-gnu/libcrypto.so (found version "3.0.2")  
[0.869s] -- Found FastRTPS: /opt/ros/humble/include  
[0.925s] -- Using RMW implementation 'rmw_fastrtps_cpp' as default
[0.942s] -- Looking for pthread.h
[1.079s] -- Looking for pthread.h - found
[1.079s] -- Performing Test CMAKE_HAVE_LIBC_PTHREAD
[1.239s] -- Performing Test CMAKE_HAVE_LIBC_PTHREAD - Success
[1.239s] -- Found Threads: TRUE  
[1.475s] -- Found moveit_core: 2.5.8 (/opt/ros/humble/share/moveit_core/cmake)
[1.524s] -- Found Boost: /usr/lib/x86_64-linux-gnu/cmake/Boost-1.74.0/BoostConfig.cmake (found version "1.74.0") found components: chrono date_time filesystem iostreams program_options regex serialization system thread 
[1.580s] -- Found Boost: /usr/lib/x86_64-linux-gnu/cmake/Boost-1.74.0/BoostConfig.cmake (found version "1.74.0") found components: filesystem 
[1.674s] -- library: /usr/lib/x86_64-linux-gnu/libcurl.so
[1.748s] -- Ensuring Eigen3 include directory is part of orocos-kdl CMake target
[2.115s] -- Found moveit_ros_planning: 2.5.8 (/opt/ros/humble/share/moveit_ros_planning/cmake)
[2.126s] -- Found Boost: /usr/lib/x86_64-linux-gnu/cmake/Boost-1.74.0/BoostConfig.cmake (found version "1.74.0") found components: system filesystem date_time program_options thread chrono 
[2.179s] -- Found std_srvs: 4.2.4 (/opt/ros/humble/share/std_srvs/cmake)
[2.308s] -- Found ament_lint_auto: 0.12.11 (/opt/ros/humble/share/ament_lint_auto/cmake)
[2.311s] -- Found ament_cmake_gtest: 1.3.11 (/opt/ros/humble/share/ament_cmake_gtest/cmake)
[2.318s] -- Found Boost: /usr/lib/x86_64-linux-gnu/cmake/Boost-1.74.0/BoostConfig.cmake (found version "1.74.0") found components: filesystem 
[2.468s] -- Found gtest sources under '/opt/ros/humble/src/gtest_vendor': C++ tests using 'Google Test' will be built
[2.539s] -- Added test 'cppcheck' to perform static code analysis on C / C++ code
[2.545s] -- Configured cppcheck include dirs: /home/arsen/roarm_ws_em0/src/roarm_main/moveit_servo/include
[2.545s] -- Configured cppcheck exclude dirs and/or files: 
[2.546s] -- Added test 'lint_cmake' to check CMake code style
[2.547s] -- Added test 'pep257' to check Python code against some of the docstring style conventions in PEP 257
[2.548s] -- Added test 'xmllint' to check XML markup files
[2.551s] -- Configuring done
[2.930s] -- Generating done
[3.059s] -- Build files have been written to: /home/arsen/roarm_ws_em0/build/moveit_servo
[3.091s] Invoked command in '/home/arsen/roarm_ws_em0/build/moveit_servo' returned '0': CMAKE_PREFIX_PATH=/home/arsen/ros2_ws/install/my_robot_controller:/opt/ros/humble /usr/bin/cmake /home/arsen/roarm_ws_em0/src/roarm_main/moveit_servo -DCMAKE_INSTALL_PREFIX=/home/arsen/roarm_ws_em0/install/moveit_servo
[3.092s] Invoking command in '/home/arsen/roarm_ws_em0/build/moveit_servo': CMAKE_PREFIX_PATH=/home/arsen/ros2_ws/install/my_robot_controller:/opt/ros/humble /usr/bin/cmake --build /home/arsen/roarm_ws_em0/build/moveit_servo -- -j8 -l8
[3.205s] [  3%] [32mBuilding CXX object CMakeFiles/moveit_servo_lib_parameters.dir/src/servo_parameters.cpp.o[0m
[3.206s] [  6%] [32mBuilding CXX object CMakeFiles/fake_command_publisher.dir/test/publish_fake_jog_commands.cpp.o[0m
[3.208s] [  9%] [32mBuilding CXX object CMakeFiles/moveit_servo_lib_parameters.dir/src/parameter_descriptor_builder.cpp.o[0m
[3.216s] [ 12%] [32mBuilding CXX object gtest/CMakeFiles/gtest_main.dir/src/gtest_main.cc.o[0m
[3.222s] [ 15%] [32mBuilding CXX object CMakeFiles/servo_controller_input.dir/src/teleop_demo/joystick_servo_example.cpp.o[0m
[3.234s] [ 18%] [32mBuilding CXX object gtest/CMakeFiles/gtest.dir/src/gtest-all.cc.o[0m
[6.132s] [ 21%] [32m[1mLinking CXX static library libgtest_main.a[0m
[6.270s] [ 21%] Built target gtest_main
[15.725s] [ 24%] [32m[1mLinking CXX executable fake_command_publisher[0m
[16.036s] [ 24%] Built target fake_command_publisher
[19.936s] [ 27%] [32m[1mLinking CXX static library libgtest.a[0m
[19.993s] [ 27%] Built target gtest
[23.774s] [ 30%] [32m[1mLinking CXX shared library libmoveit_servo_lib_parameters.so[0m
[23.987s] [ 30%] Built target moveit_servo_lib_parameters
[24.010s] [ 45%] [32mBuilding CXX object CMakeFiles/moveit_servo_lib.dir/src/servo.cpp.o[0m
[24.010s] [ 45%] [32mBuilding CXX object CMakeFiles/test_servo_collision.dir/test/test_servo_collision.cpp.o[0m
[24.010s] [ 45%] [32mBuilding CXX object CMakeFiles/test_servo_integration.dir/test/test_servo_interface.cpp.o[0m
[24.010s] [ 45%] [32mBuilding CXX object CMakeFiles/moveit_servo_lib.dir/src/collision_check.cpp.o[0m
[24.010s] [ 45%] [32mBuilding CXX object CMakeFiles/moveit_servo_lib.dir/src/enforce_limits.cpp.o[0m
[24.010s] [ 48%] [32mBuilding CXX object CMakeFiles/moveit_servo_lib.dir/src/servo_calcs.cpp.o[0m
[24.011s] [ 51%] [32mBuilding CXX object CMakeFiles/moveit_servo_lib.dir/src/utilities.cpp.o[0m
[24.980s] [ 54%] [32m[1mLinking CXX shared library libservo_controller_input.so[0m
[25.810s] [ 54%] Built target servo_controller_input
[59.868s] [ 57%] [32m[1mLinking CXX executable test_servo_collision[0m
[60.651s] [ 57%] Built target test_servo_collision
[64.482s] [ 60%] [32m[1mLinking CXX executable test_servo_integration[0m
[64.947s] [ 60%] Built target test_servo_integration
[78.155s] [ 63%] [32m[1mLinking CXX shared library libmoveit_servo_lib.so[0m
[78.604s] [ 63%] Built target moveit_servo_lib
[78.630s] [ 66%] [32mBuilding CXX object CMakeFiles/pose_tracking.dir/src/pose_tracking.cpp.o[0m
[78.632s] [ 72%] [32mBuilding CXX object CMakeFiles/servo_calcs_unit_tests.dir/test/servo_calcs_unit_tests.cpp.o[0m
[78.632s] [ 72%] [32mBuilding CXX object CMakeFiles/servo_node.dir/src/servo_node.cpp.o[0m
[90.425s] [ 75%] [32m[1mLinking CXX shared library libservo_node.so[0m
[90.671s] [ 75%] Built target servo_node
[90.692s] [ 78%] [32mBuilding CXX object CMakeFiles/servo_node_main.dir/src/servo_node_main.cpp.o[0m
[98.267s] [ 81%] [32m[1mLinking CXX shared library libpose_tracking.so[0m
[98.577s] [ 81%] Built target pose_tracking
[98.599s] [ 84%] [32mBuilding CXX object CMakeFiles/servo_pose_tracking_demo.dir/src/cpp_interface_demo/pose_tracking_demo.cpp.o[0m
[98.601s] [ 87%] [32mBuilding CXX object CMakeFiles/test_servo_pose_tracking.dir/test/pose_tracking_test.cpp.o[0m
[101.173s] [ 90%] [32m[1mLinking CXX executable servo_calcs_unit_tests[0m
[101.191s] [ 93%] [32m[1mLinking CXX executable servo_node_main[0m
[101.604s] [ 93%] Built target servo_node_main
[101.669s] [ 93%] Built target servo_calcs_unit_tests
[115.244s] [ 96%] [32m[1mLinking CXX executable servo_pose_tracking_demo[0m
[115.627s] [ 96%] Built target servo_pose_tracking_demo
[117.624s] [100%] [32m[1mLinking CXX executable test_servo_pose_tracking[0m
[118.022s] [100%] Built target test_servo_pose_tracking
[118.058s] Invoked command in '/home/arsen/roarm_ws_em0/build/moveit_servo' returned '0': CMAKE_PREFIX_PATH=/home/arsen/ros2_ws/install/my_robot_controller:/opt/ros/humble /usr/bin/cmake --build /home/arsen/roarm_ws_em0/build/moveit_servo -- -j8 -l8
[118.061s] Invoking command in '/home/arsen/roarm_ws_em0/build/moveit_servo': CMAKE_PREFIX_PATH=/home/arsen/ros2_ws/install/my_robot_controller:/opt/ros/humble /usr/bin/cmake --install /home/arsen/roarm_ws_em0/build/moveit_servo
[118.071s] -- Install configuration: "Release"
[118.071s] -- Installing: /home/arsen/roarm_ws_em0/install/moveit_servo/lib/libmoveit_servo_lib.so.2.5.5
[118.076s] -- Set runtime path of "/home/arsen/roarm_ws_em0/install/moveit_servo/lib/libmoveit_servo_lib.so.2.5.5" to ""
[118.076s] -- Installing: /home/arsen/roarm_ws_em0/install/moveit_servo/lib/libmoveit_servo_lib.so
[118.076s] -- Installing: /home/arsen/roarm_ws_em0/install/moveit_servo/lib/libmoveit_servo_lib_parameters.so.2.5.5
[118.077s] -- Set runtime path of "/home/arsen/roarm_ws_em0/install/moveit_servo/lib/libmoveit_servo_lib_parameters.so.2.5.5" to ""
[118.077s] -- Installing: /home/arsen/roarm_ws_em0/install/moveit_servo/lib/libmoveit_servo_lib_parameters.so
[118.077s] -- Installing: /home/arsen/roarm_ws_em0/install/moveit_servo/lib/libpose_tracking.so
[118.078s] -- Set runtime path of "/home/arsen/roarm_ws_em0/install/moveit_servo/lib/libpose_tracking.so" to ""
[118.078s] -- Installing: /home/arsen/roarm_ws_em0/install/moveit_servo/lib/libservo_node.so
[118.079s] -- Set runtime path of "/home/arsen/roarm_ws_em0/install/moveit_servo/lib/libservo_node.so" to ""
[118.079s] -- Installing: /home/arsen/roarm_ws_em0/install/moveit_servo/lib/libservo_controller_input.so
[118.081s] -- Set runtime path of "/home/arsen/roarm_ws_em0/install/moveit_servo/lib/libservo_controller_input.so" to ""
[118.081s] -- Installing: /home/arsen/roarm_ws_em0/install/moveit_servo/lib/moveit_servo/servo_node_main
[118.082s] -- Set runtime path of "/home/arsen/roarm_ws_em0/install/moveit_servo/lib/moveit_servo/servo_node_main" to ""
[118.082s] -- Installing: /home/arsen/roarm_ws_em0/install/moveit_servo/lib/moveit_servo/servo_pose_tracking_demo
[118.083s] -- Set runtime path of "/home/arsen/roarm_ws_em0/install/moveit_servo/lib/moveit_servo/servo_pose_tracking_demo" to ""
[118.083s] -- Installing: /home/arsen/roarm_ws_em0/install/moveit_servo/lib/moveit_servo/fake_command_publisher
[118.085s] -- Set runtime path of "/home/arsen/roarm_ws_em0/install/moveit_servo/lib/moveit_servo/fake_command_publisher" to ""
[118.085s] -- Installing: /home/arsen/roarm_ws_em0/install/moveit_servo/include
[118.085s] -- Installing: /home/arsen/roarm_ws_em0/install/moveit_servo/include/moveit_servo
[118.085s] -- Installing: /home/arsen/roarm_ws_em0/install/moveit_servo/include/moveit_servo/utilities.h
[118.085s] -- Installing: /home/arsen/roarm_ws_em0/install/moveit_servo/include/moveit_servo/status_codes.h
[118.086s] -- Installing: /home/arsen/roarm_ws_em0/install/moveit_servo/include/moveit_servo/make_shared_from_pool.h
[118.086s] -- Installing: /home/arsen/roarm_ws_em0/install/moveit_servo/include/moveit_servo/enforce_limits.hpp
[118.086s] -- Installing: /home/arsen/roarm_ws_em0/install/moveit_servo/include/moveit_servo/servo_server.h
[118.086s] -- Installing: /home/arsen/roarm_ws_em0/install/moveit_servo/include/moveit_servo/servo.h
[118.086s] -- Installing: /home/arsen/roarm_ws_em0/install/moveit_servo/include/moveit_servo/servo_parameters.h
[118.086s] -- Installing: /home/arsen/roarm_ws_em0/install/moveit_servo/include/moveit_servo/collision_check.h
[118.087s] -- Installing: /home/arsen/roarm_ws_em0/install/moveit_servo/include/moveit_servo/parameter_descriptor_builder.hpp
[118.087s] -- Installing: /home/arsen/roarm_ws_em0/install/moveit_servo/include/moveit_servo/servo_node.h
[118.087s] -- Installing: /home/arsen/roarm_ws_em0/install/moveit_servo/include/moveit_servo/servo_calcs.h
[118.087s] -- Installing: /home/arsen/roarm_ws_em0/install/moveit_servo/include/moveit_servo/pose_tracking.h
[118.087s] -- Installing: /home/arsen/roarm_ws_em0/install/moveit_servo/share/moveit_servo/launch
[118.087s] -- Installing: /home/arsen/roarm_ws_em0/install/moveit_servo/share/moveit_servo/launch/servo_control.launch.py
[118.087s] -- Installing: /home/arsen/roarm_ws_em0/install/moveit_servo/share/moveit_servo/launch/demo.launch.py
[118.088s] -- Installing: /home/arsen/roarm_ws_em0/install/moveit_servo/share/moveit_servo/config
[118.088s] -- Installing: /home/arsen/roarm_ws_em0/install/moveit_servo/share/moveit_servo/config/roarm_simulated_config.yaml
[118.088s] -- Installing: /home/arsen/roarm_ws_em0/install/moveit_servo/share/moveit_servo/config/servo_control.rviz
[118.089s] -- Installing: /home/arsen/roarm_ws_em0/install/moveit_servo/share/moveit_servo/config/demo.rviz
[118.089s] -- Installing: /home/arsen/roarm_ws_em0/install/moveit_servo/share/moveit_servo/environment/library_path.sh
[118.089s] -- Installing: /home/arsen/roarm_ws_em0/install/moveit_servo/share/moveit_servo/environment/library_path.dsv
[118.090s] -- Installing: /home/arsen/roarm_ws_em0/install/moveit_servo/share/ament_index/resource_index/package_run_dependencies/moveit_servo
[118.090s] -- Installing: /home/arsen/roarm_ws_em0/install/moveit_servo/share/ament_index/resource_index/parent_prefix_path/moveit_servo
[118.091s] -- Installing: /home/arsen/roarm_ws_em0/install/moveit_servo/share/moveit_servo/environment/ament_prefix_path.sh
[118.091s] -- Installing: /home/arsen/roarm_ws_em0/install/moveit_servo/share/moveit_servo/environment/ament_prefix_path.dsv
[118.091s] -- Installing: /home/arsen/roarm_ws_em0/install/moveit_servo/share/moveit_servo/environment/path.sh
[118.092s] -- Installing: /home/arsen/roarm_ws_em0/install/moveit_servo/share/moveit_servo/environment/path.dsv
[118.092s] -- Installing: /home/arsen/roarm_ws_em0/install/moveit_servo/share/moveit_servo/local_setup.bash
[118.092s] -- Installing: /home/arsen/roarm_ws_em0/install/moveit_servo/share/moveit_servo/local_setup.sh
[118.093s] -- Installing: /home/arsen/roarm_ws_em0/install/moveit_servo/share/moveit_servo/local_setup.zsh
[118.093s] -- Installing: /home/arsen/roarm_ws_em0/install/moveit_servo/share/moveit_servo/local_setup.dsv
[118.093s] -- Installing: /home/arsen/roarm_ws_em0/install/moveit_servo/share/moveit_servo/package.dsv
[118.093s] -- Installing: /home/arsen/roarm_ws_em0/install/moveit_servo/share/ament_index/resource_index/packages/moveit_servo
[118.093s] -- Installing: /home/arsen/roarm_ws_em0/install/moveit_servo/share/ament_index/resource_index/rclcpp_components/moveit_servo
[118.094s] -- Installing: /home/arsen/roarm_ws_em0/install/moveit_servo/share/moveit_servo/cmake/export_moveit_servoExport.cmake
[118.094s] -- Installing: /home/arsen/roarm_ws_em0/install/moveit_servo/share/moveit_servo/cmake/export_moveit_servoExport-release.cmake
[118.095s] -- Installing: /home/arsen/roarm_ws_em0/install/moveit_servo/share/moveit_servo/cmake/ament_cmake_export_targets-extras.cmake
[118.095s] -- Installing: /home/arsen/roarm_ws_em0/install/moveit_servo/share/moveit_servo/cmake/ament_cmake_export_dependencies-extras.cmake
[118.095s] -- Installing: /home/arsen/roarm_ws_em0/install/moveit_servo/share/moveit_servo/cmake/moveit_servoConfig.cmake
[118.096s] -- Installing: /home/arsen/roarm_ws_em0/install/moveit_servo/share/moveit_servo/cmake/moveit_servoConfig-version.cmake
[118.096s] -- Installing: /home/arsen/roarm_ws_em0/install/moveit_servo/share/moveit_servo/package.xml
[118.099s] Invoked command in '/home/arsen/roarm_ws_em0/build/moveit_servo' returned '0': CMAKE_PREFIX_PATH=/home/arsen/ros2_ws/install/my_robot_controller:/opt/ros/humble /usr/bin/cmake --install /home/arsen/roarm_ws_em0/build/moveit_servo
