[0.038s] Invoking command in '/home/arsen/roarm_ws_em0/build/ros2web_interfaces': CMAKE_PREFIX_PATH=${CMAKE_PREFIX_PATH}:/home/arsen/roarm_ws_em0/install/ros2web_widgets:/home/arsen/roarm_ws_em0/install/ros2web_example_py:/home/arsen/roarm_ws_em0/install/roarm_web_app:/home/arsen/roarm_ws_em0/install/ros2web_app:/home/arsen/roarm_ws_em0/install/ros2web:/home/arsen/roarm_ws_em0/install/roarm_driver:/home/arsen/roarm_ws_em0/install/launch_api:/home/arsen/ros2_ws/install/my_robot_controller:/opt/ros/humble /usr/bin/cmake --build /home/arsen/roarm_ws_em0/build/ros2web_interfaces -- -j8 -l8
[0.714s] [  1%] Built target ros2web_interfaces__cpp
[0.715s] [ 12%] Built target ros2web_interfaces__rosidl_generator_c
[0.715s] [ 12%] Built target ament_cmake_python_copy_ros2web_interfaces
[0.715s] [ 24%] Built target ros2web_interfaces__rosidl_typesupport_cpp
[0.715s] [ 35%] Built target ros2web_interfaces__rosidl_typesupport_c
[0.715s] [ 47%] Built target ros2web_interfaces__rosidl_typesupport_introspection_c
[0.715s] [ 58%] Built target ros2web_interfaces__rosidl_typesupport_fastrtps_cpp
[0.715s] [ 70%] Built target ros2web_interfaces__rosidl_typesupport_introspection_cpp
[0.715s] [ 81%] Built target ros2web_interfaces__rosidl_typesupport_fastrtps_c
[0.716s] [ 81%] Built target ros2web_interfaces
[0.716s] [ 82%] Built target ros2web_interfaces__py
[0.716s] [ 93%] Built target ros2web_interfaces__rosidl_generator_py
[0.716s] [100%] Built target ros2web_interfaces__rosidl_typesupport_introspection_c__pyext
[0.716s] [100%] Built target ros2web_interfaces__rosidl_typesupport_fastrtps_c__pyext
[0.716s] [100%] Built target ros2web_interfaces__rosidl_typesupport_c__pyext
[0.716s] running egg_info
[0.716s] writing ros2web_interfaces.egg-info/PKG-INFO
[0.717s] writing dependency_links to ros2web_interfaces.egg-info/dependency_links.txt
[0.717s] writing top-level names to ros2web_interfaces.egg-info/top_level.txt
[0.717s] reading manifest file 'ros2web_interfaces.egg-info/SOURCES.txt'
[0.717s] writing manifest file 'ros2web_interfaces.egg-info/SOURCES.txt'
[0.717s] [100%] Built target ament_cmake_python_build_ros2web_interfaces_egg
[0.735s] Invoked command in '/home/arsen/roarm_ws_em0/build/ros2web_interfaces' returned '0': CMAKE_PREFIX_PATH=${CMAKE_PREFIX_PATH}:/home/arsen/roarm_ws_em0/install/ros2web_widgets:/home/arsen/roarm_ws_em0/install/ros2web_example_py:/home/arsen/roarm_ws_em0/install/roarm_web_app:/home/arsen/roarm_ws_em0/install/ros2web_app:/home/arsen/roarm_ws_em0/install/ros2web:/home/arsen/roarm_ws_em0/install/roarm_driver:/home/arsen/roarm_ws_em0/install/launch_api:/home/arsen/ros2_ws/install/my_robot_controller:/opt/ros/humble /usr/bin/cmake --build /home/arsen/roarm_ws_em0/build/ros2web_interfaces -- -j8 -l8
[0.737s] Invoking command in '/home/arsen/roarm_ws_em0/build/ros2web_interfaces': CMAKE_PREFIX_PATH=${CMAKE_PREFIX_PATH}:/home/arsen/roarm_ws_em0/install/ros2web_widgets:/home/arsen/roarm_ws_em0/install/ros2web_example_py:/home/arsen/roarm_ws_em0/install/roarm_web_app:/home/arsen/roarm_ws_em0/install/ros2web_app:/home/arsen/roarm_ws_em0/install/ros2web:/home/arsen/roarm_ws_em0/install/roarm_driver:/home/arsen/roarm_ws_em0/install/launch_api:/home/arsen/ros2_ws/install/my_robot_controller:/opt/ros/humble /usr/bin/cmake --install /home/arsen/roarm_ws_em0/build/ros2web_interfaces
[0.764s] -- Install configuration: ""
[0.764s] -- Up-to-date: /home/arsen/roarm_ws_em0/install/ros2web_interfaces/share/ament_index/resource_index/rosidl_interfaces/ros2web_interfaces
[0.764s] -- Up-to-date: /home/arsen/roarm_ws_em0/install/ros2web_interfaces/include/ros2web_interfaces/ros2web_interfaces
[0.764s] -- Up-to-date: /home/arsen/roarm_ws_em0/install/ros2web_interfaces/include/ros2web_interfaces/ros2web_interfaces/msg
[0.764s] -- Up-to-date: /home/arsen/roarm_ws_em0/install/ros2web_interfaces/include/ros2web_interfaces/ros2web_interfaces/msg/body_part.h
[0.764s] -- Up-to-date: /home/arsen/roarm_ws_em0/install/ros2web_interfaces/include/ros2web_interfaces/ros2web_interfaces/msg/detail
[0.764s] -- Up-to-date: /home/arsen/roarm_ws_em0/install/ros2web_interfaces/include/ros2web_interfaces/ros2web_interfaces/msg/detail/body_part__type_support.h
[0.768s] -- Up-to-date: /home/arsen/roarm_ws_em0/install/ros2web_interfaces/include/ros2web_interfaces/ros2web_interfaces/msg/detail/content_type__struct.h
[0.769s] -- Up-to-date: /home/arsen/roarm_ws_em0/install/ros2web_interfaces/include/ros2web_interfaces/ros2web_interfaces/msg/detail/body_part__struct.h
[0.770s] -- Up-to-date: /home/arsen/roarm_ws_em0/install/ros2web_interfaces/include/ros2web_interfaces/ros2web_interfaces/msg/detail/ws_msg__type_support.h
[0.770s] -- Up-to-date: /home/arsen/roarm_ws_em0/install/ros2web_interfaces/include/ros2web_interfaces/ros2web_interfaces/msg/detail/http_status_code__struct.h
[0.771s] -- Up-to-date: /home/arsen/roarm_ws_em0/install/ros2web_interfaces/include/ros2web_interfaces/ros2web_interfaces/msg/detail/http_status_code__functions.h
[0.771s] -- Up-to-date: /home/arsen/roarm_ws_em0/install/ros2web_interfaces/include/ros2web_interfaces/ros2web_interfaces/msg/detail/content_type__functions.c
[0.771s] -- Up-to-date: /home/arsen/roarm_ws_em0/install/ros2web_interfaces/include/ros2web_interfaces/ros2web_interfaces/msg/detail/ws_msg_data__struct.h
[0.771s] -- Up-to-date: /home/arsen/roarm_ws_em0/install/ros2web_interfaces/include/ros2web_interfaces/ros2web_interfaces/msg/detail/content_type__type_support.h
[0.772s] -- Up-to-date: /home/arsen/roarm_ws_em0/install/ros2web_interfaces/include/ros2web_interfaces/ros2web_interfaces/msg/detail/ws_msg_type__type_support.h
[0.772s] -- Up-to-date: /home/arsen/roarm_ws_em0/install/ros2web_interfaces/include/ros2web_interfaces/ros2web_interfaces/msg/detail/ws_msg__functions.h
[0.772s] -- Up-to-date: /home/arsen/roarm_ws_em0/install/ros2web_interfaces/include/ros2web_interfaces/ros2web_interfaces/msg/detail/content_type__functions.h
[0.772s] -- Up-to-date: /home/arsen/roarm_ws_em0/install/ros2web_interfaces/include/ros2web_interfaces/ros2web_interfaces/msg/detail/http_status_code__functions.c
[0.772s] -- Up-to-date: /home/arsen/roarm_ws_em0/install/ros2web_interfaces/include/ros2web_interfaces/ros2web_interfaces/msg/detail/body_part__functions.c
[0.773s] -- Up-to-date: /home/arsen/roarm_ws_em0/install/ros2web_interfaces/include/ros2web_interfaces/ros2web_interfaces/msg/detail/http_status_code__type_support.h
[0.773s] -- Up-to-date: /home/arsen/roarm_ws_em0/install/ros2web_interfaces/include/ros2web_interfaces/ros2web_interfaces/msg/detail/ws_msg__struct.h
[0.773s] -- Up-to-date: /home/arsen/roarm_ws_em0/install/ros2web_interfaces/include/ros2web_interfaces/ros2web_interfaces/msg/detail/ws_msg_data__functions.c
[0.773s] -- Up-to-date: /home/arsen/roarm_ws_em0/install/ros2web_interfaces/include/ros2web_interfaces/ros2web_interfaces/msg/detail/ws_msg_data__type_support.h
[0.773s] -- Up-to-date: /home/arsen/roarm_ws_em0/install/ros2web_interfaces/include/ros2web_interfaces/ros2web_interfaces/msg/detail/ws_msg__functions.c
[0.773s] -- Up-to-date: /home/arsen/roarm_ws_em0/install/ros2web_interfaces/include/ros2web_interfaces/ros2web_interfaces/msg/detail/ws_msg_data__functions.h
[0.774s] -- Up-to-date: /home/arsen/roarm_ws_em0/install/ros2web_interfaces/include/ros2web_interfaces/ros2web_interfaces/msg/detail/ws_msg_type__functions.c
[0.774s] -- Up-to-date: /home/arsen/roarm_ws_em0/install/ros2web_interfaces/include/ros2web_interfaces/ros2web_interfaces/msg/detail/body_part__functions.h
[0.774s] -- Up-to-date: /home/arsen/roarm_ws_em0/install/ros2web_interfaces/include/ros2web_interfaces/ros2web_interfaces/msg/detail/ws_msg_type__functions.h
[0.774s] -- Up-to-date: /home/arsen/roarm_ws_em0/install/ros2web_interfaces/include/ros2web_interfaces/ros2web_interfaces/msg/detail/ws_msg_type__struct.h
[0.774s] -- Up-to-date: /home/arsen/roarm_ws_em0/install/ros2web_interfaces/include/ros2web_interfaces/ros2web_interfaces/msg/http_status_code.h
[0.774s] -- Up-to-date: /home/arsen/roarm_ws_em0/install/ros2web_interfaces/include/ros2web_interfaces/ros2web_interfaces/msg/rosidl_generator_c__visibility_control.h
[0.774s] -- Up-to-date: /home/arsen/roarm_ws_em0/install/ros2web_interfaces/include/ros2web_interfaces/ros2web_interfaces/msg/ws_msg.h
[0.775s] -- Up-to-date: /home/arsen/roarm_ws_em0/install/ros2web_interfaces/include/ros2web_interfaces/ros2web_interfaces/msg/content_type.h
[0.775s] -- Up-to-date: /home/arsen/roarm_ws_em0/install/ros2web_interfaces/include/ros2web_interfaces/ros2web_interfaces/msg/ws_msg_type.h
[0.775s] -- Up-to-date: /home/arsen/roarm_ws_em0/install/ros2web_interfaces/include/ros2web_interfaces/ros2web_interfaces/msg/ws_msg_data.h
[0.775s] -- Up-to-date: /home/arsen/roarm_ws_em0/install/ros2web_interfaces/include/ros2web_interfaces/ros2web_interfaces/srv
[0.775s] -- Up-to-date: /home/arsen/roarm_ws_em0/install/ros2web_interfaces/include/ros2web_interfaces/ros2web_interfaces/srv/detail
[0.775s] -- Up-to-date: /home/arsen/roarm_ws_em0/install/ros2web_interfaces/include/ros2web_interfaces/ros2web_interfaces/srv/detail/ws__struct.h
[0.775s] -- Up-to-date: /home/arsen/roarm_ws_em0/install/ros2web_interfaces/include/ros2web_interfaces/ros2web_interfaces/srv/detail/http__functions.h
[0.775s] -- Up-to-date: /home/arsen/roarm_ws_em0/install/ros2web_interfaces/include/ros2web_interfaces/ros2web_interfaces/srv/detail/ws__functions.c
[0.776s] -- Up-to-date: /home/arsen/roarm_ws_em0/install/ros2web_interfaces/include/ros2web_interfaces/ros2web_interfaces/srv/detail/ws__functions.h
[0.776s] -- Up-to-date: /home/arsen/roarm_ws_em0/install/ros2web_interfaces/include/ros2web_interfaces/ros2web_interfaces/srv/detail/http__struct.h
[0.777s] -- Up-to-date: /home/arsen/roarm_ws_em0/install/ros2web_interfaces/include/ros2web_interfaces/ros2web_interfaces/srv/detail/ws__type_support.h
[0.777s] -- Up-to-date: /home/arsen/roarm_ws_em0/install/ros2web_interfaces/include/ros2web_interfaces/ros2web_interfaces/srv/detail/http__type_support.h
[0.777s] -- Up-to-date: /home/arsen/roarm_ws_em0/install/ros2web_interfaces/include/ros2web_interfaces/ros2web_interfaces/srv/detail/http__functions.c
[0.777s] -- Up-to-date: /home/arsen/roarm_ws_em0/install/ros2web_interfaces/include/ros2web_interfaces/ros2web_interfaces/srv/ws.h
[0.777s] -- Up-to-date: /home/arsen/roarm_ws_em0/install/ros2web_interfaces/include/ros2web_interfaces/ros2web_interfaces/srv/http.h
[0.777s] -- Up-to-date: /home/arsen/roarm_ws_em0/install/ros2web_interfaces/share/ros2web_interfaces/environment/library_path.sh
[0.778s] -- Up-to-date: /home/arsen/roarm_ws_em0/install/ros2web_interfaces/share/ros2web_interfaces/environment/library_path.dsv
[0.778s] -- Up-to-date: /home/arsen/roarm_ws_em0/install/ros2web_interfaces/lib/libros2web_interfaces__rosidl_generator_c.so
[0.778s] -- Up-to-date: /home/arsen/roarm_ws_em0/install/ros2web_interfaces/include/ros2web_interfaces/ros2web_interfaces
[0.778s] -- Up-to-date: /home/arsen/roarm_ws_em0/install/ros2web_interfaces/include/ros2web_interfaces/ros2web_interfaces/msg
[0.778s] -- Up-to-date: /home/arsen/roarm_ws_em0/install/ros2web_interfaces/include/ros2web_interfaces/ros2web_interfaces/msg/detail
[0.779s] -- Up-to-date: /home/arsen/roarm_ws_em0/install/ros2web_interfaces/include/ros2web_interfaces/ros2web_interfaces/msg/detail/ws_msg__rosidl_typesupport_fastrtps_c.h
[0.779s] -- Up-to-date: /home/arsen/roarm_ws_em0/install/ros2web_interfaces/include/ros2web_interfaces/ros2web_interfaces/msg/detail/http_status_code__rosidl_typesupport_fastrtps_c.h
[0.779s] -- Up-to-date: /home/arsen/roarm_ws_em0/install/ros2web_interfaces/include/ros2web_interfaces/ros2web_interfaces/msg/detail/content_type__rosidl_typesupport_fastrtps_c.h
[0.779s] -- Up-to-date: /home/arsen/roarm_ws_em0/install/ros2web_interfaces/include/ros2web_interfaces/ros2web_interfaces/msg/detail/ws_msg_data__rosidl_typesupport_fastrtps_c.h
[0.779s] -- Up-to-date: /home/arsen/roarm_ws_em0/install/ros2web_interfaces/include/ros2web_interfaces/ros2web_interfaces/msg/detail/ws_msg_type__rosidl_typesupport_fastrtps_c.h
[0.779s] -- Up-to-date: /home/arsen/roarm_ws_em0/install/ros2web_interfaces/include/ros2web_interfaces/ros2web_interfaces/msg/detail/body_part__rosidl_typesupport_fastrtps_c.h
[0.779s] -- Up-to-date: /home/arsen/roarm_ws_em0/install/ros2web_interfaces/include/ros2web_interfaces/ros2web_interfaces/msg/rosidl_typesupport_fastrtps_c__visibility_control.h
[0.779s] -- Up-to-date: /home/arsen/roarm_ws_em0/install/ros2web_interfaces/include/ros2web_interfaces/ros2web_interfaces/srv
[0.779s] -- Up-to-date: /home/arsen/roarm_ws_em0/install/ros2web_interfaces/include/ros2web_interfaces/ros2web_interfaces/srv/detail
[0.779s] -- Up-to-date: /home/arsen/roarm_ws_em0/install/ros2web_interfaces/include/ros2web_interfaces/ros2web_interfaces/srv/detail/ws__rosidl_typesupport_fastrtps_c.h
[0.780s] -- Up-to-date: /home/arsen/roarm_ws_em0/install/ros2web_interfaces/include/ros2web_interfaces/ros2web_interfaces/srv/detail/http__rosidl_typesupport_fastrtps_c.h
[0.780s] -- Up-to-date: /home/arsen/roarm_ws_em0/install/ros2web_interfaces/lib/libros2web_interfaces__rosidl_typesupport_fastrtps_c.so
[0.780s] -- Up-to-date: /home/arsen/roarm_ws_em0/install/ros2web_interfaces/include/ros2web_interfaces/ros2web_interfaces
[0.780s] -- Up-to-date: /home/arsen/roarm_ws_em0/install/ros2web_interfaces/include/ros2web_interfaces/ros2web_interfaces/msg
[0.780s] -- Up-to-date: /home/arsen/roarm_ws_em0/install/ros2web_interfaces/include/ros2web_interfaces/ros2web_interfaces/msg/rosidl_typesupport_introspection_c__visibility_control.h
[0.780s] -- Up-to-date: /home/arsen/roarm_ws_em0/install/ros2web_interfaces/include/ros2web_interfaces/ros2web_interfaces/msg/detail
[0.780s] -- Up-to-date: /home/arsen/roarm_ws_em0/install/ros2web_interfaces/include/ros2web_interfaces/ros2web_interfaces/msg/detail/ws_msg__type_support.c
[0.780s] -- Up-to-date: /home/arsen/roarm_ws_em0/install/ros2web_interfaces/include/ros2web_interfaces/ros2web_interfaces/msg/detail/ws_msg_data__rosidl_typesupport_introspection_c.h
[0.781s] -- Up-to-date: /home/arsen/roarm_ws_em0/install/ros2web_interfaces/include/ros2web_interfaces/ros2web_interfaces/msg/detail/ws_msg__rosidl_typesupport_introspection_c.h
[0.781s] -- Up-to-date: /home/arsen/roarm_ws_em0/install/ros2web_interfaces/include/ros2web_interfaces/ros2web_interfaces/msg/detail/http_status_code__rosidl_typesupport_introspection_c.h
[0.781s] -- Up-to-date: /home/arsen/roarm_ws_em0/install/ros2web_interfaces/include/ros2web_interfaces/ros2web_interfaces/msg/detail/body_part__type_support.c
[0.782s] -- Up-to-date: /home/arsen/roarm_ws_em0/install/ros2web_interfaces/include/ros2web_interfaces/ros2web_interfaces/msg/detail/content_type__type_support.c
[0.782s] -- Up-to-date: /home/arsen/roarm_ws_em0/install/ros2web_interfaces/include/ros2web_interfaces/ros2web_interfaces/msg/detail/http_status_code__type_support.c
[0.782s] -- Up-to-date: /home/arsen/roarm_ws_em0/install/ros2web_interfaces/include/ros2web_interfaces/ros2web_interfaces/msg/detail/ws_msg_type__type_support.c
[0.782s] -- Up-to-date: /home/arsen/roarm_ws_em0/install/ros2web_interfaces/include/ros2web_interfaces/ros2web_interfaces/msg/detail/content_type__rosidl_typesupport_introspection_c.h
[0.782s] -- Up-to-date: /home/arsen/roarm_ws_em0/install/ros2web_interfaces/include/ros2web_interfaces/ros2web_interfaces/msg/detail/ws_msg_type__rosidl_typesupport_introspection_c.h
[0.782s] -- Up-to-date: /home/arsen/roarm_ws_em0/install/ros2web_interfaces/include/ros2web_interfaces/ros2web_interfaces/msg/detail/body_part__rosidl_typesupport_introspection_c.h
[0.782s] -- Up-to-date: /home/arsen/roarm_ws_em0/install/ros2web_interfaces/include/ros2web_interfaces/ros2web_interfaces/msg/detail/ws_msg_data__type_support.c
[0.783s] -- Up-to-date: /home/arsen/roarm_ws_em0/install/ros2web_interfaces/include/ros2web_interfaces/ros2web_interfaces/srv
[0.783s] -- Up-to-date: /home/arsen/roarm_ws_em0/install/ros2web_interfaces/include/ros2web_interfaces/ros2web_interfaces/srv/detail
[0.783s] -- Up-to-date: /home/arsen/roarm_ws_em0/install/ros2web_interfaces/include/ros2web_interfaces/ros2web_interfaces/srv/detail/ws__type_support.c
[0.783s] -- Up-to-date: /home/arsen/roarm_ws_em0/install/ros2web_interfaces/include/ros2web_interfaces/ros2web_interfaces/srv/detail/http__rosidl_typesupport_introspection_c.h
[0.783s] -- Up-to-date: /home/arsen/roarm_ws_em0/install/ros2web_interfaces/include/ros2web_interfaces/ros2web_interfaces/srv/detail/http__type_support.c
[0.783s] -- Up-to-date: /home/arsen/roarm_ws_em0/install/ros2web_interfaces/include/ros2web_interfaces/ros2web_interfaces/srv/detail/ws__rosidl_typesupport_introspection_c.h
[0.784s] -- Up-to-date: /home/arsen/roarm_ws_em0/install/ros2web_interfaces/lib/libros2web_interfaces__rosidl_typesupport_introspection_c.so
[0.784s] -- Up-to-date: /home/arsen/roarm_ws_em0/install/ros2web_interfaces/lib/libros2web_interfaces__rosidl_typesupport_c.so
[0.784s] -- Up-to-date: /home/arsen/roarm_ws_em0/install/ros2web_interfaces/include/ros2web_interfaces/ros2web_interfaces
[0.784s] -- Up-to-date: /home/arsen/roarm_ws_em0/install/ros2web_interfaces/include/ros2web_interfaces/ros2web_interfaces/msg
[0.784s] -- Up-to-date: /home/arsen/roarm_ws_em0/install/ros2web_interfaces/include/ros2web_interfaces/ros2web_interfaces/msg/ws_msg_data.hpp
[0.785s] -- Up-to-date: /home/arsen/roarm_ws_em0/install/ros2web_interfaces/include/ros2web_interfaces/ros2web_interfaces/msg/body_part.hpp
[0.785s] -- Up-to-date: /home/arsen/roarm_ws_em0/install/ros2web_interfaces/include/ros2web_interfaces/ros2web_interfaces/msg/rosidl_generator_cpp__visibility_control.hpp
[0.785s] -- Up-to-date: /home/arsen/roarm_ws_em0/install/ros2web_interfaces/include/ros2web_interfaces/ros2web_interfaces/msg/detail
[0.785s] -- Up-to-date: /home/arsen/roarm_ws_em0/install/ros2web_interfaces/include/ros2web_interfaces/ros2web_interfaces/msg/detail/body_part__builder.hpp
[0.785s] -- Up-to-date: /home/arsen/roarm_ws_em0/install/ros2web_interfaces/include/ros2web_interfaces/ros2web_interfaces/msg/detail/ws_msg_type__builder.hpp
[0.785s] -- Up-to-date: /home/arsen/roarm_ws_em0/install/ros2web_interfaces/include/ros2web_interfaces/ros2web_interfaces/msg/detail/ws_msg_data__struct.hpp
[0.785s] -- Up-to-date: /home/arsen/roarm_ws_em0/install/ros2web_interfaces/include/ros2web_interfaces/ros2web_interfaces/msg/detail/ws_msg_type__traits.hpp
[0.786s] -- Up-to-date: /home/arsen/roarm_ws_em0/install/ros2web_interfaces/include/ros2web_interfaces/ros2web_interfaces/msg/detail/body_part__struct.hpp
[0.786s] -- Up-to-date: /home/arsen/roarm_ws_em0/install/ros2web_interfaces/include/ros2web_interfaces/ros2web_interfaces/msg/detail/http_status_code__traits.hpp
[0.786s] -- Up-to-date: /home/arsen/roarm_ws_em0/install/ros2web_interfaces/include/ros2web_interfaces/ros2web_interfaces/msg/detail/ws_msg__struct.hpp
[0.786s] -- Up-to-date: /home/arsen/roarm_ws_em0/install/ros2web_interfaces/include/ros2web_interfaces/ros2web_interfaces/msg/detail/ws_msg__builder.hpp
[0.786s] -- Up-to-date: /home/arsen/roarm_ws_em0/install/ros2web_interfaces/include/ros2web_interfaces/ros2web_interfaces/msg/detail/ws_msg_data__type_support.hpp
[0.786s] -- Up-to-date: /home/arsen/roarm_ws_em0/install/ros2web_interfaces/include/ros2web_interfaces/ros2web_interfaces/msg/detail/body_part__type_support.hpp
[0.786s] -- Up-to-date: /home/arsen/roarm_ws_em0/install/ros2web_interfaces/include/ros2web_interfaces/ros2web_interfaces/msg/detail/ws_msg_type__type_support.hpp
[0.787s] -- Up-to-date: /home/arsen/roarm_ws_em0/install/ros2web_interfaces/include/ros2web_interfaces/ros2web_interfaces/msg/detail/ws_msg_data__builder.hpp
[0.787s] -- Up-to-date: /home/arsen/roarm_ws_em0/install/ros2web_interfaces/include/ros2web_interfaces/ros2web_interfaces/msg/detail/ws_msg__traits.hpp
[0.787s] -- Up-to-date: /home/arsen/roarm_ws_em0/install/ros2web_interfaces/include/ros2web_interfaces/ros2web_interfaces/msg/detail/content_type__type_support.hpp
[0.787s] -- Up-to-date: /home/arsen/roarm_ws_em0/install/ros2web_interfaces/include/ros2web_interfaces/ros2web_interfaces/msg/detail/http_status_code__builder.hpp
[0.787s] -- Up-to-date: /home/arsen/roarm_ws_em0/install/ros2web_interfaces/include/ros2web_interfaces/ros2web_interfaces/msg/detail/http_status_code__struct.hpp
[0.787s] -- Up-to-date: /home/arsen/roarm_ws_em0/install/ros2web_interfaces/include/ros2web_interfaces/ros2web_interfaces/msg/detail/content_type__builder.hpp
[0.787s] -- Up-to-date: /home/arsen/roarm_ws_em0/install/ros2web_interfaces/include/ros2web_interfaces/ros2web_interfaces/msg/detail/ws_msg__type_support.hpp
[0.787s] -- Up-to-date: /home/arsen/roarm_ws_em0/install/ros2web_interfaces/include/ros2web_interfaces/ros2web_interfaces/msg/detail/ws_msg_type__struct.hpp
[0.788s] -- Up-to-date: /home/arsen/roarm_ws_em0/install/ros2web_interfaces/include/ros2web_interfaces/ros2web_interfaces/msg/detail/content_type__traits.hpp
[0.788s] -- Up-to-date: /home/arsen/roarm_ws_em0/install/ros2web_interfaces/include/ros2web_interfaces/ros2web_interfaces/msg/detail/http_status_code__type_support.hpp
[0.788s] -- Up-to-date: /home/arsen/roarm_ws_em0/install/ros2web_interfaces/include/ros2web_interfaces/ros2web_interfaces/msg/detail/body_part__traits.hpp
[0.788s] -- Up-to-date: /home/arsen/roarm_ws_em0/install/ros2web_interfaces/include/ros2web_interfaces/ros2web_interfaces/msg/detail/ws_msg_data__traits.hpp
[0.789s] -- Up-to-date: /home/arsen/roarm_ws_em0/install/ros2web_interfaces/include/ros2web_interfaces/ros2web_interfaces/msg/detail/content_type__struct.hpp
[0.789s] -- Up-to-date: /home/arsen/roarm_ws_em0/install/ros2web_interfaces/include/ros2web_interfaces/ros2web_interfaces/msg/http_status_code.hpp
[0.789s] -- Up-to-date: /home/arsen/roarm_ws_em0/install/ros2web_interfaces/include/ros2web_interfaces/ros2web_interfaces/msg/ws_msg.hpp
[0.790s] -- Up-to-date: /home/arsen/roarm_ws_em0/install/ros2web_interfaces/include/ros2web_interfaces/ros2web_interfaces/msg/ws_msg_type.hpp
[0.790s] -- Up-to-date: /home/arsen/roarm_ws_em0/install/ros2web_interfaces/include/ros2web_interfaces/ros2web_interfaces/msg/content_type.hpp
[0.790s] -- Up-to-date: /home/arsen/roarm_ws_em0/install/ros2web_interfaces/include/ros2web_interfaces/ros2web_interfaces/srv
[0.790s] -- Up-to-date: /home/arsen/roarm_ws_em0/install/ros2web_interfaces/include/ros2web_interfaces/ros2web_interfaces/srv/detail
[0.790s] -- Up-to-date: /home/arsen/roarm_ws_em0/install/ros2web_interfaces/include/ros2web_interfaces/ros2web_interfaces/srv/detail/ws__type_support.hpp
[0.790s] -- Up-to-date: /home/arsen/roarm_ws_em0/install/ros2web_interfaces/include/ros2web_interfaces/ros2web_interfaces/srv/detail/ws__builder.hpp
[0.790s] -- Up-to-date: /home/arsen/roarm_ws_em0/install/ros2web_interfaces/include/ros2web_interfaces/ros2web_interfaces/srv/detail/ws__traits.hpp
[0.790s] -- Up-to-date: /home/arsen/roarm_ws_em0/install/ros2web_interfaces/include/ros2web_interfaces/ros2web_interfaces/srv/detail/http__struct.hpp
[0.791s] -- Up-to-date: /home/arsen/roarm_ws_em0/install/ros2web_interfaces/include/ros2web_interfaces/ros2web_interfaces/srv/detail/http__type_support.hpp
[0.791s] -- Up-to-date: /home/arsen/roarm_ws_em0/install/ros2web_interfaces/include/ros2web_interfaces/ros2web_interfaces/srv/detail/http__traits.hpp
[0.791s] -- Up-to-date: /home/arsen/roarm_ws_em0/install/ros2web_interfaces/include/ros2web_interfaces/ros2web_interfaces/srv/detail/ws__struct.hpp
[0.791s] -- Up-to-date: /home/arsen/roarm_ws_em0/install/ros2web_interfaces/include/ros2web_interfaces/ros2web_interfaces/srv/detail/http__builder.hpp
[0.791s] -- Up-to-date: /home/arsen/roarm_ws_em0/install/ros2web_interfaces/include/ros2web_interfaces/ros2web_interfaces/srv/http.hpp
[0.791s] -- Up-to-date: /home/arsen/roarm_ws_em0/install/ros2web_interfaces/include/ros2web_interfaces/ros2web_interfaces/srv/ws.hpp
[0.792s] -- Up-to-date: /home/arsen/roarm_ws_em0/install/ros2web_interfaces/include/ros2web_interfaces/ros2web_interfaces
[0.792s] -- Up-to-date: /home/arsen/roarm_ws_em0/install/ros2web_interfaces/include/ros2web_interfaces/ros2web_interfaces/msg
[0.792s] -- Up-to-date: /home/arsen/roarm_ws_em0/install/ros2web_interfaces/include/ros2web_interfaces/ros2web_interfaces/msg/detail
[0.792s] -- Up-to-date: /home/arsen/roarm_ws_em0/install/ros2web_interfaces/include/ros2web_interfaces/ros2web_interfaces/msg/detail/body_part__rosidl_typesupport_fastrtps_cpp.hpp
[0.793s] -- Up-to-date: /home/arsen/roarm_ws_em0/install/ros2web_interfaces/include/ros2web_interfaces/ros2web_interfaces/msg/detail/content_type__rosidl_typesupport_fastrtps_cpp.hpp
[0.793s] -- Up-to-date: /home/arsen/roarm_ws_em0/install/ros2web_interfaces/include/ros2web_interfaces/ros2web_interfaces/msg/detail/ws_msg__rosidl_typesupport_fastrtps_cpp.hpp
[0.793s] -- Up-to-date: /home/arsen/roarm_ws_em0/install/ros2web_interfaces/include/ros2web_interfaces/ros2web_interfaces/msg/detail/dds_fastrtps
[0.793s] -- Up-to-date: /home/arsen/roarm_ws_em0/install/ros2web_interfaces/include/ros2web_interfaces/ros2web_interfaces/msg/detail/http_status_code__rosidl_typesupport_fastrtps_cpp.hpp
[0.793s] -- Up-to-date: /home/arsen/roarm_ws_em0/install/ros2web_interfaces/include/ros2web_interfaces/ros2web_interfaces/msg/detail/ws_msg_type__rosidl_typesupport_fastrtps_cpp.hpp
[0.793s] -- Up-to-date: /home/arsen/roarm_ws_em0/install/ros2web_interfaces/include/ros2web_interfaces/ros2web_interfaces/msg/detail/ws_msg_data__rosidl_typesupport_fastrtps_cpp.hpp
[0.793s] -- Up-to-date: /home/arsen/roarm_ws_em0/install/ros2web_interfaces/include/ros2web_interfaces/ros2web_interfaces/msg/rosidl_typesupport_fastrtps_cpp__visibility_control.h
[0.793s] -- Up-to-date: /home/arsen/roarm_ws_em0/install/ros2web_interfaces/include/ros2web_interfaces/ros2web_interfaces/srv
[0.793s] -- Up-to-date: /home/arsen/roarm_ws_em0/install/ros2web_interfaces/include/ros2web_interfaces/ros2web_interfaces/srv/detail
[0.794s] -- Up-to-date: /home/arsen/roarm_ws_em0/install/ros2web_interfaces/include/ros2web_interfaces/ros2web_interfaces/srv/detail/http__rosidl_typesupport_fastrtps_cpp.hpp
[0.794s] -- Up-to-date: /home/arsen/roarm_ws_em0/install/ros2web_interfaces/include/ros2web_interfaces/ros2web_interfaces/srv/detail/dds_fastrtps
[0.794s] -- Up-to-date: /home/arsen/roarm_ws_em0/install/ros2web_interfaces/include/ros2web_interfaces/ros2web_interfaces/srv/detail/ws__rosidl_typesupport_fastrtps_cpp.hpp
[0.794s] -- Up-to-date: /home/arsen/roarm_ws_em0/install/ros2web_interfaces/lib/libros2web_interfaces__rosidl_typesupport_fastrtps_cpp.so
[0.794s] -- Up-to-date: /home/arsen/roarm_ws_em0/install/ros2web_interfaces/include/ros2web_interfaces/ros2web_interfaces
[0.794s] -- Up-to-date: /home/arsen/roarm_ws_em0/install/ros2web_interfaces/include/ros2web_interfaces/ros2web_interfaces/msg
[0.794s] -- Up-to-date: /home/arsen/roarm_ws_em0/install/ros2web_interfaces/include/ros2web_interfaces/ros2web_interfaces/msg/detail
[0.794s] -- Up-to-date: /home/arsen/roarm_ws_em0/install/ros2web_interfaces/include/ros2web_interfaces/ros2web_interfaces/msg/detail/ws_msg_type__type_support.cpp
[0.794s] -- Up-to-date: /home/arsen/roarm_ws_em0/install/ros2web_interfaces/include/ros2web_interfaces/ros2web_interfaces/msg/detail/ws_msg__rosidl_typesupport_introspection_cpp.hpp
[0.795s] -- Up-to-date: /home/arsen/roarm_ws_em0/install/ros2web_interfaces/include/ros2web_interfaces/ros2web_interfaces/msg/detail/ws_msg__type_support.cpp
[0.795s] -- Up-to-date: /home/arsen/roarm_ws_em0/install/ros2web_interfaces/include/ros2web_interfaces/ros2web_interfaces/msg/detail/http_status_code__rosidl_typesupport_introspection_cpp.hpp
[0.795s] -- Up-to-date: /home/arsen/roarm_ws_em0/install/ros2web_interfaces/include/ros2web_interfaces/ros2web_interfaces/msg/detail/content_type__rosidl_typesupport_introspection_cpp.hpp
[0.795s] -- Up-to-date: /home/arsen/roarm_ws_em0/install/ros2web_interfaces/include/ros2web_interfaces/ros2web_interfaces/msg/detail/http_status_code__type_support.cpp
[0.795s] -- Up-to-date: /home/arsen/roarm_ws_em0/install/ros2web_interfaces/include/ros2web_interfaces/ros2web_interfaces/msg/detail/body_part__rosidl_typesupport_introspection_cpp.hpp
[0.795s] -- Up-to-date: /home/arsen/roarm_ws_em0/install/ros2web_interfaces/include/ros2web_interfaces/ros2web_interfaces/msg/detail/content_type__type_support.cpp
[0.795s] -- Up-to-date: /home/arsen/roarm_ws_em0/install/ros2web_interfaces/include/ros2web_interfaces/ros2web_interfaces/msg/detail/ws_msg_data__type_support.cpp
[0.796s] -- Up-to-date: /home/arsen/roarm_ws_em0/install/ros2web_interfaces/include/ros2web_interfaces/ros2web_interfaces/msg/detail/ws_msg_data__rosidl_typesupport_introspection_cpp.hpp
[0.796s] -- Up-to-date: /home/arsen/roarm_ws_em0/install/ros2web_interfaces/include/ros2web_interfaces/ros2web_interfaces/msg/detail/body_part__type_support.cpp
[0.796s] -- Up-to-date: /home/arsen/roarm_ws_em0/install/ros2web_interfaces/include/ros2web_interfaces/ros2web_interfaces/msg/detail/ws_msg_type__rosidl_typesupport_introspection_cpp.hpp
[0.796s] -- Up-to-date: /home/arsen/roarm_ws_em0/install/ros2web_interfaces/include/ros2web_interfaces/ros2web_interfaces/srv
[0.796s] -- Up-to-date: /home/arsen/roarm_ws_em0/install/ros2web_interfaces/include/ros2web_interfaces/ros2web_interfaces/srv/detail
[0.796s] -- Up-to-date: /home/arsen/roarm_ws_em0/install/ros2web_interfaces/include/ros2web_interfaces/ros2web_interfaces/srv/detail/http__rosidl_typesupport_introspection_cpp.hpp
[0.796s] -- Up-to-date: /home/arsen/roarm_ws_em0/install/ros2web_interfaces/include/ros2web_interfaces/ros2web_interfaces/srv/detail/http__type_support.cpp
[0.796s] -- Up-to-date: /home/arsen/roarm_ws_em0/install/ros2web_interfaces/include/ros2web_interfaces/ros2web_interfaces/srv/detail/ws__type_support.cpp
[0.796s] -- Up-to-date: /home/arsen/roarm_ws_em0/install/ros2web_interfaces/include/ros2web_interfaces/ros2web_interfaces/srv/detail/ws__rosidl_typesupport_introspection_cpp.hpp
[0.797s] -- Up-to-date: /home/arsen/roarm_ws_em0/install/ros2web_interfaces/lib/libros2web_interfaces__rosidl_typesupport_introspection_cpp.so
[0.797s] -- Up-to-date: /home/arsen/roarm_ws_em0/install/ros2web_interfaces/lib/libros2web_interfaces__rosidl_typesupport_cpp.so
[0.797s] -- Up-to-date: /home/arsen/roarm_ws_em0/install/ros2web_interfaces/share/ros2web_interfaces/environment/pythonpath.sh
[0.797s] -- Up-to-date: /home/arsen/roarm_ws_em0/install/ros2web_interfaces/share/ros2web_interfaces/environment/pythonpath.dsv
[0.797s] -- Up-to-date: /home/arsen/roarm_ws_em0/install/ros2web_interfaces/local/lib/python3.10/dist-packages/ros2web_interfaces-0.1.0-py3.10.egg-info
[0.797s] -- Installing: /home/arsen/roarm_ws_em0/install/ros2web_interfaces/local/lib/python3.10/dist-packages/ros2web_interfaces-0.1.0-py3.10.egg-info/dependency_links.txt
[0.797s] -- Installing: /home/arsen/roarm_ws_em0/install/ros2web_interfaces/local/lib/python3.10/dist-packages/ros2web_interfaces-0.1.0-py3.10.egg-info/PKG-INFO
[0.797s] -- Installing: /home/arsen/roarm_ws_em0/install/ros2web_interfaces/local/lib/python3.10/dist-packages/ros2web_interfaces-0.1.0-py3.10.egg-info/top_level.txt
[0.797s] -- Installing: /home/arsen/roarm_ws_em0/install/ros2web_interfaces/local/lib/python3.10/dist-packages/ros2web_interfaces-0.1.0-py3.10.egg-info/SOURCES.txt
[0.798s] -- Up-to-date: /home/arsen/roarm_ws_em0/install/ros2web_interfaces/local/lib/python3.10/dist-packages/ros2web_interfaces
[0.798s] -- Up-to-date: /home/arsen/roarm_ws_em0/install/ros2web_interfaces/local/lib/python3.10/dist-packages/ros2web_interfaces/_ros2web_interfaces_s.ep.rosidl_typesupport_introspection_c.c
[0.798s] -- Up-to-date: /home/arsen/roarm_ws_em0/install/ros2web_interfaces/local/lib/python3.10/dist-packages/ros2web_interfaces/_ros2web_interfaces_s.ep.rosidl_typesupport_c.c
[0.798s] -- Up-to-date: /home/arsen/roarm_ws_em0/install/ros2web_interfaces/local/lib/python3.10/dist-packages/ros2web_interfaces/__init__.py
[0.798s] -- Up-to-date: /home/arsen/roarm_ws_em0/install/ros2web_interfaces/local/lib/python3.10/dist-packages/ros2web_interfaces/ros2web_interfaces_s__rosidl_typesupport_c.cpython-310-x86_64-linux-gnu.so
[0.798s] -- Up-to-date: /home/arsen/roarm_ws_em0/install/ros2web_interfaces/local/lib/python3.10/dist-packages/ros2web_interfaces/msg
[0.798s] -- Up-to-date: /home/arsen/roarm_ws_em0/install/ros2web_interfaces/local/lib/python3.10/dist-packages/ros2web_interfaces/msg/_content_type_s.c
[0.798s] -- Up-to-date: /home/arsen/roarm_ws_em0/install/ros2web_interfaces/local/lib/python3.10/dist-packages/ros2web_interfaces/msg/_content_type.py
[0.798s] -- Up-to-date: /home/arsen/roarm_ws_em0/install/ros2web_interfaces/local/lib/python3.10/dist-packages/ros2web_interfaces/msg/_http_status_code_s.c
[0.799s] -- Up-to-date: /home/arsen/roarm_ws_em0/install/ros2web_interfaces/local/lib/python3.10/dist-packages/ros2web_interfaces/msg/__init__.py
[0.799s] -- Up-to-date: /home/arsen/roarm_ws_em0/install/ros2web_interfaces/local/lib/python3.10/dist-packages/ros2web_interfaces/msg/_ws_msg.py
[0.799s] -- Up-to-date: /home/arsen/roarm_ws_em0/install/ros2web_interfaces/local/lib/python3.10/dist-packages/ros2web_interfaces/msg/_body_part.py
[0.799s] -- Up-to-date: /home/arsen/roarm_ws_em0/install/ros2web_interfaces/local/lib/python3.10/dist-packages/ros2web_interfaces/msg/_ws_msg_type_s.c
[0.799s] -- Up-to-date: /home/arsen/roarm_ws_em0/install/ros2web_interfaces/local/lib/python3.10/dist-packages/ros2web_interfaces/msg/_ws_msg_data.py
[0.799s] -- Up-to-date: /home/arsen/roarm_ws_em0/install/ros2web_interfaces/local/lib/python3.10/dist-packages/ros2web_interfaces/msg/_body_part_s.c
[0.799s] -- Up-to-date: /home/arsen/roarm_ws_em0/install/ros2web_interfaces/local/lib/python3.10/dist-packages/ros2web_interfaces/msg/_ws_msg_s.c
[0.799s] -- Up-to-date: /home/arsen/roarm_ws_em0/install/ros2web_interfaces/local/lib/python3.10/dist-packages/ros2web_interfaces/msg/_http_status_code.py
[0.799s] -- Up-to-date: /home/arsen/roarm_ws_em0/install/ros2web_interfaces/local/lib/python3.10/dist-packages/ros2web_interfaces/msg/_ws_msg_type.py
[0.800s] -- Up-to-date: /home/arsen/roarm_ws_em0/install/ros2web_interfaces/local/lib/python3.10/dist-packages/ros2web_interfaces/msg/_ws_msg_data_s.c
[0.800s] -- Up-to-date: /home/arsen/roarm_ws_em0/install/ros2web_interfaces/local/lib/python3.10/dist-packages/ros2web_interfaces/libros2web_interfaces__rosidl_generator_py.so
[0.800s] -- Up-to-date: /home/arsen/roarm_ws_em0/install/ros2web_interfaces/local/lib/python3.10/dist-packages/ros2web_interfaces/ros2web_interfaces_s__rosidl_typesupport_fastrtps_c.cpython-310-x86_64-linux-gnu.so
[0.800s] -- Up-to-date: /home/arsen/roarm_ws_em0/install/ros2web_interfaces/local/lib/python3.10/dist-packages/ros2web_interfaces/ros2web_interfaces_s__rosidl_typesupport_introspection_c.cpython-310-x86_64-linux-gnu.so
[0.800s] -- Up-to-date: /home/arsen/roarm_ws_em0/install/ros2web_interfaces/local/lib/python3.10/dist-packages/ros2web_interfaces/_ros2web_interfaces_s.ep.rosidl_typesupport_fastrtps_c.c
[0.800s] -- Up-to-date: /home/arsen/roarm_ws_em0/install/ros2web_interfaces/local/lib/python3.10/dist-packages/ros2web_interfaces/srv
[0.800s] -- Up-to-date: /home/arsen/roarm_ws_em0/install/ros2web_interfaces/local/lib/python3.10/dist-packages/ros2web_interfaces/srv/_ws.py
[0.800s] -- Up-to-date: /home/arsen/roarm_ws_em0/install/ros2web_interfaces/local/lib/python3.10/dist-packages/ros2web_interfaces/srv/__init__.py
[0.800s] -- Up-to-date: /home/arsen/roarm_ws_em0/install/ros2web_interfaces/local/lib/python3.10/dist-packages/ros2web_interfaces/srv/_http_s.c
[0.800s] -- Up-to-date: /home/arsen/roarm_ws_em0/install/ros2web_interfaces/local/lib/python3.10/dist-packages/ros2web_interfaces/srv/_http.py
[0.801s] -- Up-to-date: /home/arsen/roarm_ws_em0/install/ros2web_interfaces/local/lib/python3.10/dist-packages/ros2web_interfaces/srv/_ws_s.c
[0.814s] Listing '/home/arsen/roarm_ws_em0/install/ros2web_interfaces/local/lib/python3.10/dist-packages/ros2web_interfaces'...
[0.814s] Listing '/home/arsen/roarm_ws_em0/install/ros2web_interfaces/local/lib/python3.10/dist-packages/ros2web_interfaces/msg'...
[0.815s] Listing '/home/arsen/roarm_ws_em0/install/ros2web_interfaces/local/lib/python3.10/dist-packages/ros2web_interfaces/srv'...
[0.821s] -- Up-to-date: /home/arsen/roarm_ws_em0/install/ros2web_interfaces/local/lib/python3.10/dist-packages/ros2web_interfaces/ros2web_interfaces_s__rosidl_typesupport_fastrtps_c.cpython-310-x86_64-linux-gnu.so
[0.821s] -- Up-to-date: /home/arsen/roarm_ws_em0/install/ros2web_interfaces/local/lib/python3.10/dist-packages/ros2web_interfaces/ros2web_interfaces_s__rosidl_typesupport_introspection_c.cpython-310-x86_64-linux-gnu.so
[0.824s] -- Up-to-date: /home/arsen/roarm_ws_em0/install/ros2web_interfaces/local/lib/python3.10/dist-packages/ros2web_interfaces/ros2web_interfaces_s__rosidl_typesupport_c.cpython-310-x86_64-linux-gnu.so
[0.825s] -- Up-to-date: /home/arsen/roarm_ws_em0/install/ros2web_interfaces/lib/libros2web_interfaces__rosidl_generator_py.so
[0.825s] -- Up-to-date: /home/arsen/roarm_ws_em0/install/ros2web_interfaces/share/ros2web_interfaces/msg/BodyPart.idl
[0.825s] -- Up-to-date: /home/arsen/roarm_ws_em0/install/ros2web_interfaces/share/ros2web_interfaces/msg/ContentType.idl
[0.826s] -- Up-to-date: /home/arsen/roarm_ws_em0/install/ros2web_interfaces/share/ros2web_interfaces/msg/HTTPStatusCode.idl
[0.826s] -- Up-to-date: /home/arsen/roarm_ws_em0/install/ros2web_interfaces/share/ros2web_interfaces/msg/WSMsgData.idl
[0.826s] -- Up-to-date: /home/arsen/roarm_ws_em0/install/ros2web_interfaces/share/ros2web_interfaces/msg/WSMsgType.idl
[0.826s] -- Up-to-date: /home/arsen/roarm_ws_em0/install/ros2web_interfaces/share/ros2web_interfaces/msg/WSMsg.idl
[0.826s] -- Up-to-date: /home/arsen/roarm_ws_em0/install/ros2web_interfaces/share/ros2web_interfaces/srv/HTTP.idl
[0.826s] -- Up-to-date: /home/arsen/roarm_ws_em0/install/ros2web_interfaces/share/ros2web_interfaces/srv/WS.idl
[0.826s] -- Up-to-date: /home/arsen/roarm_ws_em0/install/ros2web_interfaces/share/ros2web_interfaces/msg/BodyPart.msg
[0.826s] -- Up-to-date: /home/arsen/roarm_ws_em0/install/ros2web_interfaces/share/ros2web_interfaces/msg/ContentType.msg
[0.826s] -- Up-to-date: /home/arsen/roarm_ws_em0/install/ros2web_interfaces/share/ros2web_interfaces/msg/HTTPStatusCode.msg
[0.827s] -- Up-to-date: /home/arsen/roarm_ws_em0/install/ros2web_interfaces/share/ros2web_interfaces/msg/WSMsgData.msg
[0.827s] -- Up-to-date: /home/arsen/roarm_ws_em0/install/ros2web_interfaces/share/ros2web_interfaces/msg/WSMsgType.msg
[0.827s] -- Up-to-date: /home/arsen/roarm_ws_em0/install/ros2web_interfaces/share/ros2web_interfaces/msg/WSMsg.msg
[0.827s] -- Up-to-date: /home/arsen/roarm_ws_em0/install/ros2web_interfaces/share/ros2web_interfaces/srv/HTTP.srv
[0.827s] -- Up-to-date: /home/arsen/roarm_ws_em0/install/ros2web_interfaces/share/ros2web_interfaces/srv/HTTP_Request.msg
[0.827s] -- Up-to-date: /home/arsen/roarm_ws_em0/install/ros2web_interfaces/share/ros2web_interfaces/srv/HTTP_Response.msg
[0.827s] -- Up-to-date: /home/arsen/roarm_ws_em0/install/ros2web_interfaces/share/ros2web_interfaces/srv/WS.srv
[0.827s] -- Up-to-date: /home/arsen/roarm_ws_em0/install/ros2web_interfaces/share/ros2web_interfaces/srv/WS_Request.msg
[0.828s] -- Up-to-date: /home/arsen/roarm_ws_em0/install/ros2web_interfaces/share/ros2web_interfaces/srv/WS_Response.msg
[0.828s] -- Up-to-date: /home/arsen/roarm_ws_em0/install/ros2web_interfaces/share/ament_index/resource_index/package_run_dependencies/ros2web_interfaces
[0.828s] -- Up-to-date: /home/arsen/roarm_ws_em0/install/ros2web_interfaces/share/ament_index/resource_index/parent_prefix_path/ros2web_interfaces
[0.828s] -- Up-to-date: /home/arsen/roarm_ws_em0/install/ros2web_interfaces/share/ros2web_interfaces/environment/ament_prefix_path.sh
[0.828s] -- Up-to-date: /home/arsen/roarm_ws_em0/install/ros2web_interfaces/share/ros2web_interfaces/environment/ament_prefix_path.dsv
[0.828s] -- Up-to-date: /home/arsen/roarm_ws_em0/install/ros2web_interfaces/share/ros2web_interfaces/environment/path.sh
[0.828s] -- Up-to-date: /home/arsen/roarm_ws_em0/install/ros2web_interfaces/share/ros2web_interfaces/environment/path.dsv
[0.828s] -- Up-to-date: /home/arsen/roarm_ws_em0/install/ros2web_interfaces/share/ros2web_interfaces/local_setup.bash
[0.828s] -- Up-to-date: /home/arsen/roarm_ws_em0/install/ros2web_interfaces/share/ros2web_interfaces/local_setup.sh
[0.829s] -- Up-to-date: /home/arsen/roarm_ws_em0/install/ros2web_interfaces/share/ros2web_interfaces/local_setup.zsh
[0.829s] -- Up-to-date: /home/arsen/roarm_ws_em0/install/ros2web_interfaces/share/ros2web_interfaces/local_setup.dsv
[0.829s] -- Installing: /home/arsen/roarm_ws_em0/install/ros2web_interfaces/share/ros2web_interfaces/package.dsv
[0.829s] -- Up-to-date: /home/arsen/roarm_ws_em0/install/ros2web_interfaces/share/ament_index/resource_index/packages/ros2web_interfaces
[0.829s] -- Up-to-date: /home/arsen/roarm_ws_em0/install/ros2web_interfaces/share/ros2web_interfaces/cmake/export_ros2web_interfaces__rosidl_generator_cExport.cmake
[0.829s] -- Up-to-date: /home/arsen/roarm_ws_em0/install/ros2web_interfaces/share/ros2web_interfaces/cmake/export_ros2web_interfaces__rosidl_generator_cExport-noconfig.cmake
[0.829s] -- Up-to-date: /home/arsen/roarm_ws_em0/install/ros2web_interfaces/share/ros2web_interfaces/cmake/export_ros2web_interfaces__rosidl_typesupport_fastrtps_cExport.cmake
[0.829s] -- Up-to-date: /home/arsen/roarm_ws_em0/install/ros2web_interfaces/share/ros2web_interfaces/cmake/export_ros2web_interfaces__rosidl_typesupport_fastrtps_cExport-noconfig.cmake
[0.830s] -- Up-to-date: /home/arsen/roarm_ws_em0/install/ros2web_interfaces/share/ros2web_interfaces/cmake/ros2web_interfaces__rosidl_typesupport_introspection_cExport.cmake
[0.830s] -- Up-to-date: /home/arsen/roarm_ws_em0/install/ros2web_interfaces/share/ros2web_interfaces/cmake/ros2web_interfaces__rosidl_typesupport_introspection_cExport-noconfig.cmake
[0.830s] -- Up-to-date: /home/arsen/roarm_ws_em0/install/ros2web_interfaces/share/ros2web_interfaces/cmake/ros2web_interfaces__rosidl_typesupport_cExport.cmake
[0.830s] -- Up-to-date: /home/arsen/roarm_ws_em0/install/ros2web_interfaces/share/ros2web_interfaces/cmake/ros2web_interfaces__rosidl_typesupport_cExport-noconfig.cmake
[0.830s] -- Up-to-date: /home/arsen/roarm_ws_em0/install/ros2web_interfaces/share/ros2web_interfaces/cmake/export_ros2web_interfaces__rosidl_generator_cppExport.cmake
[0.830s] -- Up-to-date: /home/arsen/roarm_ws_em0/install/ros2web_interfaces/share/ros2web_interfaces/cmake/export_ros2web_interfaces__rosidl_typesupport_fastrtps_cppExport.cmake
[0.830s] -- Up-to-date: /home/arsen/roarm_ws_em0/install/ros2web_interfaces/share/ros2web_interfaces/cmake/export_ros2web_interfaces__rosidl_typesupport_fastrtps_cppExport-noconfig.cmake
[0.830s] -- Up-to-date: /home/arsen/roarm_ws_em0/install/ros2web_interfaces/share/ros2web_interfaces/cmake/ros2web_interfaces__rosidl_typesupport_introspection_cppExport.cmake
[0.830s] -- Up-to-date: /home/arsen/roarm_ws_em0/install/ros2web_interfaces/share/ros2web_interfaces/cmake/ros2web_interfaces__rosidl_typesupport_introspection_cppExport-noconfig.cmake
[0.831s] -- Up-to-date: /home/arsen/roarm_ws_em0/install/ros2web_interfaces/share/ros2web_interfaces/cmake/ros2web_interfaces__rosidl_typesupport_cppExport.cmake
[0.831s] -- Up-to-date: /home/arsen/roarm_ws_em0/install/ros2web_interfaces/share/ros2web_interfaces/cmake/ros2web_interfaces__rosidl_typesupport_cppExport-noconfig.cmake
[0.831s] -- Up-to-date: /home/arsen/roarm_ws_em0/install/ros2web_interfaces/share/ros2web_interfaces/cmake/export_ros2web_interfaces__rosidl_generator_pyExport.cmake
[0.831s] -- Up-to-date: /home/arsen/roarm_ws_em0/install/ros2web_interfaces/share/ros2web_interfaces/cmake/export_ros2web_interfaces__rosidl_generator_pyExport-noconfig.cmake
[0.831s] -- Up-to-date: /home/arsen/roarm_ws_em0/install/ros2web_interfaces/share/ros2web_interfaces/cmake/rosidl_cmake-extras.cmake
[0.831s] -- Up-to-date: /home/arsen/roarm_ws_em0/install/ros2web_interfaces/share/ros2web_interfaces/cmake/ament_cmake_export_include_directories-extras.cmake
[0.832s] -- Up-to-date: /home/arsen/roarm_ws_em0/install/ros2web_interfaces/share/ros2web_interfaces/cmake/ament_cmake_export_libraries-extras.cmake
[0.832s] -- Up-to-date: /home/arsen/roarm_ws_em0/install/ros2web_interfaces/share/ros2web_interfaces/cmake/ament_cmake_export_targets-extras.cmake
[0.832s] -- Up-to-date: /home/arsen/roarm_ws_em0/install/ros2web_interfaces/share/ros2web_interfaces/cmake/rosidl_cmake_export_typesupport_targets-extras.cmake
[0.832s] -- Up-to-date: /home/arsen/roarm_ws_em0/install/ros2web_interfaces/share/ros2web_interfaces/cmake/ament_cmake_export_dependencies-extras.cmake
[0.832s] -- Up-to-date: /home/arsen/roarm_ws_em0/install/ros2web_interfaces/share/ros2web_interfaces/cmake/rosidl_cmake_export_typesupport_libraries-extras.cmake
[0.832s] -- Up-to-date: /home/arsen/roarm_ws_em0/install/ros2web_interfaces/share/ros2web_interfaces/cmake/ros2web_interfacesConfig.cmake
[0.832s] -- Up-to-date: /home/arsen/roarm_ws_em0/install/ros2web_interfaces/share/ros2web_interfaces/cmake/ros2web_interfacesConfig-version.cmake
[0.832s] -- Up-to-date: /home/arsen/roarm_ws_em0/install/ros2web_interfaces/share/ros2web_interfaces/package.xml
[0.848s] Invoked command in '/home/arsen/roarm_ws_em0/build/ros2web_interfaces' returned '0': CMAKE_PREFIX_PATH=${CMAKE_PREFIX_PATH}:/home/arsen/roarm_ws_em0/install/ros2web_widgets:/home/arsen/roarm_ws_em0/install/ros2web_example_py:/home/arsen/roarm_ws_em0/install/roarm_web_app:/home/arsen/roarm_ws_em0/install/ros2web_app:/home/arsen/roarm_ws_em0/install/ros2web:/home/arsen/roarm_ws_em0/install/roarm_driver:/home/arsen/roarm_ws_em0/install/launch_api:/home/arsen/ros2_ws/install/my_robot_controller:/opt/ros/humble /usr/bin/cmake --install /home/arsen/roarm_ws_em0/build/ros2web_interfaces
