[0.925s] Invoking command in '/home/arsen/roarm_ws_em0/src/roarm_else/ros2web_app/examples/ros2web_widgets': AMENT_PREFIX_PATH=/home/arsen/roarm_ws_em0/install/ros2web_app:/home/arsen/roarm_ws_em0/install/ros2web:/home/arsen/roarm_ws_em0/install/ros2web_interfaces:${AMENT_PREFIX_PATH} CMAKE_PREFIX_PATH=/home/arsen/roarm_ws_em0/install/ros2web_interfaces LD_LIBRARY_PATH=/home/arsen/roarm_ws_em0/install/ros2web_interfaces/lib:${LD_LIBRARY_PATH} PYTHONPATH=/home/arsen/roarm_ws_em0/build/ros2web_widgets/prefix_override:/usr/lib/python3/dist-packages/colcon_core/task/python/colcon_distutils_commands:/home/arsen/roarm_ws_em0/install/ros2web_widgets/lib/python3.10/site-packages:/home/arsen/roarm_ws_em0/install/ros2web_app/lib/python3.10/site-packages:/home/arsen/roarm_ws_em0/install/ros2web/lib/python3.10/site-packages:/home/arsen/roarm_ws_em0/install/ros2web_interfaces/local/lib/python3.10/dist-packages:${PYTHONPATH} /usr/bin/python3 -W ignore:setup.py install is deprecated -W ignore:easy_install command is deprecated setup.py egg_info --egg-base ../../../../../build/ros2web_widgets build --build-base /home/arsen/roarm_ws_em0/build/ros2web_widgets/build install --record /home/arsen/roarm_ws_em0/build/ros2web_widgets/install.log --single-version-externally-managed install_data
[1.167s] running egg_info
[1.167s] creating ../../../../../build/ros2web_widgets/ros2web_widgets.egg-info
[1.167s] writing ../../../../../build/ros2web_widgets/ros2web_widgets.egg-info/PKG-INFO
[1.168s] writing dependency_links to ../../../../../build/ros2web_widgets/ros2web_widgets.egg-info/dependency_links.txt
[1.168s] writing entry points to ../../../../../build/ros2web_widgets/ros2web_widgets.egg-info/entry_points.txt
[1.168s] writing requirements to ../../../../../build/ros2web_widgets/ros2web_widgets.egg-info/requires.txt
[1.168s] writing top-level names to ../../../../../build/ros2web_widgets/ros2web_widgets.egg-info/top_level.txt
[1.168s] writing manifest file '../../../../../build/ros2web_widgets/ros2web_widgets.egg-info/SOURCES.txt'
[1.171s] reading manifest file '../../../../../build/ros2web_widgets/ros2web_widgets.egg-info/SOURCES.txt'
[1.172s] writing manifest file '../../../../../build/ros2web_widgets/ros2web_widgets.egg-info/SOURCES.txt'
[1.172s] running build
[1.172s] running build_py
[1.172s] creating /home/arsen/roarm_ws_em0/build/ros2web_widgets/build
[1.173s] creating /home/arsen/roarm_ws_em0/build/ros2web_widgets/build/lib
[1.173s] creating /home/arsen/roarm_ws_em0/build/ros2web_widgets/build/lib/ros2web_widgets
[1.173s] copying ros2web_widgets/__init__.py -> /home/arsen/roarm_ws_em0/build/ros2web_widgets/build/lib/ros2web_widgets
[1.173s] copying ros2web_widgets/widgets.py -> /home/arsen/roarm_ws_em0/build/ros2web_widgets/build/lib/ros2web_widgets
[1.173s] running install
[1.174s] running install_lib
[1.175s] creating /home/arsen/roarm_ws_em0/install/ros2web_widgets/lib/python3.10/site-packages/ros2web_widgets
[1.175s] copying /home/arsen/roarm_ws_em0/build/ros2web_widgets/build/lib/ros2web_widgets/__init__.py -> /home/arsen/roarm_ws_em0/install/ros2web_widgets/lib/python3.10/site-packages/ros2web_widgets
[1.175s] copying /home/arsen/roarm_ws_em0/build/ros2web_widgets/build/lib/ros2web_widgets/widgets.py -> /home/arsen/roarm_ws_em0/install/ros2web_widgets/lib/python3.10/site-packages/ros2web_widgets
[1.175s] byte-compiling /home/arsen/roarm_ws_em0/install/ros2web_widgets/lib/python3.10/site-packages/ros2web_widgets/__init__.py to __init__.cpython-310.pyc
[1.176s] byte-compiling /home/arsen/roarm_ws_em0/install/ros2web_widgets/lib/python3.10/site-packages/ros2web_widgets/widgets.py to widgets.cpython-310.pyc
[1.177s] running install_data
[1.177s] creating /home/arsen/roarm_ws_em0/install/ros2web_widgets/share/ament_index
[1.177s] creating /home/arsen/roarm_ws_em0/install/ros2web_widgets/share/ament_index/resource_index
[1.177s] creating /home/arsen/roarm_ws_em0/install/ros2web_widgets/share/ament_index/resource_index/packages
[1.177s] copying resource/ros2web_widgets -> /home/arsen/roarm_ws_em0/install/ros2web_widgets/share/ament_index/resource_index/packages
[1.177s] copying package.xml -> /home/arsen/roarm_ws_em0/install/ros2web_widgets/share/ros2web_widgets
[1.177s] running install_egg_info
[1.180s] Copying ../../../../../build/ros2web_widgets/ros2web_widgets.egg-info to /home/arsen/roarm_ws_em0/install/ros2web_widgets/lib/python3.10/site-packages/ros2web_widgets-0.0.0-py3.10.egg-info
[1.181s] running install_scripts
[1.201s] Installing widgets script to /home/arsen/roarm_ws_em0/install/ros2web_widgets/lib/ros2web_widgets
[1.201s] writing list of installed files to '/home/arsen/roarm_ws_em0/build/ros2web_widgets/install.log'
[1.236s] Invoked command in '/home/arsen/roarm_ws_em0/src/roarm_else/ros2web_app/examples/ros2web_widgets' returned '0': AMENT_PREFIX_PATH=/home/arsen/roarm_ws_em0/install/ros2web_app:/home/arsen/roarm_ws_em0/install/ros2web:/home/arsen/roarm_ws_em0/install/ros2web_interfaces:${AMENT_PREFIX_PATH} CMAKE_PREFIX_PATH=/home/arsen/roarm_ws_em0/install/ros2web_interfaces LD_LIBRARY_PATH=/home/arsen/roarm_ws_em0/install/ros2web_interfaces/lib:${LD_LIBRARY_PATH} PYTHONPATH=/home/arsen/roarm_ws_em0/build/ros2web_widgets/prefix_override:/usr/lib/python3/dist-packages/colcon_core/task/python/colcon_distutils_commands:/home/arsen/roarm_ws_em0/install/ros2web_widgets/lib/python3.10/site-packages:/home/arsen/roarm_ws_em0/install/ros2web_app/lib/python3.10/site-packages:/home/arsen/roarm_ws_em0/install/ros2web/lib/python3.10/site-packages:/home/arsen/roarm_ws_em0/install/ros2web_interfaces/local/lib/python3.10/dist-packages:${PYTHONPATH} /usr/bin/python3 -W ignore:setup.py install is deprecated -W ignore:easy_install command is deprecated setup.py egg_info --egg-base ../../../../../build/ros2web_widgets build --build-base /home/arsen/roarm_ws_em0/build/ros2web_widgets/build install --record /home/arsen/roarm_ws_em0/build/ros2web_widgets/install.log --single-version-externally-managed install_data
