[1.326s] Invoking command in '/home/arsen/roarm_ws_em0/src/roarm_else/ros2web-ros2/ros2web': AMENT_PREFIX_PATH=/home/arsen/roarm_ws_em0/install/ros2web_interfaces:${AMENT_PREFIX_PATH} CMAKE_PREFIX_PATH=/home/arsen/roarm_ws_em0/install/ros2web_interfaces LD_LIBRARY_PATH=/home/arsen/roarm_ws_em0/install/ros2web_interfaces/lib:${LD_LIBRARY_PATH} PYTHONPATH=/home/arsen/roarm_ws_em0/build/ros2web/prefix_override:/usr/lib/python3/dist-packages/colcon_core/task/python/colcon_distutils_commands:/home/arsen/roarm_ws_em0/install/ros2web/lib/python3.10/site-packages:/home/arsen/roarm_ws_em0/install/ros2web_interfaces/local/lib/python3.10/dist-packages:${PYTHONPATH} /usr/bin/python3 -W ignore:setup.py install is deprecated -W ignore:easy_install command is deprecated setup.py egg_info --egg-base ../../../../build/ros2web build --build-base /home/arsen/roarm_ws_em0/build/ros2web/build install --record /home/arsen/roarm_ws_em0/build/ros2web/install.log --single-version-externally-managed install_data
[1.725s] running egg_info
[1.725s] creating ../../../../build/ros2web/ros2web.egg-info
[1.726s] writing ../../../../build/ros2web/ros2web.egg-info/PKG-INFO
[1.726s] writing dependency_links to ../../../../build/ros2web/ros2web.egg-info/dependency_links.txt
[1.726s] writing entry points to ../../../../build/ros2web/ros2web.egg-info/entry_points.txt
[1.726s] writing requirements to ../../../../build/ros2web/ros2web.egg-info/requires.txt
[1.726s] writing top-level names to ../../../../build/ros2web/ros2web.egg-info/top_level.txt
[1.727s] writing manifest file '../../../../build/ros2web/ros2web.egg-info/SOURCES.txt'
[1.730s] reading manifest file '../../../../build/ros2web/ros2web.egg-info/SOURCES.txt'
[1.731s] writing manifest file '../../../../build/ros2web/ros2web.egg-info/SOURCES.txt'
[1.731s] running build
[1.731s] running build_py
[1.732s] creating /home/arsen/roarm_ws_em0/build/ros2web/build
[1.732s] creating /home/arsen/roarm_ws_em0/build/ros2web/build/lib
[1.732s] creating /home/arsen/roarm_ws_em0/build/ros2web/build/lib/ros2web
[1.732s] copying ros2web/__init__.py -> /home/arsen/roarm_ws_em0/build/ros2web/build/lib/ros2web
[1.732s] creating /home/arsen/roarm_ws_em0/build/ros2web/build/lib/ros2web/command
[1.732s] copying ros2web/command/web.py -> /home/arsen/roarm_ws_em0/build/ros2web/build/lib/ros2web/command
[1.732s] copying ros2web/command/__init__.py -> /home/arsen/roarm_ws_em0/build/ros2web/build/lib/ros2web/command
[1.733s] creating /home/arsen/roarm_ws_em0/build/ros2web/build/lib/ros2web/handler
[1.733s] copying ros2web/handler/__init__.py -> /home/arsen/roarm_ws_em0/build/ros2web/build/lib/ros2web/handler
[1.733s] creating /home/arsen/roarm_ws_em0/build/ros2web/build/lib/ros2web/verb
[1.733s] copying ros2web/verb/__init__.py -> /home/arsen/roarm_ws_em0/build/ros2web/build/lib/ros2web/verb
[1.735s] copying ros2web/verb/server.py -> /home/arsen/roarm_ws_em0/build/ros2web/build/lib/ros2web/verb
[1.736s] creating /home/arsen/roarm_ws_em0/build/ros2web/build/lib/ros2web/utilities
[1.736s] copying ros2web/utilities/socket.py -> /home/arsen/roarm_ws_em0/build/ros2web/build/lib/ros2web/utilities
[1.736s] copying ros2web/utilities/__init__.py -> /home/arsen/roarm_ws_em0/build/ros2web/build/lib/ros2web/utilities
[1.736s] copying ros2web/utilities/msg.py -> /home/arsen/roarm_ws_em0/build/ros2web/build/lib/ros2web/utilities
[1.737s] creating /home/arsen/roarm_ws_em0/build/ros2web/build/lib/ros2web/api
[1.737s] copying ros2web/api/__init__.py -> /home/arsen/roarm_ws_em0/build/ros2web/build/lib/ros2web/api
[1.737s] copying ros2web/api/ros_executor.py -> /home/arsen/roarm_ws_em0/build/ros2web/build/lib/ros2web/api
[1.737s] copying ros2web/api/ws_client.py -> /home/arsen/roarm_ws_em0/build/ros2web/build/lib/ros2web/api
[1.738s] copying ros2web/api/handler.py -> /home/arsen/roarm_ws_em0/build/ros2web/build/lib/ros2web/api
[1.739s] running install
[1.739s] running install_lib
[1.740s] creating /home/arsen/roarm_ws_em0/install/ros2web/lib/python3.10/site-packages/ros2web
[1.741s] creating /home/arsen/roarm_ws_em0/install/ros2web/lib/python3.10/site-packages/ros2web/command
[1.741s] copying /home/arsen/roarm_ws_em0/build/ros2web/build/lib/ros2web/command/web.py -> /home/arsen/roarm_ws_em0/install/ros2web/lib/python3.10/site-packages/ros2web/command
[1.741s] copying /home/arsen/roarm_ws_em0/build/ros2web/build/lib/ros2web/command/__init__.py -> /home/arsen/roarm_ws_em0/install/ros2web/lib/python3.10/site-packages/ros2web/command
[1.741s] creating /home/arsen/roarm_ws_em0/install/ros2web/lib/python3.10/site-packages/ros2web/handler
[1.741s] copying /home/arsen/roarm_ws_em0/build/ros2web/build/lib/ros2web/handler/__init__.py -> /home/arsen/roarm_ws_em0/install/ros2web/lib/python3.10/site-packages/ros2web/handler
[1.741s] copying /home/arsen/roarm_ws_em0/build/ros2web/build/lib/ros2web/__init__.py -> /home/arsen/roarm_ws_em0/install/ros2web/lib/python3.10/site-packages/ros2web
[1.741s] creating /home/arsen/roarm_ws_em0/install/ros2web/lib/python3.10/site-packages/ros2web/verb
[1.741s] copying /home/arsen/roarm_ws_em0/build/ros2web/build/lib/ros2web/verb/__init__.py -> /home/arsen/roarm_ws_em0/install/ros2web/lib/python3.10/site-packages/ros2web/verb
[1.741s] copying /home/arsen/roarm_ws_em0/build/ros2web/build/lib/ros2web/verb/server.py -> /home/arsen/roarm_ws_em0/install/ros2web/lib/python3.10/site-packages/ros2web/verb
[1.742s] creating /home/arsen/roarm_ws_em0/install/ros2web/lib/python3.10/site-packages/ros2web/utilities
[1.742s] copying /home/arsen/roarm_ws_em0/build/ros2web/build/lib/ros2web/utilities/socket.py -> /home/arsen/roarm_ws_em0/install/ros2web/lib/python3.10/site-packages/ros2web/utilities
[1.742s] copying /home/arsen/roarm_ws_em0/build/ros2web/build/lib/ros2web/utilities/__init__.py -> /home/arsen/roarm_ws_em0/install/ros2web/lib/python3.10/site-packages/ros2web/utilities
[1.742s] copying /home/arsen/roarm_ws_em0/build/ros2web/build/lib/ros2web/utilities/msg.py -> /home/arsen/roarm_ws_em0/install/ros2web/lib/python3.10/site-packages/ros2web/utilities
[1.742s] creating /home/arsen/roarm_ws_em0/install/ros2web/lib/python3.10/site-packages/ros2web/api
[1.742s] copying /home/arsen/roarm_ws_em0/build/ros2web/build/lib/ros2web/api/__init__.py -> /home/arsen/roarm_ws_em0/install/ros2web/lib/python3.10/site-packages/ros2web/api
[1.742s] copying /home/arsen/roarm_ws_em0/build/ros2web/build/lib/ros2web/api/ros_executor.py -> /home/arsen/roarm_ws_em0/install/ros2web/lib/python3.10/site-packages/ros2web/api
[1.742s] copying /home/arsen/roarm_ws_em0/build/ros2web/build/lib/ros2web/api/ws_client.py -> /home/arsen/roarm_ws_em0/install/ros2web/lib/python3.10/site-packages/ros2web/api
[1.742s] copying /home/arsen/roarm_ws_em0/build/ros2web/build/lib/ros2web/api/handler.py -> /home/arsen/roarm_ws_em0/install/ros2web/lib/python3.10/site-packages/ros2web/api
[1.744s] byte-compiling /home/arsen/roarm_ws_em0/install/ros2web/lib/python3.10/site-packages/ros2web/command/web.py to web.cpython-310.pyc
[1.744s] byte-compiling /home/arsen/roarm_ws_em0/install/ros2web/lib/python3.10/site-packages/ros2web/command/__init__.py to __init__.cpython-310.pyc
[1.744s] byte-compiling /home/arsen/roarm_ws_em0/install/ros2web/lib/python3.10/site-packages/ros2web/handler/__init__.py to __init__.cpython-310.pyc
[1.745s] byte-compiling /home/arsen/roarm_ws_em0/install/ros2web/lib/python3.10/site-packages/ros2web/__init__.py to __init__.cpython-310.pyc
[1.745s] byte-compiling /home/arsen/roarm_ws_em0/install/ros2web/lib/python3.10/site-packages/ros2web/verb/__init__.py to __init__.cpython-310.pyc
[1.745s] byte-compiling /home/arsen/roarm_ws_em0/install/ros2web/lib/python3.10/site-packages/ros2web/verb/server.py to server.cpython-310.pyc
[1.749s] byte-compiling /home/arsen/roarm_ws_em0/install/ros2web/lib/python3.10/site-packages/ros2web/utilities/socket.py to socket.cpython-310.pyc
[1.749s] byte-compiling /home/arsen/roarm_ws_em0/install/ros2web/lib/python3.10/site-packages/ros2web/utilities/__init__.py to __init__.cpython-310.pyc
[1.749s] byte-compiling /home/arsen/roarm_ws_em0/install/ros2web/lib/python3.10/site-packages/ros2web/utilities/msg.py to msg.cpython-310.pyc
[1.750s] byte-compiling /home/arsen/roarm_ws_em0/install/ros2web/lib/python3.10/site-packages/ros2web/api/__init__.py to __init__.cpython-310.pyc
[1.750s] byte-compiling /home/arsen/roarm_ws_em0/install/ros2web/lib/python3.10/site-packages/ros2web/api/ros_executor.py to ros_executor.cpython-310.pyc
[1.751s] byte-compiling /home/arsen/roarm_ws_em0/install/ros2web/lib/python3.10/site-packages/ros2web/api/ws_client.py to ws_client.cpython-310.pyc
[1.752s] byte-compiling /home/arsen/roarm_ws_em0/install/ros2web/lib/python3.10/site-packages/ros2web/api/handler.py to handler.cpython-310.pyc
[1.755s] running install_data
[1.755s] creating /home/arsen/roarm_ws_em0/install/ros2web/share/ament_index
[1.756s] creating /home/arsen/roarm_ws_em0/install/ros2web/share/ament_index/resource_index
[1.756s] creating /home/arsen/roarm_ws_em0/install/ros2web/share/ament_index/resource_index/packages
[1.756s] copying resource/ros2web -> /home/arsen/roarm_ws_em0/install/ros2web/share/ament_index/resource_index/packages
[1.756s] copying package.xml -> /home/arsen/roarm_ws_em0/install/ros2web/share/ros2web
[1.756s] running install_egg_info
[1.759s] Copying ../../../../build/ros2web/ros2web.egg-info to /home/arsen/roarm_ws_em0/install/ros2web/lib/python3.10/site-packages/ros2web-0.0.1-py3.10.egg-info
[1.760s] running install_scripts
[1.792s] writing list of installed files to '/home/arsen/roarm_ws_em0/build/ros2web/install.log'
[1.841s] Invoked command in '/home/arsen/roarm_ws_em0/src/roarm_else/ros2web-ros2/ros2web' returned '0': AMENT_PREFIX_PATH=/home/arsen/roarm_ws_em0/install/ros2web_interfaces:${AMENT_PREFIX_PATH} CMAKE_PREFIX_PATH=/home/arsen/roarm_ws_em0/install/ros2web_interfaces LD_LIBRARY_PATH=/home/arsen/roarm_ws_em0/install/ros2web_interfaces/lib:${LD_LIBRARY_PATH} PYTHONPATH=/home/arsen/roarm_ws_em0/build/ros2web/prefix_override:/usr/lib/python3/dist-packages/colcon_core/task/python/colcon_distutils_commands:/home/arsen/roarm_ws_em0/install/ros2web/lib/python3.10/site-packages:/home/arsen/roarm_ws_em0/install/ros2web_interfaces/local/lib/python3.10/dist-packages:${PYTHONPATH} /usr/bin/python3 -W ignore:setup.py install is deprecated -W ignore:easy_install command is deprecated setup.py egg_info --egg-base ../../../../build/ros2web build --build-base /home/arsen/roarm_ws_em0/build/ros2web/build install --record /home/arsen/roarm_ws_em0/build/ros2web/install.log --single-version-externally-managed install_data
