[0.011s] Invoking command in '/home/arsen/roarm_ws_em0/build/roarm_moveit': AMENT_PREFIX_PATH=/home/arsen/roarm_ws_em0/install/roarm_description:${AMENT_PREFIX_PATH} CMAKE_PREFIX_PATH=/home/arsen/roarm_ws_em0/install/roarm_description:/home/arsen/ros2_ws/install/my_robot_controller:/opt/ros/humble /usr/bin/cmake /home/arsen/roarm_ws_em0/src/roarm_main/roarm_moveit -DCMAKE_INSTALL_PREFIX=/home/arsen/roarm_ws_em0/install/roarm_moveit
[0.082s] -- The C compiler identification is GNU 11.4.0
[0.150s] -- The CXX compiler identification is GNU 11.4.0
[0.160s] -- Detecting C compiler ABI info
[0.247s] -- Detecting C compiler ABI info - done
[0.262s] -- Check for working C compiler: /usr/bin/cc - skipped
[0.262s] -- Detecting C compile features
[0.263s] -- Detecting C compile features - done
[0.267s] -- Detecting CXX compiler ABI info
[0.367s] -- Detecting CXX compiler ABI info - done
[0.380s] -- Check for working CXX compiler: /usr/bin/c++ - skipped
[0.381s] -- Detecting CXX compile features
[0.381s] -- Detecting CXX compile features - done
[0.384s] -- Found ament_cmake: 1.3.11 (/opt/ros/humble/share/ament_cmake/cmake)
[0.599s] -- Found Python3: /usr/bin/python3 (found version "3.10.12") found components: Interpreter 
[0.731s] -- Found rosidl_default_generators: 1.2.0 (/opt/ros/humble/share/rosidl_default_generators/cmake)
[0.736s] -- Using all available rosidl_typesupport_c: rosidl_typesupport_fastrtps_c;rosidl_typesupport_introspection_c
[0.747s] -- Found rosidl_adapter: 3.1.6 (/opt/ros/humble/share/rosidl_adapter/cmake)
[0.810s] -- Using all available rosidl_typesupport_cpp: rosidl_typesupport_fastrtps_cpp;rosidl_typesupport_introspection_cpp
[1.190s] -- Found ament_cmake_ros: 0.10.0 (/opt/ros/humble/share/ament_cmake_ros/cmake)
[1.472s] -- Using all available rosidl_typesupport_c: rosidl_typesupport_fastrtps_c;rosidl_typesupport_introspection_c
[1.842s] -- Using all available rosidl_typesupport_cpp: rosidl_typesupport_fastrtps_cpp;rosidl_typesupport_introspection_cpp
[1.874s] -- Found PythonInterp: /usr/bin/python3 (found suitable version "3.10.12", minimum required is "3.6") 
[1.877s] -- Found python_cmake_module: 0.10.0 (/opt/ros/humble/share/python_cmake_module/cmake)
[1.924s] -- Found PythonLibs: /usr/lib/x86_64-linux-gnu/libpython3.10.so (found suitable version "3.10.12", minimum required is "3.5") 
[1.925s] -- Using PYTHON_EXECUTABLE: /usr/bin/python3
[1.926s] -- Using PYTHON_INCLUDE_DIRS: /usr/include/python3.10
[1.926s] -- Using PYTHON_LIBRARIES: /usr/lib/x86_64-linux-gnu/libpython3.10.so
[1.979s] -- Found PythonExtra: .so  
[2.036s] -- Configuring done
[2.084s] -- Generating done
[2.099s] -- Build files have been written to: /home/arsen/roarm_ws_em0/build/roarm_moveit
[2.109s] Invoked command in '/home/arsen/roarm_ws_em0/build/roarm_moveit' returned '0': AMENT_PREFIX_PATH=/home/arsen/roarm_ws_em0/install/roarm_description:${AMENT_PREFIX_PATH} CMAKE_PREFIX_PATH=/home/arsen/roarm_ws_em0/install/roarm_description:/home/arsen/ros2_ws/install/my_robot_controller:/opt/ros/humble /usr/bin/cmake /home/arsen/roarm_ws_em0/src/roarm_main/roarm_moveit -DCMAKE_INSTALL_PREFIX=/home/arsen/roarm_ws_em0/install/roarm_moveit
[2.110s] Invoking command in '/home/arsen/roarm_ws_em0/build/roarm_moveit': AMENT_PREFIX_PATH=/home/arsen/roarm_ws_em0/install/roarm_description:${AMENT_PREFIX_PATH} CMAKE_PREFIX_PATH=/home/arsen/roarm_ws_em0/install/roarm_description:/home/arsen/ros2_ws/install/my_robot_controller:/opt/ros/humble /usr/bin/cmake --build /home/arsen/roarm_ws_em0/build/roarm_moveit -- -j8 -l8
[2.178s] [  2%] [34m[1mGenerating C code for ROS interfaces[0m
[2.199s] [  4%] [34m[1mGenerating C++ code for ROS interfaces[0m
[2.227s] [  4%] Built target ament_cmake_python_copy_roarm_moveit
[2.865s] running egg_info
[2.866s] creating roarm_moveit.egg-info
[2.866s] writing roarm_moveit.egg-info/PKG-INFO
[2.866s] writing dependency_links to roarm_moveit.egg-info/dependency_links.txt
[2.866s] writing top-level names to roarm_moveit.egg-info/top_level.txt
[2.867s] writing manifest file 'roarm_moveit.egg-info/SOURCES.txt'
[2.874s] reading manifest file 'roarm_moveit.egg-info/SOURCES.txt'
[2.875s] writing manifest file 'roarm_moveit.egg-info/SOURCES.txt'
[2.959s] [  4%] Built target ament_cmake_python_build_roarm_moveit_egg
[4.683s] [  6%] [32mBuilding C object CMakeFiles/roarm_moveit__rosidl_generator_c.dir/rosidl_generator_c/roarm_moveit/srv/detail/get_pose_cmd__functions.c.o[0m
[4.703s] [  8%] [32mBuilding C object CMakeFiles/roarm_moveit__rosidl_generator_c.dir/rosidl_generator_c/roarm_moveit/srv/detail/move_circle_cmd__functions.c.o[0m
[4.725s] [ 10%] [32mBuilding C object CMakeFiles/roarm_moveit__rosidl_generator_c.dir/rosidl_generator_c/roarm_moveit/srv/detail/move_point_cmd__functions.c.o[0m
[4.978s] [ 12%] [32m[1mLinking C shared library libroarm_moveit__rosidl_generator_c.so[0m
[5.018s] [ 12%] Built target roarm_moveit__cpp
[5.055s] [ 14%] [34m[1mGenerating C++ type support dispatch for ROS interfaces[0m
[5.062s] [ 17%] [34m[1mGenerating C++ type support for eProsima Fast-RTPS[0m
[5.063s] [ 19%] [34m[1mGenerating C++ introspection for ROS interfaces[0m
[5.178s] [ 19%] Built target roarm_moveit__rosidl_generator_c
[5.238s] [ 21%] [34m[1mGenerating C type support dispatch for ROS interfaces[0m
[5.242s] [ 23%] [34m[1mGenerating C type support for eProsima Fast-RTPS[0m
[5.248s] [ 25%] [34m[1mGenerating C introspection for ROS interfaces[0m
[6.442s] [ 27%] [32mBuilding CXX object CMakeFiles/roarm_moveit__rosidl_typesupport_cpp.dir/rosidl_typesupport_cpp/roarm_moveit/srv/move_circle_cmd__type_support.cpp.o[0m
[6.446s] [ 29%] [32mBuilding CXX object CMakeFiles/roarm_moveit__rosidl_typesupport_cpp.dir/rosidl_typesupport_cpp/roarm_moveit/srv/get_pose_cmd__type_support.cpp.o[0m
[6.458s] [ 31%] [32mBuilding CXX object CMakeFiles/roarm_moveit__rosidl_typesupport_cpp.dir/rosidl_typesupport_cpp/roarm_moveit/srv/move_point_cmd__type_support.cpp.o[0m
[7.485s] [ 34%] [32mBuilding CXX object CMakeFiles/roarm_moveit__rosidl_typesupport_c.dir/rosidl_typesupport_c/roarm_moveit/srv/get_pose_cmd__type_support.cpp.o[0m
[7.494s] [ 36%] [32mBuilding CXX object CMakeFiles/roarm_moveit__rosidl_typesupport_c.dir/rosidl_typesupport_c/roarm_moveit/srv/move_point_cmd__type_support.cpp.o[0m
[7.499s] [ 38%] [32mBuilding CXX object CMakeFiles/roarm_moveit__rosidl_typesupport_c.dir/rosidl_typesupport_c/roarm_moveit/srv/move_circle_cmd__type_support.cpp.o[0m
[7.605s] [ 40%] [32m[1mLinking CXX shared library libroarm_moveit__rosidl_typesupport_c.so[0m
[7.727s] [ 40%] Built target roarm_moveit__rosidl_typesupport_c
[7.947s] [ 42%] [32mBuilding CXX object CMakeFiles/roarm_moveit__rosidl_typesupport_introspection_cpp.dir/rosidl_typesupport_introspection_cpp/roarm_moveit/srv/detail/get_pose_cmd__type_support.cpp.o[0m
[7.947s] [ 44%] [32m[1mLinking CXX shared library libroarm_moveit__rosidl_typesupport_cpp.so[0m
[7.957s] [ 46%] [32mBuilding CXX object CMakeFiles/roarm_moveit__rosidl_typesupport_introspection_cpp.dir/rosidl_typesupport_introspection_cpp/roarm_moveit/srv/detail/move_point_cmd__type_support.cpp.o[0m
[7.961s] [ 48%] [32mBuilding CXX object CMakeFiles/roarm_moveit__rosidl_typesupport_introspection_cpp.dir/rosidl_typesupport_introspection_cpp/roarm_moveit/srv/detail/move_circle_cmd__type_support.cpp.o[0m
[8.133s] [ 48%] Built target roarm_moveit__rosidl_typesupport_cpp
[8.465s] [ 51%] [32mBuilding CXX object CMakeFiles/roarm_moveit__rosidl_typesupport_fastrtps_cpp.dir/rosidl_typesupport_fastrtps_cpp/roarm_moveit/srv/detail/dds_fastrtps/get_pose_cmd__type_support.cpp.o[0m
[8.479s] [ 53%] [32mBuilding CXX object CMakeFiles/roarm_moveit__rosidl_typesupport_fastrtps_cpp.dir/rosidl_typesupport_fastrtps_cpp/roarm_moveit/srv/detail/dds_fastrtps/move_point_cmd__type_support.cpp.o[0m
[8.479s] [ 55%] [32mBuilding CXX object CMakeFiles/roarm_moveit__rosidl_typesupport_fastrtps_cpp.dir/rosidl_typesupport_fastrtps_cpp/roarm_moveit/srv/detail/dds_fastrtps/move_circle_cmd__type_support.cpp.o[0m
[8.532s] [ 57%] [32mBuilding C object CMakeFiles/roarm_moveit__rosidl_typesupport_introspection_c.dir/rosidl_typesupport_introspection_c/roarm_moveit/srv/detail/get_pose_cmd__type_support.c.o[0m
[8.707s] [ 59%] [32mBuilding C object CMakeFiles/roarm_moveit__rosidl_typesupport_introspection_c.dir/rosidl_typesupport_introspection_c/roarm_moveit/srv/detail/move_point_cmd__type_support.c.o[0m
[8.831s] [ 61%] [32mBuilding C object CMakeFiles/roarm_moveit__rosidl_typesupport_introspection_c.dir/rosidl_typesupport_introspection_c/roarm_moveit/srv/detail/move_circle_cmd__type_support.c.o[0m
[9.007s] [ 63%] [32m[1mLinking C shared library libroarm_moveit__rosidl_typesupport_introspection_c.so[0m
[9.045s] [ 65%] [32mBuilding CXX object CMakeFiles/roarm_moveit__rosidl_typesupport_fastrtps_c.dir/rosidl_typesupport_fastrtps_c/roarm_moveit/srv/detail/get_pose_cmd__type_support_c.cpp.o[0m
[9.112s] [ 65%] Built target roarm_moveit__rosidl_typesupport_introspection_c
[9.143s] [ 68%] [32mBuilding CXX object CMakeFiles/roarm_moveit__rosidl_typesupport_fastrtps_c.dir/rosidl_typesupport_fastrtps_c/roarm_moveit/srv/detail/move_point_cmd__type_support_c.cpp.o[0m
[9.191s] [ 70%] [32mBuilding CXX object CMakeFiles/roarm_moveit__rosidl_typesupport_fastrtps_c.dir/rosidl_typesupport_fastrtps_c/roarm_moveit/srv/detail/move_circle_cmd__type_support_c.cpp.o[0m
[9.904s] [ 72%] [32m[1mLinking CXX shared library libroarm_moveit__rosidl_typesupport_introspection_cpp.so[0m
[10.100s] [ 72%] Built target roarm_moveit__rosidl_typesupport_introspection_cpp
[10.298s] [ 74%] [32m[1mLinking CXX shared library libroarm_moveit__rosidl_typesupport_fastrtps_cpp.so[0m
[10.577s] [ 74%] Built target roarm_moveit__rosidl_typesupport_fastrtps_cpp
[10.702s] [ 76%] [32m[1mLinking CXX shared library libroarm_moveit__rosidl_typesupport_fastrtps_c.so[0m
[11.124s] [ 76%] Built target roarm_moveit__rosidl_typesupport_fastrtps_c
[11.176s] [ 76%] Built target roarm_moveit
[11.248s] [ 78%] [34m[1mGenerating Python code for ROS interfaces[0m
[13.088s] [ 78%] Built target roarm_moveit__py
[13.117s] [ 82%] [32mBuilding C object CMakeFiles/roarm_moveit__rosidl_generator_py.dir/rosidl_generator_py/roarm_moveit/srv/_move_point_cmd_s.c.o[0m
[13.117s] [ 82%] [32mBuilding C object CMakeFiles/roarm_moveit__rosidl_generator_py.dir/rosidl_generator_py/roarm_moveit/srv/_get_pose_cmd_s.c.o[0m
[13.129s] [ 85%] [32mBuilding C object CMakeFiles/roarm_moveit__rosidl_generator_py.dir/rosidl_generator_py/roarm_moveit/srv/_move_circle_cmd_s.c.o[0m
[13.354s] [ 87%] [32m[1mLinking C shared library rosidl_generator_py/roarm_moveit/libroarm_moveit__rosidl_generator_py.so[0m
[13.416s] [ 87%] Built target roarm_moveit__rosidl_generator_py
[13.450s] [ 89%] [32mBuilding C object CMakeFiles/roarm_moveit__rosidl_typesupport_fastrtps_c__pyext.dir/rosidl_generator_py/roarm_moveit/_roarm_moveit_s.ep.rosidl_typesupport_fastrtps_c.c.o[0m
[13.451s] [ 91%] [32mBuilding C object CMakeFiles/roarm_moveit__rosidl_typesupport_introspection_c__pyext.dir/rosidl_generator_py/roarm_moveit/_roarm_moveit_s.ep.rosidl_typesupport_introspection_c.c.o[0m
[13.478s] [ 93%] [32mBuilding C object CMakeFiles/roarm_moveit__rosidl_typesupport_c__pyext.dir/rosidl_generator_py/roarm_moveit/_roarm_moveit_s.ep.rosidl_typesupport_c.c.o[0m
[13.635s] [ 95%] [32m[1mLinking C shared library rosidl_generator_py/roarm_moveit/roarm_moveit_s__rosidl_typesupport_introspection_c.cpython-310-x86_64-linux-gnu.so[0m
[13.641s] [ 97%] [32m[1mLinking C shared library rosidl_generator_py/roarm_moveit/roarm_moveit_s__rosidl_typesupport_fastrtps_c.cpython-310-x86_64-linux-gnu.so[0m
[13.708s] [ 97%] Built target roarm_moveit__rosidl_typesupport_fastrtps_c__pyext
[13.719s] [ 97%] Built target roarm_moveit__rosidl_typesupport_introspection_c__pyext
[13.728s] [100%] [32m[1mLinking C shared library rosidl_generator_py/roarm_moveit/roarm_moveit_s__rosidl_typesupport_c.cpython-310-x86_64-linux-gnu.so[0m
[13.773s] [100%] Built target roarm_moveit__rosidl_typesupport_c__pyext
[13.791s] Invoked command in '/home/arsen/roarm_ws_em0/build/roarm_moveit' returned '0': AMENT_PREFIX_PATH=/home/arsen/roarm_ws_em0/install/roarm_description:${AMENT_PREFIX_PATH} CMAKE_PREFIX_PATH=/home/arsen/roarm_ws_em0/install/roarm_description:/home/arsen/ros2_ws/install/my_robot_controller:/opt/ros/humble /usr/bin/cmake --build /home/arsen/roarm_ws_em0/build/roarm_moveit -- -j8 -l8
[13.793s] Invoking command in '/home/arsen/roarm_ws_em0/build/roarm_moveit': AMENT_PREFIX_PATH=/home/arsen/roarm_ws_em0/install/roarm_description:${AMENT_PREFIX_PATH} CMAKE_PREFIX_PATH=/home/arsen/roarm_ws_em0/install/roarm_description:/home/arsen/ros2_ws/install/my_robot_controller:/opt/ros/humble /usr/bin/cmake --install /home/arsen/roarm_ws_em0/build/roarm_moveit
[13.804s] -- Install configuration: ""
[13.805s] -- Installing: /home/arsen/roarm_ws_em0/install/roarm_moveit/share/ament_index/resource_index/rosidl_interfaces/roarm_moveit
[13.805s] -- Installing: /home/arsen/roarm_ws_em0/install/roarm_moveit/include/roarm_moveit/roarm_moveit
[13.805s] -- Installing: /home/arsen/roarm_ws_em0/install/roarm_moveit/include/roarm_moveit/roarm_moveit/msg
[13.805s] -- Installing: /home/arsen/roarm_ws_em0/install/roarm_moveit/include/roarm_moveit/roarm_moveit/msg/rosidl_generator_c__visibility_control.h
[13.805s] -- Installing: /home/arsen/roarm_ws_em0/install/roarm_moveit/include/roarm_moveit/roarm_moveit/srv
[13.806s] -- Installing: /home/arsen/roarm_ws_em0/install/roarm_moveit/include/roarm_moveit/roarm_moveit/srv/move_circle_cmd.h
[13.806s] -- Installing: /home/arsen/roarm_ws_em0/install/roarm_moveit/include/roarm_moveit/roarm_moveit/srv/detail
[13.806s] -- Installing: /home/arsen/roarm_ws_em0/install/roarm_moveit/include/roarm_moveit/roarm_moveit/srv/detail/move_point_cmd__type_support.h
[13.806s] -- Installing: /home/arsen/roarm_ws_em0/install/roarm_moveit/include/roarm_moveit/roarm_moveit/srv/detail/move_circle_cmd__functions.h
[13.806s] -- Installing: /home/arsen/roarm_ws_em0/install/roarm_moveit/include/roarm_moveit/roarm_moveit/srv/detail/move_point_cmd__functions.c
[13.806s] -- Installing: /home/arsen/roarm_ws_em0/install/roarm_moveit/include/roarm_moveit/roarm_moveit/srv/detail/get_pose_cmd__functions.h
[13.806s] -- Installing: /home/arsen/roarm_ws_em0/install/roarm_moveit/include/roarm_moveit/roarm_moveit/srv/detail/get_pose_cmd__struct.h
[13.807s] -- Installing: /home/arsen/roarm_ws_em0/install/roarm_moveit/include/roarm_moveit/roarm_moveit/srv/detail/move_circle_cmd__type_support.h
[13.807s] -- Installing: /home/arsen/roarm_ws_em0/install/roarm_moveit/include/roarm_moveit/roarm_moveit/srv/detail/move_circle_cmd__struct.h
[13.807s] -- Installing: /home/arsen/roarm_ws_em0/install/roarm_moveit/include/roarm_moveit/roarm_moveit/srv/detail/get_pose_cmd__functions.c
[13.807s] -- Installing: /home/arsen/roarm_ws_em0/install/roarm_moveit/include/roarm_moveit/roarm_moveit/srv/detail/move_point_cmd__functions.h
[13.807s] -- Installing: /home/arsen/roarm_ws_em0/install/roarm_moveit/include/roarm_moveit/roarm_moveit/srv/detail/move_circle_cmd__functions.c
[13.807s] -- Installing: /home/arsen/roarm_ws_em0/install/roarm_moveit/include/roarm_moveit/roarm_moveit/srv/detail/get_pose_cmd__type_support.h
[13.807s] -- Installing: /home/arsen/roarm_ws_em0/install/roarm_moveit/include/roarm_moveit/roarm_moveit/srv/detail/move_point_cmd__struct.h
[13.808s] -- Installing: /home/arsen/roarm_ws_em0/install/roarm_moveit/include/roarm_moveit/roarm_moveit/srv/move_point_cmd.h
[13.808s] -- Installing: /home/arsen/roarm_ws_em0/install/roarm_moveit/include/roarm_moveit/roarm_moveit/srv/get_pose_cmd.h
[13.808s] -- Installing: /home/arsen/roarm_ws_em0/install/roarm_moveit/share/roarm_moveit/environment/library_path.sh
[13.808s] -- Installing: /home/arsen/roarm_ws_em0/install/roarm_moveit/share/roarm_moveit/environment/library_path.dsv
[13.808s] -- Installing: /home/arsen/roarm_ws_em0/install/roarm_moveit/lib/libroarm_moveit__rosidl_generator_c.so
[13.809s] -- Set runtime path of "/home/arsen/roarm_ws_em0/install/roarm_moveit/lib/libroarm_moveit__rosidl_generator_c.so" to ""
[13.809s] -- Up-to-date: /home/arsen/roarm_ws_em0/install/roarm_moveit/include/roarm_moveit/roarm_moveit
[13.809s] -- Up-to-date: /home/arsen/roarm_ws_em0/install/roarm_moveit/include/roarm_moveit/roarm_moveit/msg
[13.809s] -- Installing: /home/arsen/roarm_ws_em0/install/roarm_moveit/include/roarm_moveit/roarm_moveit/msg/rosidl_typesupport_fastrtps_c__visibility_control.h
[13.810s] -- Up-to-date: /home/arsen/roarm_ws_em0/install/roarm_moveit/include/roarm_moveit/roarm_moveit/srv
[13.810s] -- Up-to-date: /home/arsen/roarm_ws_em0/install/roarm_moveit/include/roarm_moveit/roarm_moveit/srv/detail
[13.810s] -- Installing: /home/arsen/roarm_ws_em0/install/roarm_moveit/include/roarm_moveit/roarm_moveit/srv/detail/move_circle_cmd__rosidl_typesupport_fastrtps_c.h
[13.810s] -- Installing: /home/arsen/roarm_ws_em0/install/roarm_moveit/include/roarm_moveit/roarm_moveit/srv/detail/get_pose_cmd__rosidl_typesupport_fastrtps_c.h
[13.810s] -- Installing: /home/arsen/roarm_ws_em0/install/roarm_moveit/include/roarm_moveit/roarm_moveit/srv/detail/move_point_cmd__rosidl_typesupport_fastrtps_c.h
[13.810s] -- Installing: /home/arsen/roarm_ws_em0/install/roarm_moveit/lib/libroarm_moveit__rosidl_typesupport_fastrtps_c.so
[13.810s] -- Set runtime path of "/home/arsen/roarm_ws_em0/install/roarm_moveit/lib/libroarm_moveit__rosidl_typesupport_fastrtps_c.so" to ""
[13.811s] -- Up-to-date: /home/arsen/roarm_ws_em0/install/roarm_moveit/include/roarm_moveit/roarm_moveit
[13.811s] -- Up-to-date: /home/arsen/roarm_ws_em0/install/roarm_moveit/include/roarm_moveit/roarm_moveit/msg
[13.811s] -- Installing: /home/arsen/roarm_ws_em0/install/roarm_moveit/include/roarm_moveit/roarm_moveit/msg/rosidl_typesupport_introspection_c__visibility_control.h
[13.811s] -- Up-to-date: /home/arsen/roarm_ws_em0/install/roarm_moveit/include/roarm_moveit/roarm_moveit/srv
[13.811s] -- Up-to-date: /home/arsen/roarm_ws_em0/install/roarm_moveit/include/roarm_moveit/roarm_moveit/srv/detail
[13.811s] -- Installing: /home/arsen/roarm_ws_em0/install/roarm_moveit/include/roarm_moveit/roarm_moveit/srv/detail/move_circle_cmd__type_support.c
[13.811s] -- Installing: /home/arsen/roarm_ws_em0/install/roarm_moveit/include/roarm_moveit/roarm_moveit/srv/detail/move_point_cmd__type_support.c
[13.812s] -- Installing: /home/arsen/roarm_ws_em0/install/roarm_moveit/include/roarm_moveit/roarm_moveit/srv/detail/move_point_cmd__rosidl_typesupport_introspection_c.h
[13.812s] -- Installing: /home/arsen/roarm_ws_em0/install/roarm_moveit/include/roarm_moveit/roarm_moveit/srv/detail/get_pose_cmd__rosidl_typesupport_introspection_c.h
[13.812s] -- Installing: /home/arsen/roarm_ws_em0/install/roarm_moveit/include/roarm_moveit/roarm_moveit/srv/detail/move_circle_cmd__rosidl_typesupport_introspection_c.h
[13.812s] -- Installing: /home/arsen/roarm_ws_em0/install/roarm_moveit/include/roarm_moveit/roarm_moveit/srv/detail/get_pose_cmd__type_support.c
[13.812s] -- Installing: /home/arsen/roarm_ws_em0/install/roarm_moveit/lib/libroarm_moveit__rosidl_typesupport_introspection_c.so
[13.812s] -- Set runtime path of "/home/arsen/roarm_ws_em0/install/roarm_moveit/lib/libroarm_moveit__rosidl_typesupport_introspection_c.so" to ""
[13.813s] -- Installing: /home/arsen/roarm_ws_em0/install/roarm_moveit/lib/libroarm_moveit__rosidl_typesupport_c.so
[13.813s] -- Set runtime path of "/home/arsen/roarm_ws_em0/install/roarm_moveit/lib/libroarm_moveit__rosidl_typesupport_c.so" to ""
[13.813s] -- Up-to-date: /home/arsen/roarm_ws_em0/install/roarm_moveit/include/roarm_moveit/roarm_moveit
[13.813s] -- Up-to-date: /home/arsen/roarm_ws_em0/install/roarm_moveit/include/roarm_moveit/roarm_moveit/msg
[13.813s] -- Installing: /home/arsen/roarm_ws_em0/install/roarm_moveit/include/roarm_moveit/roarm_moveit/msg/rosidl_generator_cpp__visibility_control.hpp
[13.814s] -- Up-to-date: /home/arsen/roarm_ws_em0/install/roarm_moveit/include/roarm_moveit/roarm_moveit/srv
[13.814s] -- Installing: /home/arsen/roarm_ws_em0/install/roarm_moveit/include/roarm_moveit/roarm_moveit/srv/move_point_cmd.hpp
[13.814s] -- Up-to-date: /home/arsen/roarm_ws_em0/install/roarm_moveit/include/roarm_moveit/roarm_moveit/srv/detail
[13.814s] -- Installing: /home/arsen/roarm_ws_em0/install/roarm_moveit/include/roarm_moveit/roarm_moveit/srv/detail/move_circle_cmd__type_support.hpp
[13.814s] -- Installing: /home/arsen/roarm_ws_em0/install/roarm_moveit/include/roarm_moveit/roarm_moveit/srv/detail/move_point_cmd__builder.hpp
[13.814s] -- Installing: /home/arsen/roarm_ws_em0/install/roarm_moveit/include/roarm_moveit/roarm_moveit/srv/detail/move_circle_cmd__struct.hpp
[13.814s] -- Installing: /home/arsen/roarm_ws_em0/install/roarm_moveit/include/roarm_moveit/roarm_moveit/srv/detail/get_pose_cmd__builder.hpp
[13.815s] -- Installing: /home/arsen/roarm_ws_em0/install/roarm_moveit/include/roarm_moveit/roarm_moveit/srv/detail/move_point_cmd__type_support.hpp
[13.815s] -- Installing: /home/arsen/roarm_ws_em0/install/roarm_moveit/include/roarm_moveit/roarm_moveit/srv/detail/move_point_cmd__struct.hpp
[13.815s] -- Installing: /home/arsen/roarm_ws_em0/install/roarm_moveit/include/roarm_moveit/roarm_moveit/srv/detail/get_pose_cmd__traits.hpp
[13.815s] -- Installing: /home/arsen/roarm_ws_em0/install/roarm_moveit/include/roarm_moveit/roarm_moveit/srv/detail/move_point_cmd__traits.hpp
[13.815s] -- Installing: /home/arsen/roarm_ws_em0/install/roarm_moveit/include/roarm_moveit/roarm_moveit/srv/detail/get_pose_cmd__struct.hpp
[13.815s] -- Installing: /home/arsen/roarm_ws_em0/install/roarm_moveit/include/roarm_moveit/roarm_moveit/srv/detail/move_circle_cmd__traits.hpp
[13.815s] -- Installing: /home/arsen/roarm_ws_em0/install/roarm_moveit/include/roarm_moveit/roarm_moveit/srv/detail/get_pose_cmd__type_support.hpp
[13.815s] -- Installing: /home/arsen/roarm_ws_em0/install/roarm_moveit/include/roarm_moveit/roarm_moveit/srv/detail/move_circle_cmd__builder.hpp
[13.816s] -- Installing: /home/arsen/roarm_ws_em0/install/roarm_moveit/include/roarm_moveit/roarm_moveit/srv/get_pose_cmd.hpp
[13.816s] -- Installing: /home/arsen/roarm_ws_em0/install/roarm_moveit/include/roarm_moveit/roarm_moveit/srv/move_circle_cmd.hpp
[13.816s] -- Up-to-date: /home/arsen/roarm_ws_em0/install/roarm_moveit/include/roarm_moveit/roarm_moveit
[13.816s] -- Up-to-date: /home/arsen/roarm_ws_em0/install/roarm_moveit/include/roarm_moveit/roarm_moveit/msg
[13.816s] -- Installing: /home/arsen/roarm_ws_em0/install/roarm_moveit/include/roarm_moveit/roarm_moveit/msg/rosidl_typesupport_fastrtps_cpp__visibility_control.h
[13.816s] -- Up-to-date: /home/arsen/roarm_ws_em0/install/roarm_moveit/include/roarm_moveit/roarm_moveit/srv
[13.816s] -- Up-to-date: /home/arsen/roarm_ws_em0/install/roarm_moveit/include/roarm_moveit/roarm_moveit/srv/detail
[13.816s] -- Installing: /home/arsen/roarm_ws_em0/install/roarm_moveit/include/roarm_moveit/roarm_moveit/srv/detail/get_pose_cmd__rosidl_typesupport_fastrtps_cpp.hpp
[13.816s] -- Installing: /home/arsen/roarm_ws_em0/install/roarm_moveit/include/roarm_moveit/roarm_moveit/srv/detail/move_circle_cmd__rosidl_typesupport_fastrtps_cpp.hpp
[13.817s] -- Installing: /home/arsen/roarm_ws_em0/install/roarm_moveit/include/roarm_moveit/roarm_moveit/srv/detail/move_point_cmd__rosidl_typesupport_fastrtps_cpp.hpp
[13.817s] -- Installing: /home/arsen/roarm_ws_em0/install/roarm_moveit/include/roarm_moveit/roarm_moveit/srv/detail/dds_fastrtps
[13.817s] -- Installing: /home/arsen/roarm_ws_em0/install/roarm_moveit/lib/libroarm_moveit__rosidl_typesupport_fastrtps_cpp.so
[13.817s] -- Set runtime path of "/home/arsen/roarm_ws_em0/install/roarm_moveit/lib/libroarm_moveit__rosidl_typesupport_fastrtps_cpp.so" to ""
[13.817s] -- Up-to-date: /home/arsen/roarm_ws_em0/install/roarm_moveit/include/roarm_moveit/roarm_moveit
[13.818s] -- Up-to-date: /home/arsen/roarm_ws_em0/install/roarm_moveit/include/roarm_moveit/roarm_moveit/srv
[13.818s] -- Up-to-date: /home/arsen/roarm_ws_em0/install/roarm_moveit/include/roarm_moveit/roarm_moveit/srv/detail
[13.818s] -- Installing: /home/arsen/roarm_ws_em0/install/roarm_moveit/include/roarm_moveit/roarm_moveit/srv/detail/get_pose_cmd__rosidl_typesupport_introspection_cpp.hpp
[13.818s] -- Installing: /home/arsen/roarm_ws_em0/install/roarm_moveit/include/roarm_moveit/roarm_moveit/srv/detail/move_circle_cmd__rosidl_typesupport_introspection_cpp.hpp
[13.818s] -- Installing: /home/arsen/roarm_ws_em0/install/roarm_moveit/include/roarm_moveit/roarm_moveit/srv/detail/move_point_cmd__rosidl_typesupport_introspection_cpp.hpp
[13.818s] -- Installing: /home/arsen/roarm_ws_em0/install/roarm_moveit/include/roarm_moveit/roarm_moveit/srv/detail/get_pose_cmd__type_support.cpp
[13.818s] -- Installing: /home/arsen/roarm_ws_em0/install/roarm_moveit/include/roarm_moveit/roarm_moveit/srv/detail/move_circle_cmd__type_support.cpp
[13.819s] -- Installing: /home/arsen/roarm_ws_em0/install/roarm_moveit/include/roarm_moveit/roarm_moveit/srv/detail/move_point_cmd__type_support.cpp
[13.819s] -- Installing: /home/arsen/roarm_ws_em0/install/roarm_moveit/lib/libroarm_moveit__rosidl_typesupport_introspection_cpp.so
[13.819s] -- Set runtime path of "/home/arsen/roarm_ws_em0/install/roarm_moveit/lib/libroarm_moveit__rosidl_typesupport_introspection_cpp.so" to ""
[13.819s] -- Installing: /home/arsen/roarm_ws_em0/install/roarm_moveit/lib/libroarm_moveit__rosidl_typesupport_cpp.so
[13.820s] -- Set runtime path of "/home/arsen/roarm_ws_em0/install/roarm_moveit/lib/libroarm_moveit__rosidl_typesupport_cpp.so" to ""
[13.820s] -- Installing: /home/arsen/roarm_ws_em0/install/roarm_moveit/share/roarm_moveit/environment/pythonpath.sh
[13.820s] -- Installing: /home/arsen/roarm_ws_em0/install/roarm_moveit/share/roarm_moveit/environment/pythonpath.dsv
[13.820s] -- Installing: /home/arsen/roarm_ws_em0/install/roarm_moveit/local/lib/python3.10/dist-packages/roarm_moveit-0.3.0-py3.10.egg-info
[13.820s] -- Installing: /home/arsen/roarm_ws_em0/install/roarm_moveit/local/lib/python3.10/dist-packages/roarm_moveit-0.3.0-py3.10.egg-info/dependency_links.txt
[13.820s] -- Installing: /home/arsen/roarm_ws_em0/install/roarm_moveit/local/lib/python3.10/dist-packages/roarm_moveit-0.3.0-py3.10.egg-info/PKG-INFO
[13.821s] -- Installing: /home/arsen/roarm_ws_em0/install/roarm_moveit/local/lib/python3.10/dist-packages/roarm_moveit-0.3.0-py3.10.egg-info/top_level.txt
[13.821s] -- Installing: /home/arsen/roarm_ws_em0/install/roarm_moveit/local/lib/python3.10/dist-packages/roarm_moveit-0.3.0-py3.10.egg-info/SOURCES.txt
[13.821s] -- Installing: /home/arsen/roarm_ws_em0/install/roarm_moveit/local/lib/python3.10/dist-packages/roarm_moveit
[13.821s] -- Installing: /home/arsen/roarm_ws_em0/install/roarm_moveit/local/lib/python3.10/dist-packages/roarm_moveit/_roarm_moveit_s.ep.rosidl_typesupport_fastrtps_c.c
[13.821s] -- Installing: /home/arsen/roarm_ws_em0/install/roarm_moveit/local/lib/python3.10/dist-packages/roarm_moveit/libroarm_moveit__rosidl_generator_py.so
[13.822s] -- Installing: /home/arsen/roarm_ws_em0/install/roarm_moveit/local/lib/python3.10/dist-packages/roarm_moveit/roarm_moveit_s__rosidl_typesupport_c.cpython-310-x86_64-linux-gnu.so
[13.822s] -- Installing: /home/arsen/roarm_ws_em0/install/roarm_moveit/local/lib/python3.10/dist-packages/roarm_moveit/__init__.py
[13.822s] -- Installing: /home/arsen/roarm_ws_em0/install/roarm_moveit/local/lib/python3.10/dist-packages/roarm_moveit/_roarm_moveit_s.ep.rosidl_typesupport_introspection_c.c
[13.822s] -- Installing: /home/arsen/roarm_ws_em0/install/roarm_moveit/local/lib/python3.10/dist-packages/roarm_moveit/_roarm_moveit_s.ep.rosidl_typesupport_c.c
[13.822s] -- Installing: /home/arsen/roarm_ws_em0/install/roarm_moveit/local/lib/python3.10/dist-packages/roarm_moveit/roarm_moveit_s__rosidl_typesupport_fastrtps_c.cpython-310-x86_64-linux-gnu.so
[13.822s] -- Installing: /home/arsen/roarm_ws_em0/install/roarm_moveit/local/lib/python3.10/dist-packages/roarm_moveit/srv
[13.823s] -- Installing: /home/arsen/roarm_ws_em0/install/roarm_moveit/local/lib/python3.10/dist-packages/roarm_moveit/srv/_get_pose_cmd_s.c
[13.823s] -- Installing: /home/arsen/roarm_ws_em0/install/roarm_moveit/local/lib/python3.10/dist-packages/roarm_moveit/srv/_move_point_cmd_s.c
[13.823s] -- Installing: /home/arsen/roarm_ws_em0/install/roarm_moveit/local/lib/python3.10/dist-packages/roarm_moveit/srv/__init__.py
[13.823s] -- Installing: /home/arsen/roarm_ws_em0/install/roarm_moveit/local/lib/python3.10/dist-packages/roarm_moveit/srv/_move_circle_cmd.py
[13.823s] -- Installing: /home/arsen/roarm_ws_em0/install/roarm_moveit/local/lib/python3.10/dist-packages/roarm_moveit/srv/_move_point_cmd.py
[13.823s] -- Installing: /home/arsen/roarm_ws_em0/install/roarm_moveit/local/lib/python3.10/dist-packages/roarm_moveit/srv/_move_circle_cmd_s.c
[13.823s] -- Installing: /home/arsen/roarm_ws_em0/install/roarm_moveit/local/lib/python3.10/dist-packages/roarm_moveit/srv/_get_pose_cmd.py
[13.824s] -- Installing: /home/arsen/roarm_ws_em0/install/roarm_moveit/local/lib/python3.10/dist-packages/roarm_moveit/roarm_moveit_s__rosidl_typesupport_introspection_c.cpython-310-x86_64-linux-gnu.so
[13.886s] Listing '/home/arsen/roarm_ws_em0/install/roarm_moveit/local/lib/python3.10/dist-packages/roarm_moveit'...
[13.886s] Compiling '/home/arsen/roarm_ws_em0/install/roarm_moveit/local/lib/python3.10/dist-packages/roarm_moveit/__init__.py'...
[13.886s] Listing '/home/arsen/roarm_ws_em0/install/roarm_moveit/local/lib/python3.10/dist-packages/roarm_moveit/srv'...
[13.887s] Compiling '/home/arsen/roarm_ws_em0/install/roarm_moveit/local/lib/python3.10/dist-packages/roarm_moveit/srv/__init__.py'...
[13.887s] Compiling '/home/arsen/roarm_ws_em0/install/roarm_moveit/local/lib/python3.10/dist-packages/roarm_moveit/srv/_get_pose_cmd.py'...
[13.887s] Compiling '/home/arsen/roarm_ws_em0/install/roarm_moveit/local/lib/python3.10/dist-packages/roarm_moveit/srv/_move_circle_cmd.py'...
[13.887s] Compiling '/home/arsen/roarm_ws_em0/install/roarm_moveit/local/lib/python3.10/dist-packages/roarm_moveit/srv/_move_point_cmd.py'...
[13.898s] -- Installing: /home/arsen/roarm_ws_em0/install/roarm_moveit/local/lib/python3.10/dist-packages/roarm_moveit/roarm_moveit_s__rosidl_typesupport_fastrtps_c.cpython-310-x86_64-linux-gnu.so
[13.901s] -- Set runtime path of "/home/arsen/roarm_ws_em0/install/roarm_moveit/local/lib/python3.10/dist-packages/roarm_moveit/roarm_moveit_s__rosidl_typesupport_fastrtps_c.cpython-310-x86_64-linux-gnu.so" to ""
[13.901s] -- Installing: /home/arsen/roarm_ws_em0/install/roarm_moveit/local/lib/python3.10/dist-packages/roarm_moveit/roarm_moveit_s__rosidl_typesupport_introspection_c.cpython-310-x86_64-linux-gnu.so
[13.901s] -- Set runtime path of "/home/arsen/roarm_ws_em0/install/roarm_moveit/local/lib/python3.10/dist-packages/roarm_moveit/roarm_moveit_s__rosidl_typesupport_introspection_c.cpython-310-x86_64-linux-gnu.so" to ""
[13.901s] -- Installing: /home/arsen/roarm_ws_em0/install/roarm_moveit/local/lib/python3.10/dist-packages/roarm_moveit/roarm_moveit_s__rosidl_typesupport_c.cpython-310-x86_64-linux-gnu.so
[13.901s] -- Set runtime path of "/home/arsen/roarm_ws_em0/install/roarm_moveit/local/lib/python3.10/dist-packages/roarm_moveit/roarm_moveit_s__rosidl_typesupport_c.cpython-310-x86_64-linux-gnu.so" to ""
[13.902s] -- Installing: /home/arsen/roarm_ws_em0/install/roarm_moveit/lib/libroarm_moveit__rosidl_generator_py.so
[13.902s] -- Set runtime path of "/home/arsen/roarm_ws_em0/install/roarm_moveit/lib/libroarm_moveit__rosidl_generator_py.so" to ""
[13.902s] -- Installing: /home/arsen/roarm_ws_em0/install/roarm_moveit/share/roarm_moveit/srv/GetPoseCmd.idl
[13.902s] -- Installing: /home/arsen/roarm_ws_em0/install/roarm_moveit/share/roarm_moveit/srv/MovePointCmd.idl
[13.902s] -- Installing: /home/arsen/roarm_ws_em0/install/roarm_moveit/share/roarm_moveit/srv/MoveCircleCmd.idl
[13.902s] -- Installing: /home/arsen/roarm_ws_em0/install/roarm_moveit/share/roarm_moveit/srv/GetPoseCmd.srv
[13.902s] -- Installing: /home/arsen/roarm_ws_em0/install/roarm_moveit/share/roarm_moveit/srv/GetPoseCmd_Request.msg
[13.902s] -- Installing: /home/arsen/roarm_ws_em0/install/roarm_moveit/share/roarm_moveit/srv/GetPoseCmd_Response.msg
[13.903s] -- Installing: /home/arsen/roarm_ws_em0/install/roarm_moveit/share/roarm_moveit/srv/MovePointCmd.srv
[13.903s] -- Installing: /home/arsen/roarm_ws_em0/install/roarm_moveit/share/roarm_moveit/srv/MovePointCmd_Request.msg
[13.903s] -- Installing: /home/arsen/roarm_ws_em0/install/roarm_moveit/share/roarm_moveit/srv/MovePointCmd_Response.msg
[13.903s] -- Installing: /home/arsen/roarm_ws_em0/install/roarm_moveit/share/roarm_moveit/srv/MoveCircleCmd.srv
[13.903s] -- Installing: /home/arsen/roarm_ws_em0/install/roarm_moveit/share/roarm_moveit/srv/MoveCircleCmd_Request.msg
[13.903s] -- Installing: /home/arsen/roarm_ws_em0/install/roarm_moveit/share/roarm_moveit/srv/MoveCircleCmd_Response.msg
[13.904s] -- Installing: /home/arsen/roarm_ws_em0/install/roarm_moveit/share/ament_index/resource_index/package_run_dependencies/roarm_moveit
[13.904s] -- Installing: /home/arsen/roarm_ws_em0/install/roarm_moveit/share/ament_index/resource_index/parent_prefix_path/roarm_moveit
[13.904s] -- Installing: /home/arsen/roarm_ws_em0/install/roarm_moveit/share/roarm_moveit/environment/ament_prefix_path.sh
[13.904s] -- Installing: /home/arsen/roarm_ws_em0/install/roarm_moveit/share/roarm_moveit/environment/ament_prefix_path.dsv
[13.905s] -- Installing: /home/arsen/roarm_ws_em0/install/roarm_moveit/share/roarm_moveit/environment/path.sh
[13.905s] -- Installing: /home/arsen/roarm_ws_em0/install/roarm_moveit/share/roarm_moveit/environment/path.dsv
[13.905s] -- Installing: /home/arsen/roarm_ws_em0/install/roarm_moveit/share/roarm_moveit/local_setup.bash
[13.905s] -- Installing: /home/arsen/roarm_ws_em0/install/roarm_moveit/share/roarm_moveit/local_setup.sh
[13.906s] -- Installing: /home/arsen/roarm_ws_em0/install/roarm_moveit/share/roarm_moveit/local_setup.zsh
[13.906s] -- Installing: /home/arsen/roarm_ws_em0/install/roarm_moveit/share/roarm_moveit/local_setup.dsv
[13.906s] -- Installing: /home/arsen/roarm_ws_em0/install/roarm_moveit/share/roarm_moveit/package.dsv
[13.906s] -- Installing: /home/arsen/roarm_ws_em0/install/roarm_moveit/share/ament_index/resource_index/packages/roarm_moveit
[13.907s] -- Installing: /home/arsen/roarm_ws_em0/install/roarm_moveit/share/roarm_moveit/cmake/export_roarm_moveit__rosidl_generator_cExport.cmake
[13.907s] -- Installing: /home/arsen/roarm_ws_em0/install/roarm_moveit/share/roarm_moveit/cmake/export_roarm_moveit__rosidl_generator_cExport-noconfig.cmake
[13.907s] -- Installing: /home/arsen/roarm_ws_em0/install/roarm_moveit/share/roarm_moveit/cmake/export_roarm_moveit__rosidl_typesupport_fastrtps_cExport.cmake
[13.907s] -- Installing: /home/arsen/roarm_ws_em0/install/roarm_moveit/share/roarm_moveit/cmake/export_roarm_moveit__rosidl_typesupport_fastrtps_cExport-noconfig.cmake
[13.907s] -- Installing: /home/arsen/roarm_ws_em0/install/roarm_moveit/share/roarm_moveit/cmake/roarm_moveit__rosidl_typesupport_introspection_cExport.cmake
[13.908s] -- Installing: /home/arsen/roarm_ws_em0/install/roarm_moveit/share/roarm_moveit/cmake/roarm_moveit__rosidl_typesupport_introspection_cExport-noconfig.cmake
[13.908s] -- Installing: /home/arsen/roarm_ws_em0/install/roarm_moveit/share/roarm_moveit/cmake/roarm_moveit__rosidl_typesupport_cExport.cmake
[13.908s] -- Installing: /home/arsen/roarm_ws_em0/install/roarm_moveit/share/roarm_moveit/cmake/roarm_moveit__rosidl_typesupport_cExport-noconfig.cmake
[13.908s] -- Installing: /home/arsen/roarm_ws_em0/install/roarm_moveit/share/roarm_moveit/cmake/export_roarm_moveit__rosidl_generator_cppExport.cmake
[13.908s] -- Installing: /home/arsen/roarm_ws_em0/install/roarm_moveit/share/roarm_moveit/cmake/export_roarm_moveit__rosidl_typesupport_fastrtps_cppExport.cmake
[13.909s] -- Installing: /home/arsen/roarm_ws_em0/install/roarm_moveit/share/roarm_moveit/cmake/export_roarm_moveit__rosidl_typesupport_fastrtps_cppExport-noconfig.cmake
[13.909s] -- Installing: /home/arsen/roarm_ws_em0/install/roarm_moveit/share/roarm_moveit/cmake/roarm_moveit__rosidl_typesupport_introspection_cppExport.cmake
[13.909s] -- Installing: /home/arsen/roarm_ws_em0/install/roarm_moveit/share/roarm_moveit/cmake/roarm_moveit__rosidl_typesupport_introspection_cppExport-noconfig.cmake
[13.909s] -- Installing: /home/arsen/roarm_ws_em0/install/roarm_moveit/share/roarm_moveit/cmake/roarm_moveit__rosidl_typesupport_cppExport.cmake
[13.909s] -- Installing: /home/arsen/roarm_ws_em0/install/roarm_moveit/share/roarm_moveit/cmake/roarm_moveit__rosidl_typesupport_cppExport-noconfig.cmake
[13.910s] -- Installing: /home/arsen/roarm_ws_em0/install/roarm_moveit/share/roarm_moveit/cmake/export_roarm_moveit__rosidl_generator_pyExport.cmake
[13.910s] -- Installing: /home/arsen/roarm_ws_em0/install/roarm_moveit/share/roarm_moveit/cmake/export_roarm_moveit__rosidl_generator_pyExport-noconfig.cmake
[13.910s] -- Installing: /home/arsen/roarm_ws_em0/install/roarm_moveit/share/roarm_moveit/cmake/rosidl_cmake-extras.cmake
[13.910s] -- Installing: /home/arsen/roarm_ws_em0/install/roarm_moveit/share/roarm_moveit/cmake/ament_cmake_export_include_directories-extras.cmake
[13.911s] -- Installing: /home/arsen/roarm_ws_em0/install/roarm_moveit/share/roarm_moveit/cmake/ament_cmake_export_libraries-extras.cmake
[13.911s] -- Installing: /home/arsen/roarm_ws_em0/install/roarm_moveit/share/roarm_moveit/cmake/ament_cmake_export_targets-extras.cmake
[13.911s] -- Installing: /home/arsen/roarm_ws_em0/install/roarm_moveit/share/roarm_moveit/cmake/rosidl_cmake_export_typesupport_targets-extras.cmake
[13.911s] -- Installing: /home/arsen/roarm_ws_em0/install/roarm_moveit/share/roarm_moveit/cmake/ament_cmake_export_dependencies-extras.cmake
[13.911s] -- Installing: /home/arsen/roarm_ws_em0/install/roarm_moveit/share/roarm_moveit/cmake/rosidl_cmake_export_typesupport_libraries-extras.cmake
[13.911s] -- Installing: /home/arsen/roarm_ws_em0/install/roarm_moveit/share/roarm_moveit/cmake/roarm_moveitConfig.cmake
[13.912s] -- Installing: /home/arsen/roarm_ws_em0/install/roarm_moveit/share/roarm_moveit/cmake/roarm_moveitConfig-version.cmake
[13.912s] -- Installing: /home/arsen/roarm_ws_em0/install/roarm_moveit/share/roarm_moveit/package.xml
[13.912s] -- Installing: /home/arsen/roarm_ws_em0/install/roarm_moveit/share/roarm_moveit/launch
[13.912s] -- Installing: /home/arsen/roarm_ws_em0/install/roarm_moveit/share/roarm_moveit/launch/command_control_moveit_rviz.launch.py
[13.912s] -- Installing: /home/arsen/roarm_ws_em0/install/roarm_moveit/share/roarm_moveit/launch/spawn_controllers.launch.py
[13.913s] -- Installing: /home/arsen/roarm_ws_em0/install/roarm_moveit/share/roarm_moveit/launch/interact.launch.py
[13.913s] -- Installing: /home/arsen/roarm_ws_em0/install/roarm_moveit/share/roarm_moveit/launch/setup_assistant.launch.py
[13.913s] -- Installing: /home/arsen/roarm_ws_em0/install/roarm_moveit/share/roarm_moveit/launch/moveit_rviz.launch.py
[13.913s] -- Installing: /home/arsen/roarm_ws_em0/install/roarm_moveit/share/roarm_moveit/launch/warehouse_db.launch.py
[13.914s] -- Installing: /home/arsen/roarm_ws_em0/install/roarm_moveit/share/roarm_moveit/launch/interact_moveit_rviz.launch.py
[13.914s] -- Installing: /home/arsen/roarm_ws_em0/install/roarm_moveit/share/roarm_moveit/launch/static_virtual_joint_tfs.launch.py
[13.914s] -- Installing: /home/arsen/roarm_ws_em0/install/roarm_moveit/share/roarm_moveit/launch/move_group.launch.py
[13.914s] -- Installing: /home/arsen/roarm_ws_em0/install/roarm_moveit/share/roarm_moveit/launch/demo.launch.py
[13.915s] -- Installing: /home/arsen/roarm_ws_em0/install/roarm_moveit/share/roarm_moveit/launch/rsp.launch.py
[13.915s] -- Installing: /home/arsen/roarm_ws_em0/install/roarm_moveit/share/roarm_moveit/config
[13.915s] -- Installing: /home/arsen/roarm_ws_em0/install/roarm_moveit/share/roarm_moveit/config/moveit.rviz
[13.915s] -- Installing: /home/arsen/roarm_ws_em0/install/roarm_moveit/share/roarm_moveit/config/roarm_description.srdf
[13.916s] -- Installing: /home/arsen/roarm_ws_em0/install/roarm_moveit/share/roarm_moveit/config/pilz_cartesian_limits.yaml
[13.916s] -- Installing: /home/arsen/roarm_ws_em0/install/roarm_moveit/share/roarm_moveit/config/ros2_controllers.yaml
[13.916s] -- Installing: /home/arsen/roarm_ws_em0/install/roarm_moveit/share/roarm_moveit/config/joint_limits.yaml
[13.916s] -- Installing: /home/arsen/roarm_ws_em0/install/roarm_moveit/share/roarm_moveit/config/initial_positions.yaml
[13.917s] -- Installing: /home/arsen/roarm_ws_em0/install/roarm_moveit/share/roarm_moveit/config/roarm_description.ros2_control.xacro
[13.917s] -- Installing: /home/arsen/roarm_ws_em0/install/roarm_moveit/share/roarm_moveit/config/sensors_3d.yaml
[13.917s] -- Installing: /home/arsen/roarm_ws_em0/install/roarm_moveit/share/roarm_moveit/config/moveit_controllers.yaml
[13.918s] -- Installing: /home/arsen/roarm_ws_em0/install/roarm_moveit/share/roarm_moveit/config/kinematics.yaml
[13.918s] -- Installing: /home/arsen/roarm_ws_em0/install/roarm_moveit/share/roarm_moveit/config/roarm_description.urdf.xacro
[13.918s] -- Installing: /home/arsen/roarm_ws_em0/install/roarm_moveit/share/roarm_moveit/config/interact.rviz
[13.918s] -- Installing: /home/arsen/roarm_ws_em0/install/roarm_moveit/share/roarm_moveit/.setup_assistant
[13.922s] Invoked command in '/home/arsen/roarm_ws_em0/build/roarm_moveit' returned '0': AMENT_PREFIX_PATH=/home/arsen/roarm_ws_em0/install/roarm_description:${AMENT_PREFIX_PATH} CMAKE_PREFIX_PATH=/home/arsen/roarm_ws_em0/install/roarm_description:/home/arsen/ros2_ws/install/my_robot_controller:/opt/ros/humble /usr/bin/cmake --install /home/arsen/roarm_ws_em0/build/roarm_moveit
