[0.720s] Invoking command in '/home/arsen/roarm_ws_em0/build/roarm_moveit_ikfast_plugins': CMAKE_PREFIX_PATH=${CMAKE_PREFIX_PATH}:/home/arsen/roarm_ws/install/ros2web_widgets:/home/arsen/roarm_ws/install/ros2web_example_py:/home/arsen/roarm_ws/install/roarm_web_app:/home/arsen/roarm_ws/install/ros2web_app:/home/arsen/roarm_ws/install/ros2web:/home/arsen/roarm_ws/install/roarm_driver:/home/arsen/roarm_ws/install/launch_api:/home/arsen/roarm_ws_em0/install/ros2web_widgets:/home/arsen/roarm_ws_em0/install/ros2web_example_py:/home/arsen/roarm_ws_em0/install/roarm_web_app:/home/arsen/roarm_ws_em0/install/ros2web_app:/home/arsen/roarm_ws_em0/install/ros2web:/home/arsen/roarm_ws_em0/install/ros2web_interfaces:/home/arsen/roarm_ws_em0/install/roarm_moveit_ikfast_plugins:/home/arsen/roarm_ws_em0/install/roarm_moveit_cmd:/home/arsen/roarm_ws_em0/install/roarm_moveit:/home/arsen/roarm_ws_em0/install/roarm_driver:/home/arsen/roarm_ws_em0/install/roarm_description:/home/arsen/roarm_ws_em0/install/moveit_servo:/home/arsen/roarm_ws_em0/install/launch_api:/home/arsen/ros2_ws/install/my_robot_controller:/opt/ros/humble /usr/bin/cmake --build /home/arsen/roarm_ws_em0/build/roarm_moveit_ikfast_plugins -- -j8 -l8
[0.801s] [100%] Built target roarm_description_hand_moveit_ikfast_plugin
[0.837s] Invoked command in '/home/arsen/roarm_ws_em0/build/roarm_moveit_ikfast_plugins' returned '0': CMAKE_PREFIX_PATH=${CMAKE_PREFIX_PATH}:/home/arsen/roarm_ws/install/ros2web_widgets:/home/arsen/roarm_ws/install/ros2web_example_py:/home/arsen/roarm_ws/install/roarm_web_app:/home/arsen/roarm_ws/install/ros2web_app:/home/arsen/roarm_ws/install/ros2web:/home/arsen/roarm_ws/install/roarm_driver:/home/arsen/roarm_ws/install/launch_api:/home/arsen/roarm_ws_em0/install/ros2web_widgets:/home/arsen/roarm_ws_em0/install/ros2web_example_py:/home/arsen/roarm_ws_em0/install/roarm_web_app:/home/arsen/roarm_ws_em0/install/ros2web_app:/home/arsen/roarm_ws_em0/install/ros2web:/home/arsen/roarm_ws_em0/install/ros2web_interfaces:/home/arsen/roarm_ws_em0/install/roarm_moveit_ikfast_plugins:/home/arsen/roarm_ws_em0/install/roarm_moveit_cmd:/home/arsen/roarm_ws_em0/install/roarm_moveit:/home/arsen/roarm_ws_em0/install/roarm_driver:/home/arsen/roarm_ws_em0/install/roarm_description:/home/arsen/roarm_ws_em0/install/moveit_servo:/home/arsen/roarm_ws_em0/install/launch_api:/home/arsen/ros2_ws/install/my_robot_controller:/opt/ros/humble /usr/bin/cmake --build /home/arsen/roarm_ws_em0/build/roarm_moveit_ikfast_plugins -- -j8 -l8
[0.839s] Invoking command in '/home/arsen/roarm_ws_em0/build/roarm_moveit_ikfast_plugins': CMAKE_PREFIX_PATH=${CMAKE_PREFIX_PATH}:/home/arsen/roarm_ws/install/ros2web_widgets:/home/arsen/roarm_ws/install/ros2web_example_py:/home/arsen/roarm_ws/install/roarm_web_app:/home/arsen/roarm_ws/install/ros2web_app:/home/arsen/roarm_ws/install/ros2web:/home/arsen/roarm_ws/install/roarm_driver:/home/arsen/roarm_ws/install/launch_api:/home/arsen/roarm_ws_em0/install/ros2web_widgets:/home/arsen/roarm_ws_em0/install/ros2web_example_py:/home/arsen/roarm_ws_em0/install/roarm_web_app:/home/arsen/roarm_ws_em0/install/ros2web_app:/home/arsen/roarm_ws_em0/install/ros2web:/home/arsen/roarm_ws_em0/install/ros2web_interfaces:/home/arsen/roarm_ws_em0/install/roarm_moveit_ikfast_plugins:/home/arsen/roarm_ws_em0/install/roarm_moveit_cmd:/home/arsen/roarm_ws_em0/install/roarm_moveit:/home/arsen/roarm_ws_em0/install/roarm_driver:/home/arsen/roarm_ws_em0/install/roarm_description:/home/arsen/roarm_ws_em0/install/moveit_servo:/home/arsen/roarm_ws_em0/install/launch_api:/home/arsen/ros2_ws/install/my_robot_controller:/opt/ros/humble /usr/bin/cmake --install /home/arsen/roarm_ws_em0/build/roarm_moveit_ikfast_plugins
[0.864s] -- Install configuration: ""
[0.865s] -- Up-to-date: /home/arsen/roarm_ws_em0/install/roarm_moveit_ikfast_plugins/lib/libroarm_description_hand_moveit_ikfast_plugin.so
[0.865s] -- Up-to-date: /home/arsen/roarm_ws_em0/install/roarm_moveit_ikfast_plugins/share/roarm_moveit_ikfast_plugins/roarm_description_hand_moveit_ikfast_plugin_description.xml
[0.865s] -- Up-to-date: /home/arsen/roarm_ws_em0/install/roarm_moveit_ikfast_plugins/share/roarm_moveit_ikfast_plugins/environment/library_path.sh
[0.865s] -- Up-to-date: /home/arsen/roarm_ws_em0/install/roarm_moveit_ikfast_plugins/share/roarm_moveit_ikfast_plugins/environment/library_path.dsv
[0.865s] -- Up-to-date: /home/arsen/roarm_ws_em0/install/roarm_moveit_ikfast_plugins/share/ament_index/resource_index/package_run_dependencies/roarm_moveit_ikfast_plugins
[0.866s] -- Up-to-date: /home/arsen/roarm_ws_em0/install/roarm_moveit_ikfast_plugins/share/ament_index/resource_index/parent_prefix_path/roarm_moveit_ikfast_plugins
[0.866s] -- Up-to-date: /home/arsen/roarm_ws_em0/install/roarm_moveit_ikfast_plugins/share/roarm_moveit_ikfast_plugins/environment/ament_prefix_path.sh
[0.866s] -- Up-to-date: /home/arsen/roarm_ws_em0/install/roarm_moveit_ikfast_plugins/share/roarm_moveit_ikfast_plugins/environment/ament_prefix_path.dsv
[0.866s] -- Up-to-date: /home/arsen/roarm_ws_em0/install/roarm_moveit_ikfast_plugins/share/roarm_moveit_ikfast_plugins/environment/path.sh
[0.867s] -- Up-to-date: /home/arsen/roarm_ws_em0/install/roarm_moveit_ikfast_plugins/share/roarm_moveit_ikfast_plugins/environment/path.dsv
[0.867s] -- Up-to-date: /home/arsen/roarm_ws_em0/install/roarm_moveit_ikfast_plugins/share/roarm_moveit_ikfast_plugins/local_setup.bash
[0.867s] -- Up-to-date: /home/arsen/roarm_ws_em0/install/roarm_moveit_ikfast_plugins/share/roarm_moveit_ikfast_plugins/local_setup.sh
[0.867s] -- Up-to-date: /home/arsen/roarm_ws_em0/install/roarm_moveit_ikfast_plugins/share/roarm_moveit_ikfast_plugins/local_setup.zsh
[0.867s] -- Up-to-date: /home/arsen/roarm_ws_em0/install/roarm_moveit_ikfast_plugins/share/roarm_moveit_ikfast_plugins/local_setup.dsv
[0.868s] -- Up-to-date: /home/arsen/roarm_ws_em0/install/roarm_moveit_ikfast_plugins/share/roarm_moveit_ikfast_plugins/package.dsv
[0.868s] -- Up-to-date: /home/arsen/roarm_ws_em0/install/roarm_moveit_ikfast_plugins/share/ament_index/resource_index/packages/roarm_moveit_ikfast_plugins
[0.868s] -- Up-to-date: /home/arsen/roarm_ws_em0/install/roarm_moveit_ikfast_plugins/share/ament_index/resource_index/moveit_core__pluginlib__plugin/roarm_moveit_ikfast_plugins
[0.868s] -- Up-to-date: /home/arsen/roarm_ws_em0/install/roarm_moveit_ikfast_plugins/share/roarm_moveit_ikfast_plugins/cmake/export_roarm_moveit_ikfast_pluginsExport.cmake
[0.868s] -- Up-to-date: /home/arsen/roarm_ws_em0/install/roarm_moveit_ikfast_plugins/share/roarm_moveit_ikfast_plugins/cmake/export_roarm_moveit_ikfast_pluginsExport-noconfig.cmake
[0.868s] -- Up-to-date: /home/arsen/roarm_ws_em0/install/roarm_moveit_ikfast_plugins/share/roarm_moveit_ikfast_plugins/cmake/ament_cmake_export_targets-extras.cmake
[0.868s] -- Up-to-date: /home/arsen/roarm_ws_em0/install/roarm_moveit_ikfast_plugins/share/roarm_moveit_ikfast_plugins/cmake/ament_cmake_export_dependencies-extras.cmake
[0.868s] -- Up-to-date: /home/arsen/roarm_ws_em0/install/roarm_moveit_ikfast_plugins/share/roarm_moveit_ikfast_plugins/cmake/roarm_moveit_ikfast_pluginsConfig.cmake
[0.868s] -- Up-to-date: /home/arsen/roarm_ws_em0/install/roarm_moveit_ikfast_plugins/share/roarm_moveit_ikfast_plugins/cmake/roarm_moveit_ikfast_pluginsConfig-version.cmake
[0.868s] -- Up-to-date: /home/arsen/roarm_ws_em0/install/roarm_moveit_ikfast_plugins/share/roarm_moveit_ikfast_plugins/package.xml
[0.878s] Invoked command in '/home/arsen/roarm_ws_em0/build/roarm_moveit_ikfast_plugins' returned '0': CMAKE_PREFIX_PATH=${CMAKE_PREFIX_PATH}:/home/arsen/roarm_ws/install/ros2web_widgets:/home/arsen/roarm_ws/install/ros2web_example_py:/home/arsen/roarm_ws/install/roarm_web_app:/home/arsen/roarm_ws/install/ros2web_app:/home/arsen/roarm_ws/install/ros2web:/home/arsen/roarm_ws/install/roarm_driver:/home/arsen/roarm_ws/install/launch_api:/home/arsen/roarm_ws_em0/install/ros2web_widgets:/home/arsen/roarm_ws_em0/install/ros2web_example_py:/home/arsen/roarm_ws_em0/install/roarm_web_app:/home/arsen/roarm_ws_em0/install/ros2web_app:/home/arsen/roarm_ws_em0/install/ros2web:/home/arsen/roarm_ws_em0/install/ros2web_interfaces:/home/arsen/roarm_ws_em0/install/roarm_moveit_ikfast_plugins:/home/arsen/roarm_ws_em0/install/roarm_moveit_cmd:/home/arsen/roarm_ws_em0/install/roarm_moveit:/home/arsen/roarm_ws_em0/install/roarm_driver:/home/arsen/roarm_ws_em0/install/roarm_description:/home/arsen/roarm_ws_em0/install/moveit_servo:/home/arsen/roarm_ws_em0/install/launch_api:/home/arsen/ros2_ws/install/my_robot_controller:/opt/ros/humble /usr/bin/cmake --install /home/arsen/roarm_ws_em0/build/roarm_moveit_ikfast_plugins
