Determining if the function sgemm_ exists failed with the following output:
Change Dir: /home/arsen/roarm_ws_em0/build/roarm_moveit_ikfast_plugins/CMakeFiles/CMakeTmp

Run Build Command(s):/usr/bin/gmake -f Makefile cmTC_68e51/fast && /usr/bin/gmake  -f CMakeFiles/cmTC_68e51.dir/build.make CMakeFiles/cmTC_68e51.dir/build
gmake[1]: Entering directory '/home/arsen/roarm_ws_em0/build/roarm_moveit_ikfast_plugins/CMakeFiles/CMakeTmp'
Building C object CMakeFiles/cmTC_68e51.dir/CheckFunctionExists.c.o
/usr/bin/cc   -DCHECK_FUNCTION_EXISTS=sgemm_ -o CMakeFiles/cmTC_68e51.dir/CheckFunctionExists.c.o -c /usr/share/cmake-3.22/Modules/CheckFunctionExists.c
Linking C executable cmTC_68e51
/usr/bin/cmake -E cmake_link_script CMakeFiles/cmTC_68e51.dir/link.txt --verbose=1
/usr/bin/cc  -DCHECK_FUNCTION_EXISTS=sgemm_ CMakeFiles/cmTC_68e51.dir/CheckFunctionExists.c.o -o cmTC_68e51 
/usr/bin/ld: CMakeFiles/cmTC_68e51.dir/CheckFunctionExists.c.o: in function `main':
CheckFunctionExists.c:(.text+0x14): undefined reference to `sgemm_'
collect2: error: ld returned 1 exit status
gmake[1]: *** [CMakeFiles/cmTC_68e51.dir/build.make:99: cmTC_68e51] Error 1
gmake[1]: Leaving directory '/home/arsen/roarm_ws_em0/build/roarm_moveit_ikfast_plugins/CMakeFiles/CMakeTmp'
gmake: *** [Makefile:127: cmTC_68e51/fast] Error 2



Determining if the function cheev_ exists failed with the following output:
Change Dir: /home/arsen/roarm_ws_em0/build/roarm_moveit_ikfast_plugins/CMakeFiles/CMakeTmp

Run Build Command(s):/usr/bin/gmake -f Makefile cmTC_a75f2/fast && /usr/bin/gmake  -f CMakeFiles/cmTC_a75f2.dir/build.make CMakeFiles/cmTC_a75f2.dir/build
gmake[1]: Entering directory '/home/arsen/roarm_ws_em0/build/roarm_moveit_ikfast_plugins/CMakeFiles/CMakeTmp'
Building C object CMakeFiles/cmTC_a75f2.dir/CheckFunctionExists.c.o
/usr/bin/cc   -DCHECK_FUNCTION_EXISTS=cheev_ -o CMakeFiles/cmTC_a75f2.dir/CheckFunctionExists.c.o -c /usr/share/cmake-3.22/Modules/CheckFunctionExists.c
Linking C executable cmTC_a75f2
/usr/bin/cmake -E cmake_link_script CMakeFiles/cmTC_a75f2.dir/link.txt --verbose=1
/usr/bin/cc  -DCHECK_FUNCTION_EXISTS=cheev_ CMakeFiles/cmTC_a75f2.dir/CheckFunctionExists.c.o -o cmTC_a75f2  /usr/lib/x86_64-linux-gnu/libblas.so -lm -ldl 
/usr/bin/ld: CMakeFiles/cmTC_a75f2.dir/CheckFunctionExists.c.o: in function `main':
CheckFunctionExists.c:(.text+0x14): undefined reference to `cheev_'
collect2: error: ld returned 1 exit status
gmake[1]: *** [CMakeFiles/cmTC_a75f2.dir/build.make:100: cmTC_a75f2] Error 1
gmake[1]: Leaving directory '/home/arsen/roarm_ws_em0/build/roarm_moveit_ikfast_plugins/CMakeFiles/CMakeTmp'
gmake: *** [Makefile:127: cmTC_a75f2/fast] Error 2



Determining if the function cheev_ exists failed with the following output:
Change Dir: /home/arsen/roarm_ws_em0/build/roarm_moveit_ikfast_plugins/CMakeFiles/CMakeTmp

Run Build Command(s):/usr/bin/gmake -f Makefile cmTC_73b26/fast && /usr/bin/gmake  -f CMakeFiles/cmTC_73b26.dir/build.make CMakeFiles/cmTC_73b26.dir/build
gmake[1]: Entering directory '/home/arsen/roarm_ws_em0/build/roarm_moveit_ikfast_plugins/CMakeFiles/CMakeTmp'
Building C object CMakeFiles/cmTC_73b26.dir/CheckFunctionExists.c.o
/usr/bin/cc   -DCHECK_FUNCTION_EXISTS=cheev_ -o CMakeFiles/cmTC_73b26.dir/CheckFunctionExists.c.o -c /usr/share/cmake-3.22/Modules/CheckFunctionExists.c
Linking C executable cmTC_73b26
/usr/bin/cmake -E cmake_link_script CMakeFiles/cmTC_73b26.dir/link.txt --verbose=1
/usr/bin/cc  -DCHECK_FUNCTION_EXISTS=cheev_ CMakeFiles/cmTC_73b26.dir/CheckFunctionExists.c.o -o cmTC_73b26  /usr/lib/x86_64-linux-gnu/liblapack.so /usr/lib/x86_64-linux-gnu/libblas.so -fortranlibs 
cc: error: unrecognized command-line option ‘-fortranlibs’
gmake[1]: *** [CMakeFiles/cmTC_73b26.dir/build.make:101: cmTC_73b26] Error 1
gmake[1]: Leaving directory '/home/arsen/roarm_ws_em0/build/roarm_moveit_ikfast_plugins/CMakeFiles/CMakeTmp'
gmake: *** [Makefile:127: cmTC_73b26/fast] Error 2



