[0.974s] Invoking command in '/home/arsen/roarm_ws_em0/build/roarm_moveit_ikfast_plugins': CMAKE_PREFIX_PATH=${CMAKE_PREFIX_PATH}:/home/arsen/roarm_ws_em0/install/ros2web_widgets:/home/arsen/roarm_ws_em0/install/ros2web_example_py:/home/arsen/roarm_ws_em0/install/roarm_web_app:/home/arsen/roarm_ws_em0/install/ros2web_app:/home/arsen/roarm_ws_em0/install/ros2web:/home/arsen/roarm_ws_em0/install/roarm_driver:/home/arsen/roarm_ws_em0/install/launch_api:/home/arsen/ros2_ws/install/my_robot_controller:/opt/ros/humble /usr/bin/cmake --build /home/arsen/roarm_ws_em0/build/roarm_moveit_ikfast_plugins -- -j8 -l8
[1.091s] [100%] Built target roarm_description_hand_moveit_ikfast_plugin
[1.168s] Invoked command in '/home/arsen/roarm_ws_em0/build/roarm_moveit_ikfast_plugins' returned '0': CMAKE_PREFIX_PATH=${CMAKE_PREFIX_PATH}:/home/arsen/roarm_ws_em0/install/ros2web_widgets:/home/arsen/roarm_ws_em0/install/ros2web_example_py:/home/arsen/roarm_ws_em0/install/roarm_web_app:/home/arsen/roarm_ws_em0/install/ros2web_app:/home/arsen/roarm_ws_em0/install/ros2web:/home/arsen/roarm_ws_em0/install/roarm_driver:/home/arsen/roarm_ws_em0/install/launch_api:/home/arsen/ros2_ws/install/my_robot_controller:/opt/ros/humble /usr/bin/cmake --build /home/arsen/roarm_ws_em0/build/roarm_moveit_ikfast_plugins -- -j8 -l8
[1.169s] Invoking command in '/home/arsen/roarm_ws_em0/build/roarm_moveit_ikfast_plugins': CMAKE_PREFIX_PATH=${CMAKE_PREFIX_PATH}:/home/arsen/roarm_ws_em0/install/ros2web_widgets:/home/arsen/roarm_ws_em0/install/ros2web_example_py:/home/arsen/roarm_ws_em0/install/roarm_web_app:/home/arsen/roarm_ws_em0/install/ros2web_app:/home/arsen/roarm_ws_em0/install/ros2web:/home/arsen/roarm_ws_em0/install/roarm_driver:/home/arsen/roarm_ws_em0/install/launch_api:/home/arsen/ros2_ws/install/my_robot_controller:/opt/ros/humble /usr/bin/cmake --install /home/arsen/roarm_ws_em0/build/roarm_moveit_ikfast_plugins
[1.171s] -- Install configuration: ""
[1.171s] -- Up-to-date: /home/arsen/roarm_ws_em0/install/roarm_moveit_ikfast_plugins/lib/libroarm_description_hand_moveit_ikfast_plugin.so
[1.171s] -- Up-to-date: /home/arsen/roarm_ws_em0/install/roarm_moveit_ikfast_plugins/share/roarm_moveit_ikfast_plugins/roarm_description_hand_moveit_ikfast_plugin_description.xml
[1.172s] -- Up-to-date: /home/arsen/roarm_ws_em0/install/roarm_moveit_ikfast_plugins/share/roarm_moveit_ikfast_plugins/environment/library_path.sh
[1.172s] -- Up-to-date: /home/arsen/roarm_ws_em0/install/roarm_moveit_ikfast_plugins/share/roarm_moveit_ikfast_plugins/environment/library_path.dsv
[1.172s] -- Up-to-date: /home/arsen/roarm_ws_em0/install/roarm_moveit_ikfast_plugins/share/ament_index/resource_index/package_run_dependencies/roarm_moveit_ikfast_plugins
[1.172s] -- Up-to-date: /home/arsen/roarm_ws_em0/install/roarm_moveit_ikfast_plugins/share/ament_index/resource_index/parent_prefix_path/roarm_moveit_ikfast_plugins
[1.173s] -- Up-to-date: /home/arsen/roarm_ws_em0/install/roarm_moveit_ikfast_plugins/share/roarm_moveit_ikfast_plugins/environment/ament_prefix_path.sh
[1.173s] -- Up-to-date: /home/arsen/roarm_ws_em0/install/roarm_moveit_ikfast_plugins/share/roarm_moveit_ikfast_plugins/environment/ament_prefix_path.dsv
[1.173s] -- Up-to-date: /home/arsen/roarm_ws_em0/install/roarm_moveit_ikfast_plugins/share/roarm_moveit_ikfast_plugins/environment/path.sh
[1.173s] -- Up-to-date: /home/arsen/roarm_ws_em0/install/roarm_moveit_ikfast_plugins/share/roarm_moveit_ikfast_plugins/environment/path.dsv
[1.173s] -- Up-to-date: /home/arsen/roarm_ws_em0/install/roarm_moveit_ikfast_plugins/share/roarm_moveit_ikfast_plugins/local_setup.bash
[1.174s] -- Up-to-date: /home/arsen/roarm_ws_em0/install/roarm_moveit_ikfast_plugins/share/roarm_moveit_ikfast_plugins/local_setup.sh
[1.174s] -- Up-to-date: /home/arsen/roarm_ws_em0/install/roarm_moveit_ikfast_plugins/share/roarm_moveit_ikfast_plugins/local_setup.zsh
[1.174s] -- Up-to-date: /home/arsen/roarm_ws_em0/install/roarm_moveit_ikfast_plugins/share/roarm_moveit_ikfast_plugins/local_setup.dsv
[1.174s] -- Installing: /home/arsen/roarm_ws_em0/install/roarm_moveit_ikfast_plugins/share/roarm_moveit_ikfast_plugins/package.dsv
[1.174s] -- Up-to-date: /home/arsen/roarm_ws_em0/install/roarm_moveit_ikfast_plugins/share/ament_index/resource_index/packages/roarm_moveit_ikfast_plugins
[1.175s] -- Up-to-date: /home/arsen/roarm_ws_em0/install/roarm_moveit_ikfast_plugins/share/ament_index/resource_index/moveit_core__pluginlib__plugin/roarm_moveit_ikfast_plugins
[1.175s] -- Up-to-date: /home/arsen/roarm_ws_em0/install/roarm_moveit_ikfast_plugins/share/roarm_moveit_ikfast_plugins/cmake/export_roarm_moveit_ikfast_pluginsExport.cmake
[1.175s] -- Up-to-date: /home/arsen/roarm_ws_em0/install/roarm_moveit_ikfast_plugins/share/roarm_moveit_ikfast_plugins/cmake/export_roarm_moveit_ikfast_pluginsExport-noconfig.cmake
[1.175s] -- Up-to-date: /home/arsen/roarm_ws_em0/install/roarm_moveit_ikfast_plugins/share/roarm_moveit_ikfast_plugins/cmake/ament_cmake_export_targets-extras.cmake
[1.175s] -- Up-to-date: /home/arsen/roarm_ws_em0/install/roarm_moveit_ikfast_plugins/share/roarm_moveit_ikfast_plugins/cmake/ament_cmake_export_dependencies-extras.cmake
[1.175s] -- Up-to-date: /home/arsen/roarm_ws_em0/install/roarm_moveit_ikfast_plugins/share/roarm_moveit_ikfast_plugins/cmake/roarm_moveit_ikfast_pluginsConfig.cmake
[1.175s] -- Up-to-date: /home/arsen/roarm_ws_em0/install/roarm_moveit_ikfast_plugins/share/roarm_moveit_ikfast_plugins/cmake/roarm_moveit_ikfast_pluginsConfig-version.cmake
[1.176s] -- Up-to-date: /home/arsen/roarm_ws_em0/install/roarm_moveit_ikfast_plugins/share/roarm_moveit_ikfast_plugins/package.xml
[1.220s] Invoked command in '/home/arsen/roarm_ws_em0/build/roarm_moveit_ikfast_plugins' returned '0': CMAKE_PREFIX_PATH=${CMAKE_PREFIX_PATH}:/home/arsen/roarm_ws_em0/install/ros2web_widgets:/home/arsen/roarm_ws_em0/install/ros2web_example_py:/home/arsen/roarm_ws_em0/install/roarm_web_app:/home/arsen/roarm_ws_em0/install/ros2web_app:/home/arsen/roarm_ws_em0/install/ros2web:/home/arsen/roarm_ws_em0/install/roarm_driver:/home/arsen/roarm_ws_em0/install/launch_api:/home/arsen/ros2_ws/install/my_robot_controller:/opt/ros/humble /usr/bin/cmake --install /home/arsen/roarm_ws_em0/build/roarm_moveit_ikfast_plugins
