[0.018s] Invoking command in '/home/arsen/roarm_ws_em0/build/roarm_moveit_cmd': CMAKE_PREFIX_PATH=/home/arsen/roarm_ws_em0/install/roarm_moveit:/home/arsen/roarm_ws_em0/install/roarm_description:/home/arsen/roarm_ws_em0/install/moveit_servo:/home/arsen/roarm_ws_em0/install/ros2web_interfaces:/home/arsen/roarm_ws_em0/install/roarm_moveit_ikfast_plugins:/home/arsen/roarm_ws_em0/install/roarm_moveit_cmd:/home/arsen/roarm_ws_em0/install/ros2web_widgets:/home/arsen/roarm_ws_em0/install/ros2web_example_py:/home/arsen/roarm_ws_em0/install/roarm_web_app:/home/arsen/roarm_ws_em0/install/ros2web_app:/home/arsen/roarm_ws_em0/install/ros2web:/home/arsen/roarm_ws_em0/install/roarm_driver:/home/arsen/roarm_ws_em0/install/launch_api:/home/arsen/ros2_ws/install/my_robot_controller:/opt/ros/humble LD_LIBRARY_PATH=/home/arsen/roarm_ws_em0/install/roarm_moveit/lib:/home/arsen/roarm_ws_em0/install/moveit_servo/lib:/home/arsen/roarm_ws_em0/install/ros2web_interfaces/lib:/home/arsen/roarm_ws_em0/install/roarm_moveit_ikfast_plugins/lib:/opt/ros/humble/opt/rviz_ogre_vendor/lib:/opt/ros/humble/lib/x86_64-linux-gnu:/opt/ros/humble/lib /usr/bin/cmake --build /home/arsen/roarm_ws_em0/build/roarm_moveit_cmd -- -j8 -l8
[0.128s] [ 14%] Built target keyboardcontrol
[0.129s] [ 28%] Built target webappcontrol
[0.129s] [ 42%] Built target setgrippercmd
[0.130s] [ 57%] Built target getposecmd_tf2
[0.131s] [ 71%] Built target movepointcmd
[0.135s] [ 85%] Built target movecirclecmd
[0.138s] [100%] Built target getposecmd
[0.148s] Invoked command in '/home/arsen/roarm_ws_em0/build/roarm_moveit_cmd' returned '0': CMAKE_PREFIX_PATH=/home/arsen/roarm_ws_em0/install/roarm_moveit:/home/arsen/roarm_ws_em0/install/roarm_description:/home/arsen/roarm_ws_em0/install/moveit_servo:/home/arsen/roarm_ws_em0/install/ros2web_interfaces:/home/arsen/roarm_ws_em0/install/roarm_moveit_ikfast_plugins:/home/arsen/roarm_ws_em0/install/roarm_moveit_cmd:/home/arsen/roarm_ws_em0/install/ros2web_widgets:/home/arsen/roarm_ws_em0/install/ros2web_example_py:/home/arsen/roarm_ws_em0/install/roarm_web_app:/home/arsen/roarm_ws_em0/install/ros2web_app:/home/arsen/roarm_ws_em0/install/ros2web:/home/arsen/roarm_ws_em0/install/roarm_driver:/home/arsen/roarm_ws_em0/install/launch_api:/home/arsen/ros2_ws/install/my_robot_controller:/opt/ros/humble LD_LIBRARY_PATH=/home/arsen/roarm_ws_em0/install/roarm_moveit/lib:/home/arsen/roarm_ws_em0/install/moveit_servo/lib:/home/arsen/roarm_ws_em0/install/ros2web_interfaces/lib:/home/arsen/roarm_ws_em0/install/roarm_moveit_ikfast_plugins/lib:/opt/ros/humble/opt/rviz_ogre_vendor/lib:/opt/ros/humble/lib/x86_64-linux-gnu:/opt/ros/humble/lib /usr/bin/cmake --build /home/arsen/roarm_ws_em0/build/roarm_moveit_cmd -- -j8 -l8
[0.151s] Invoking command in '/home/arsen/roarm_ws_em0/build/roarm_moveit_cmd': CMAKE_PREFIX_PATH=/home/arsen/roarm_ws_em0/install/roarm_moveit:/home/arsen/roarm_ws_em0/install/roarm_description:/home/arsen/roarm_ws_em0/install/moveit_servo:/home/arsen/roarm_ws_em0/install/ros2web_interfaces:/home/arsen/roarm_ws_em0/install/roarm_moveit_ikfast_plugins:/home/arsen/roarm_ws_em0/install/roarm_moveit_cmd:/home/arsen/roarm_ws_em0/install/ros2web_widgets:/home/arsen/roarm_ws_em0/install/ros2web_example_py:/home/arsen/roarm_ws_em0/install/roarm_web_app:/home/arsen/roarm_ws_em0/install/ros2web_app:/home/arsen/roarm_ws_em0/install/ros2web:/home/arsen/roarm_ws_em0/install/roarm_driver:/home/arsen/roarm_ws_em0/install/launch_api:/home/arsen/ros2_ws/install/my_robot_controller:/opt/ros/humble LD_LIBRARY_PATH=/home/arsen/roarm_ws_em0/install/roarm_moveit/lib:/home/arsen/roarm_ws_em0/install/moveit_servo/lib:/home/arsen/roarm_ws_em0/install/ros2web_interfaces/lib:/home/arsen/roarm_ws_em0/install/roarm_moveit_ikfast_plugins/lib:/opt/ros/humble/opt/rviz_ogre_vendor/lib:/opt/ros/humble/lib/x86_64-linux-gnu:/opt/ros/humble/lib /usr/bin/cmake --install /home/arsen/roarm_ws_em0/build/roarm_moveit_cmd
[0.158s] -- Install configuration: "Release"
[0.159s] -- Up-to-date: /home/arsen/roarm_ws_em0/install/roarm_moveit_cmd/lib/roarm_moveit_cmd/getposecmd
[0.160s] -- Up-to-date: /home/arsen/roarm_ws_em0/install/roarm_moveit_cmd/lib/roarm_moveit_cmd/getposecmd_tf2
[0.161s] -- Up-to-date: /home/arsen/roarm_ws_em0/install/roarm_moveit_cmd/lib/roarm_moveit_cmd/keyboardcontrol
[0.162s] -- Up-to-date: /home/arsen/roarm_ws_em0/install/roarm_moveit_cmd/lib/roarm_moveit_cmd/movepointcmd
[0.163s] -- Up-to-date: /home/arsen/roarm_ws_em0/install/roarm_moveit_cmd/lib/roarm_moveit_cmd/movecirclecmd
[0.164s] -- Up-to-date: /home/arsen/roarm_ws_em0/install/roarm_moveit_cmd/lib/roarm_moveit_cmd/webappcontrol
[0.165s] -- Up-to-date: /home/arsen/roarm_ws_em0/install/roarm_moveit_cmd/lib/roarm_moveit_cmd/setgrippercmd
[0.165s] -- Up-to-date: /home/arsen/roarm_ws_em0/install/roarm_moveit_cmd/share/roarm_moveit_cmd/launch
[0.165s] -- Up-to-date: /home/arsen/roarm_ws_em0/install/roarm_moveit_cmd/share/roarm_moveit_cmd/launch/command_control.launch.py
[0.165s] -- Up-to-date: /home/arsen/roarm_ws_em0/install/roarm_moveit_cmd/share/roarm_moveit_cmd/config
[0.166s] -- Up-to-date: /home/arsen/roarm_ws_em0/install/roarm_moveit_cmd/share/roarm_moveit_cmd/config/command_control.rviz
[0.166s] -- Up-to-date: /home/arsen/roarm_ws_em0/install/roarm_moveit_cmd/share/ament_index/resource_index/package_run_dependencies/roarm_moveit_cmd
[0.166s] -- Up-to-date: /home/arsen/roarm_ws_em0/install/roarm_moveit_cmd/share/ament_index/resource_index/parent_prefix_path/roarm_moveit_cmd
[0.166s] -- Up-to-date: /home/arsen/roarm_ws_em0/install/roarm_moveit_cmd/share/roarm_moveit_cmd/environment/ament_prefix_path.sh
[0.166s] -- Up-to-date: /home/arsen/roarm_ws_em0/install/roarm_moveit_cmd/share/roarm_moveit_cmd/environment/ament_prefix_path.dsv
[0.166s] -- Up-to-date: /home/arsen/roarm_ws_em0/install/roarm_moveit_cmd/share/roarm_moveit_cmd/environment/path.sh
[0.166s] -- Up-to-date: /home/arsen/roarm_ws_em0/install/roarm_moveit_cmd/share/roarm_moveit_cmd/environment/path.dsv
[0.166s] -- Up-to-date: /home/arsen/roarm_ws_em0/install/roarm_moveit_cmd/share/roarm_moveit_cmd/local_setup.bash
[0.166s] -- Up-to-date: /home/arsen/roarm_ws_em0/install/roarm_moveit_cmd/share/roarm_moveit_cmd/local_setup.sh
[0.167s] -- Up-to-date: /home/arsen/roarm_ws_em0/install/roarm_moveit_cmd/share/roarm_moveit_cmd/local_setup.zsh
[0.167s] -- Up-to-date: /home/arsen/roarm_ws_em0/install/roarm_moveit_cmd/share/roarm_moveit_cmd/local_setup.dsv
[0.167s] -- Installing: /home/arsen/roarm_ws_em0/install/roarm_moveit_cmd/share/roarm_moveit_cmd/package.dsv
[0.167s] -- Up-to-date: /home/arsen/roarm_ws_em0/install/roarm_moveit_cmd/share/ament_index/resource_index/packages/roarm_moveit_cmd
[0.167s] -- Up-to-date: /home/arsen/roarm_ws_em0/install/roarm_moveit_cmd/share/roarm_moveit_cmd/cmake/ament_cmake_export_dependencies-extras.cmake
[0.167s] -- Up-to-date: /home/arsen/roarm_ws_em0/install/roarm_moveit_cmd/share/roarm_moveit_cmd/cmake/ament_cmake_export_include_directories-extras.cmake
[0.167s] -- Up-to-date: /home/arsen/roarm_ws_em0/install/roarm_moveit_cmd/share/roarm_moveit_cmd/cmake/roarm_moveit_cmdConfig.cmake
[0.167s] -- Up-to-date: /home/arsen/roarm_ws_em0/install/roarm_moveit_cmd/share/roarm_moveit_cmd/cmake/roarm_moveit_cmdConfig-version.cmake
[0.167s] -- Up-to-date: /home/arsen/roarm_ws_em0/install/roarm_moveit_cmd/share/roarm_moveit_cmd/package.xml
[0.169s] Invoked command in '/home/arsen/roarm_ws_em0/build/roarm_moveit_cmd' returned '0': CMAKE_PREFIX_PATH=/home/arsen/roarm_ws_em0/install/roarm_moveit:/home/arsen/roarm_ws_em0/install/roarm_description:/home/arsen/roarm_ws_em0/install/moveit_servo:/home/arsen/roarm_ws_em0/install/ros2web_interfaces:/home/arsen/roarm_ws_em0/install/roarm_moveit_ikfast_plugins:/home/arsen/roarm_ws_em0/install/roarm_moveit_cmd:/home/arsen/roarm_ws_em0/install/ros2web_widgets:/home/arsen/roarm_ws_em0/install/ros2web_example_py:/home/arsen/roarm_ws_em0/install/roarm_web_app:/home/arsen/roarm_ws_em0/install/ros2web_app:/home/arsen/roarm_ws_em0/install/ros2web:/home/arsen/roarm_ws_em0/install/roarm_driver:/home/arsen/roarm_ws_em0/install/launch_api:/home/arsen/ros2_ws/install/my_robot_controller:/opt/ros/humble LD_LIBRARY_PATH=/home/arsen/roarm_ws_em0/install/roarm_moveit/lib:/home/arsen/roarm_ws_em0/install/moveit_servo/lib:/home/arsen/roarm_ws_em0/install/ros2web_interfaces/lib:/home/arsen/roarm_ws_em0/install/roarm_moveit_ikfast_plugins/lib:/opt/ros/humble/opt/rviz_ogre_vendor/lib:/opt/ros/humble/lib/x86_64-linux-gnu:/opt/ros/humble/lib /usr/bin/cmake --install /home/arsen/roarm_ws_em0/build/roarm_moveit_cmd
