[  1%] Built target ros2web_interfaces__cpp
[ 12%] Built target ros2web_interfaces__rosidl_generator_c
[ 12%] Built target ament_cmake_python_copy_ros2web_interfaces
[ 35%] Built target ros2web_interfaces__rosidl_typesupport_introspection_c
[ 35%] Built target ros2web_interfaces__rosidl_typesupport_cpp
[ 47%] Built target ros2web_interfaces__rosidl_typesupport_introspection_cpp
[ 58%] Built target ros2web_interfaces__rosidl_typesupport_fastrtps_cpp
[ 70%] Built target ros2web_interfaces__rosidl_typesupport_c
[ 81%] Built target ros2web_interfaces__rosidl_typesupport_fastrtps_c
[ 81%] Built target ros2web_interfaces
[ 82%] Built target ros2web_interfaces__py
[ 93%] Built target ros2web_interfaces__rosidl_generator_py
[ 95%] Built target ros2web_interfaces__rosidl_typesupport_c__pyext
[ 97%] Built target ros2web_interfaces__rosidl_typesupport_introspection_c__pyext
[100%] Built target ros2web_interfaces__rosidl_typesupport_fastrtps_c__pyext
running egg_info
writing ros2web_interfaces.egg-info/PKG-INFO
writing dependency_links to ros2web_interfaces.egg-info/dependency_links.txt
writing top-level names to ros2web_interfaces.egg-info/top_level.txt
reading manifest file 'ros2web_interfaces.egg-info/SOURCES.txt'
writing manifest file 'ros2web_interfaces.egg-info/SOURCES.txt'
[100%] Built target ament_cmake_python_build_ros2web_interfaces_egg
