[0.847s] Invoking command in '/home/arsen/roarm_ws_em0/src/roarm_else/ros2web-ros2/ros2web': CMAKE_PREFIX_PATH=/home/arsen/roarm_ws_em0/install/ros2web_interfaces:${CMAKE_PREFIX_PATH} LD_LIBRARY_PATH=/home/arsen/roarm_ws_em0/install/ros2web_interfaces/lib:/home/arsen/roarm_ws/install/ros2web_interfaces/lib:/home/arsen/roarm_ws/install/roarm_moveit_ikfast_plugins/lib:/home/arsen/roarm_ws/install/roarm_moveit/lib:/home/arsen/roarm_ws/install/moveit_servo/lib:/home/arsen/roarm_ws_em0/install/roarm_moveit_ikfast_plugins/lib:/home/arsen/roarm_ws_em0/install/roarm_moveit/lib:/home/arsen/roarm_ws_em0/install/moveit_servo/lib:/opt/ros/humble/opt/rviz_ogre_vendor/lib:/opt/ros/humble/lib/x86_64-linux-gnu:/opt/ros/humble/lib PYTHONPATH=/home/arsen/roarm_ws_em0/build/ros2web/prefix_override:/usr/lib/python3/dist-packages/colcon_core/task/python/colcon_distutils_commands:/home/arsen/roarm_ws_em0/install/ros2web/lib/python3.10/site-packages:${PYTHONPATH} /usr/bin/python3 -W ignore:setup.py install is deprecated -W ignore:easy_install command is deprecated setup.py egg_info --egg-base ../../../../build/ros2web build --build-base /home/arsen/roarm_ws_em0/build/ros2web/build install --record /home/arsen/roarm_ws_em0/build/ros2web/install.log --single-version-externally-managed install_data
[1.112s] running egg_info
[1.112s] writing ../../../../build/ros2web/ros2web.egg-info/PKG-INFO
[1.112s] writing dependency_links to ../../../../build/ros2web/ros2web.egg-info/dependency_links.txt
[1.112s] writing entry points to ../../../../build/ros2web/ros2web.egg-info/entry_points.txt
[1.113s] writing requirements to ../../../../build/ros2web/ros2web.egg-info/requires.txt
[1.113s] writing top-level names to ../../../../build/ros2web/ros2web.egg-info/top_level.txt
[1.115s] reading manifest file '../../../../build/ros2web/ros2web.egg-info/SOURCES.txt'
[1.115s] writing manifest file '../../../../build/ros2web/ros2web.egg-info/SOURCES.txt'
[1.115s] running build
[1.116s] running build_py
[1.117s] running install
[1.117s] running install_lib
[1.119s] running install_data
[1.119s] running install_egg_info
[1.120s] removing '/home/arsen/roarm_ws_em0/install/ros2web/lib/python3.10/site-packages/ros2web-0.0.1-py3.10.egg-info' (and everything under it)
[1.120s] Copying ../../../../build/ros2web/ros2web.egg-info to /home/arsen/roarm_ws_em0/install/ros2web/lib/python3.10/site-packages/ros2web-0.0.1-py3.10.egg-info
[1.121s] running install_scripts
[1.141s] writing list of installed files to '/home/arsen/roarm_ws_em0/build/ros2web/install.log'
[1.161s] Invoked command in '/home/arsen/roarm_ws_em0/src/roarm_else/ros2web-ros2/ros2web' returned '0': CMAKE_PREFIX_PATH=/home/arsen/roarm_ws_em0/install/ros2web_interfaces:${CMAKE_PREFIX_PATH} LD_LIBRARY_PATH=/home/arsen/roarm_ws_em0/install/ros2web_interfaces/lib:/home/arsen/roarm_ws/install/ros2web_interfaces/lib:/home/arsen/roarm_ws/install/roarm_moveit_ikfast_plugins/lib:/home/arsen/roarm_ws/install/roarm_moveit/lib:/home/arsen/roarm_ws/install/moveit_servo/lib:/home/arsen/roarm_ws_em0/install/roarm_moveit_ikfast_plugins/lib:/home/arsen/roarm_ws_em0/install/roarm_moveit/lib:/home/arsen/roarm_ws_em0/install/moveit_servo/lib:/opt/ros/humble/opt/rviz_ogre_vendor/lib:/opt/ros/humble/lib/x86_64-linux-gnu:/opt/ros/humble/lib PYTHONPATH=/home/arsen/roarm_ws_em0/build/ros2web/prefix_override:/usr/lib/python3/dist-packages/colcon_core/task/python/colcon_distutils_commands:/home/arsen/roarm_ws_em0/install/ros2web/lib/python3.10/site-packages:${PYTHONPATH} /usr/bin/python3 -W ignore:setup.py install is deprecated -W ignore:easy_install command is deprecated setup.py egg_info --egg-base ../../../../build/ros2web build --build-base /home/arsen/roarm_ws_em0/build/ros2web/build install --record /home/arsen/roarm_ws_em0/build/ros2web/install.log --single-version-externally-managed install_data
