[4.417s] Invoking command in '/home/arsen/roarm_ws_em0/src/roarm_else/ros2web-ros2/examples/ros2web_example_py': AMENT_PREFIX_PATH=/home/arsen/roarm_ws_em0/install/ros2web:/home/arsen/roarm_ws_em0/install/ros2web_widgets:/home/arsen/roarm_ws_em0/install/ros2web_example_py:/home/arsen/roarm_ws_em0/install/roarm_web_app:/home/arsen/roarm_ws_em0/install/ros2web_app:/home/arsen/roarm_ws_em0/install/ros2web_interfaces:/home/arsen/roarm_ws_em0/install/roarm_moveit_ikfast_plugins:/home/arsen/roarm_ws_em0/install/roarm_moveit_cmd:/home/arsen/roarm_ws_em0/install/roarm_moveit:/home/arsen/roarm_ws_em0/install/roarm_driver:/home/arsen/roarm_ws_em0/install/roarm_description:/home/arsen/roarm_ws_em0/install/moveit_servo:/home/arsen/roarm_ws_em0/install/launch_api:/home/arsen/ros2_ws/install/my_robot_controller:/opt/ros/humble PYTHONPATH=/home/arsen/roarm_ws_em0/build/ros2web_example_py/prefix_override:/usr/lib/python3/dist-packages/colcon_core/task/python/colcon_distutils_commands:/home/arsen/roarm_ws_em0/install/ros2web_example_py/lib/python3.10/site-packages:/home/arsen/roarm_ws_em0/install/ros2web/lib/python3.10/site-packages:/home/arsen/roarm_ws_em0/install/ros2web_widgets/lib/python3.10/site-packages:/home/arsen/roarm_ws_em0/install/ros2web_example_py/lib/python3.10/site-packages:/home/arsen/roarm_ws_em0/install/roarm_web_app/lib/python3.10/site-packages:/home/arsen/roarm_ws_em0/install/ros2web_app/lib/python3.10/site-packages:/home/arsen/roarm_ws_em0/install/ros2web_interfaces/local/lib/python3.10/dist-packages:/home/arsen/roarm_ws_em0/install/roarm_moveit/local/lib/python3.10/dist-packages:/home/arsen/roarm_ws_em0/install/roarm_driver/lib/python3.10/site-packages:/home/arsen/roarm_ws_em0/install/launch_api/lib/python3.10/site-packages:/home/arsen/ros2_ws/build/my_robot_controller:/home/arsen/ros2_ws/install/my_robot_controller/lib/python3.10/site-packages:/opt/ros/humble/lib/python3.10/site-packages:/opt/ros/humble/local/lib/python3.10/dist-packages /usr/bin/python3 -W ignore:setup.py install is deprecated -W ignore:easy_install command is deprecated setup.py egg_info --egg-base ../../../../../build/ros2web_example_py build --build-base /home/arsen/roarm_ws_em0/build/ros2web_example_py/build install --record /home/arsen/roarm_ws_em0/build/ros2web_example_py/install.log --single-version-externally-managed install_data
[4.895s] running egg_info
[4.896s] writing ../../../../../build/ros2web_example_py/ros2web_example_py.egg-info/PKG-INFO
[4.896s] writing dependency_links to ../../../../../build/ros2web_example_py/ros2web_example_py.egg-info/dependency_links.txt
[4.896s] writing entry points to ../../../../../build/ros2web_example_py/ros2web_example_py.egg-info/entry_points.txt
[4.896s] writing requirements to ../../../../../build/ros2web_example_py/ros2web_example_py.egg-info/requires.txt
[4.896s] writing top-level names to ../../../../../build/ros2web_example_py/ros2web_example_py.egg-info/top_level.txt
[4.898s] reading manifest file '../../../../../build/ros2web_example_py/ros2web_example_py.egg-info/SOURCES.txt'
[4.899s] writing manifest file '../../../../../build/ros2web_example_py/ros2web_example_py.egg-info/SOURCES.txt'
[4.899s] running build
[4.899s] running build_py
[4.900s] running install
[4.900s] running install_lib
[4.901s] running install_data
[4.902s] running install_egg_info
[4.903s] removing '/home/arsen/roarm_ws_em0/install/ros2web_example_py/lib/python3.10/site-packages/ros2web_example_py-0.0.0-py3.10.egg-info' (and everything under it)
[4.904s] Copying ../../../../../build/ros2web_example_py/ros2web_example_py.egg-info to /home/arsen/roarm_ws_em0/install/ros2web_example_py/lib/python3.10/site-packages/ros2web_example_py-0.0.0-py3.10.egg-info
[4.904s] running install_scripts
[4.924s] Installing api script to /home/arsen/roarm_ws_em0/install/ros2web_example_py/lib/ros2web_example_py
[4.924s] Installing form script to /home/arsen/roarm_ws_em0/install/ros2web_example_py/lib/ros2web_example_py
[4.924s] writing list of installed files to '/home/arsen/roarm_ws_em0/build/ros2web_example_py/install.log'
[4.971s] Invoked command in '/home/arsen/roarm_ws_em0/src/roarm_else/ros2web-ros2/examples/ros2web_example_py' returned '0': AMENT_PREFIX_PATH=/home/arsen/roarm_ws_em0/install/ros2web:/home/arsen/roarm_ws_em0/install/ros2web_widgets:/home/arsen/roarm_ws_em0/install/ros2web_example_py:/home/arsen/roarm_ws_em0/install/roarm_web_app:/home/arsen/roarm_ws_em0/install/ros2web_app:/home/arsen/roarm_ws_em0/install/ros2web_interfaces:/home/arsen/roarm_ws_em0/install/roarm_moveit_ikfast_plugins:/home/arsen/roarm_ws_em0/install/roarm_moveit_cmd:/home/arsen/roarm_ws_em0/install/roarm_moveit:/home/arsen/roarm_ws_em0/install/roarm_driver:/home/arsen/roarm_ws_em0/install/roarm_description:/home/arsen/roarm_ws_em0/install/moveit_servo:/home/arsen/roarm_ws_em0/install/launch_api:/home/arsen/ros2_ws/install/my_robot_controller:/opt/ros/humble PYTHONPATH=/home/arsen/roarm_ws_em0/build/ros2web_example_py/prefix_override:/usr/lib/python3/dist-packages/colcon_core/task/python/colcon_distutils_commands:/home/arsen/roarm_ws_em0/install/ros2web_example_py/lib/python3.10/site-packages:/home/arsen/roarm_ws_em0/install/ros2web/lib/python3.10/site-packages:/home/arsen/roarm_ws_em0/install/ros2web_widgets/lib/python3.10/site-packages:/home/arsen/roarm_ws_em0/install/ros2web_example_py/lib/python3.10/site-packages:/home/arsen/roarm_ws_em0/install/roarm_web_app/lib/python3.10/site-packages:/home/arsen/roarm_ws_em0/install/ros2web_app/lib/python3.10/site-packages:/home/arsen/roarm_ws_em0/install/ros2web_interfaces/local/lib/python3.10/dist-packages:/home/arsen/roarm_ws_em0/install/roarm_moveit/local/lib/python3.10/dist-packages:/home/arsen/roarm_ws_em0/install/roarm_driver/lib/python3.10/site-packages:/home/arsen/roarm_ws_em0/install/launch_api/lib/python3.10/site-packages:/home/arsen/ros2_ws/build/my_robot_controller:/home/arsen/ros2_ws/install/my_robot_controller/lib/python3.10/site-packages:/opt/ros/humble/lib/python3.10/site-packages:/opt/ros/humble/local/lib/python3.10/dist-packages /usr/bin/python3 -W ignore:setup.py install is deprecated -W ignore:easy_install command is deprecated setup.py egg_info --egg-base ../../../../../build/ros2web_example_py build --build-base /home/arsen/roarm_ws_em0/build/ros2web_example_py/build install --record /home/arsen/roarm_ws_em0/build/ros2web_example_py/install.log --single-version-externally-managed install_data
